1 1 0.499700
1 2 0.248000
1 3 0.377800
1 4 0.309800
1 5 0.343500
1 6 0.329500
1 7 0.340000
1 8 0.331500
1 9 0.331900
1 10 0.336800
1 11 0.333700
1 12 0.333000
1 13 0.339600
1 14 0.332700
1 15 0.335400
1 16 0.338200
1 17 0.326400
1 18 0.339700
1 19 0.327000
1 20 0.341100
2 1 0.494500
2 2 0.060300
2 3 0.192600
2 4 0.152800
2 5 0.172600
2 6 0.166800
2 7 0.169800
2 8 0.166200
2 9 0.169300
2 10 0.167700
2 11 0.170100
2 12 0.162700
2 13 0.172100
2 14 0.170300
2 15 0.163800
2 16 0.169300
2 17 0.164100
2 18 0.170200
2 19 0.164600
2 20 0.341100
3 1 0.490000
3 2 0.031600
3 3 0.192600
3 4 0.152800
3 5 0.172600
3 6 0.166800
3 7 0.169800
3 8 0.166200
3 9 0.169300
3 10 0.167700
3 11 0.170100
3 12 0.162700
3 13 0.172100
3 14 0.170300
3 15 0.163800
3 16 0.169300
3 17 0.164100
3 18 0.170200
3 19 0.164600
3 20 0.341100
4 1 0.494800
4 2 0.016300
4 3 0.192600
4 4 0.152800
4 5 0.172600
4 6 0.166800
4 7 0.169800
4 8 0.166200
4 9 0.169300
4 10 0.167700
4 11 0.170100
4 12 0.162700
4 13 0.172100
4 14 0.170300
4 15 0.163800
4 16 0.169300
4 17 0.164100
4 18 0.170200
4 19 0.164600
4 20 0.341100
5 1 0.500000
5 2 0.008300
5 3 0.192600
5 4 0.152800
5 5 0.172600
5 6 0.166800
5 7 0.169800
5 8 0.166200
5 9 0.169300
5 10 0.167700
5 11 0.170100
5 12 0.162700
5 13 0.172100
5 14 0.170300
5 15 0.163800
5 16 0.169300
5 17 0.164100
5 18 0.170200
5 19 0.164600
5 20 0.341100
6 1 0.493500
6 2 0.004000
6 3 0.192600
6 4 0.152800
6 5 0.172600
6 6 0.166800
6 7 0.169800
6 8 0.166200
6 9 0.169300
6 10 0.167700
6 11 0.170100
6 12 0.162700
6 13 0.172100
6 14 0.170300
6 15 0.163800
6 16 0.169300
6 17 0.164100
6 18 0.170200
6 19 0.164600
6 20 0.341100
7 1 0.503600
7 2 0.001700
7 3 0.192600
7 4 0.152800
7 5 0.172600
7 6 0.166800
7 7 0.169800
7 8 0.166200
7 9 0.169300
7 10 0.167700
7 11 0.170100
7 12 0.162700
7 13 0.172100
7 14 0.170300
7 15 0.163800
7 16 0.169300
7 17 0.164100
7 18 0.170200
7 19 0.164600
7 20 0.341100
8 1 0.495400
8 2 0.000800
8 3 0.192600
8 4 0.152800
8 5 0.172600
8 6 0.166800
8 7 0.169800
8 8 0.166200
8 9 0.169300
8 10 0.167700
8 11 0.170100
8 12 0.162700
8 13 0.172100
8 14 0.170300
8 15 0.163800
8 16 0.169300
8 17 0.164100
8 18 0.170200
8 19 0.164600
8 20 0.341100
9 1 0.504300
9 2 0.000500
9 3 0.192600
9 4 0.152800
9 5 0.172600
9 6 0.166800
9 7 0.169800
9 8 0.166200
9 9 0.169300
9 10 0.167700
9 11 0.170100
9 12 0.162700
9 13 0.172100
9 14 0.170300
9 15 0.163800
9 16 0.169300
9 17 0.164100
9 18 0.170200
9 19 0.164600
9 20 0.341100
10 1 0.510300
10 2 0.000400
10 3 0.192600
10 4 0.152800
10 5 0.172600
10 6 0.166800
10 7 0.169800
10 8 0.166200
10 9 0.169300
10 10 0.167700
10 11 0.170100
10 12 0.162700
10 13 0.172100
10 14 0.170300
10 15 0.163800
10 16 0.169300
10 17 0.164100
10 18 0.170200
10 19 0.164600
10 20 0.341100
11 1 0.502300
11 2 0.000300
11 3 0.192600
11 4 0.152800
11 5 0.172600
11 6 0.166800
11 7 0.169800
11 8 0.166200
11 9 0.169300
11 10 0.167700
11 11 0.170100
11 12 0.162700
11 13 0.172100
11 14 0.170300
11 15 0.163800
11 16 0.169300
11 17 0.164100
11 18 0.170200
11 19 0.164600
11 20 0.341100
12 1 0.499100
12 2 0.000100
12 3 0.192600
12 4 0.152800
12 5 0.172600
12 6 0.166800
12 7 0.169800
12 8 0.166200
12 9 0.169300
12 10 0.167700
12 11 0.170100
12 12 0.162700
12 13 0.172100
12 14 0.170300
12 15 0.163800
12 16 0.169300
12 17 0.164100
12 18 0.170200
12 19 0.164600
12 20 0.341100
13 1 0.503300
13 2 0.000100
13 3 0.192600
13 4 0.152800
13 5 0.172600
13 6 0.166800
13 7 0.169800
13 8 0.166200
13 9 0.169300
13 10 0.167700
13 11 0.170100
13 12 0.162700
13 13 0.172100
13 14 0.170300
13 15 0.163800
13 16 0.169300
13 17 0.164100
13 18 0.170200
13 19 0.164600
13 20 0.341100
14 1 0.499000
14 2 0.000000
14 3 0.192600
14 4 0.152800
14 5 0.172600
14 6 0.166800
14 7 0.169800
14 8 0.166200
14 9 0.169300
14 10 0.167700
14 11 0.170100
14 12 0.162700
14 13 0.172100
14 14 0.170300
14 15 0.163800
14 16 0.169300
14 17 0.164100
14 18 0.170200
14 19 0.164600
14 20 0.341100
15 1 0.509900
15 2 0.000000
15 3 0.192600
15 4 0.152800
15 5 0.172600
15 6 0.166800
15 7 0.169800
15 8 0.166200
15 9 0.169300
15 10 0.167700
15 11 0.170100
15 12 0.162700
15 13 0.172100
15 14 0.170300
15 15 0.163800
15 16 0.169300
15 17 0.164100
15 18 0.170200
15 19 0.164600
15 20 0.341100
16 1 0.501300
16 2 0.000000
16 3 0.192600
16 4 0.152800
16 5 0.172600
16 6 0.166800
16 7 0.169800
16 8 0.166200
16 9 0.169300
16 10 0.167700
16 11 0.170100
16 12 0.162700
16 13 0.172100
16 14 0.170300
16 15 0.163800
16 16 0.169300
16 17 0.164100
16 18 0.170200
16 19 0.164600
16 20 0.341100
17 1 0.496700
17 2 0.000000
17 3 0.192600
17 4 0.152800
17 5 0.172600
17 6 0.166800
17 7 0.169800
17 8 0.166200
17 9 0.169300
17 10 0.167700
17 11 0.170100
17 12 0.162700
17 13 0.172100
17 14 0.170300
17 15 0.163800
17 16 0.169300
17 17 0.164100
17 18 0.170200
17 19 0.164600
17 20 0.341100
18 1 0.502000
18 2 0.000000
18 3 0.192600
18 4 0.152800
18 5 0.172600
18 6 0.166800
18 7 0.169800
18 8 0.166200
18 9 0.169300
18 10 0.167700
18 11 0.170100
18 12 0.162700
18 13 0.172100
18 14 0.170300
18 15 0.163800
18 16 0.169300
18 17 0.164100
18 18 0.170200
18 19 0.164600
18 20 0.341100
19 1 0.504800
19 2 0.000000
19 3 0.192600
19 4 0.152800
19 5 0.172600
19 6 0.166800
19 7 0.169800
19 8 0.166200
19 9 0.169300
19 10 0.167700
19 11 0.170100
19 12 0.162700
19 13 0.172100
19 14 0.170300
19 15 0.163800
19 16 0.169300
19 17 0.164100
19 18 0.170200
19 19 0.164600
19 20 0.341100
20 1 0.500800
20 2 0.000000
20 3 0.192600
20 4 0.152800
20 5 0.172600
20 6 0.166800
20 7 0.169800
20 8 0.166200
20 9 0.169300
20 10 0.167700
20 11 0.170100
20 12 0.162700
20 13 0.172100
20 14 0.170300
20 15 0.163800
20 16 0.169300
20 17 0.164100
20 18 0.170200
20 19 0.164600
20 20 0.341100
