1 1 0.499040
1 2 0.248650
1 3 0.374710
1 4 0.311330
1 5 0.341500
1 6 0.327880
1 7 0.337370
1 8 0.332300
1 9 0.333230
1 10 0.332110
1 11 0.333840
1 12 0.333900
1 13 0.331920
1 14 0.333380
1 15 0.332860
1 16 0.331120
1 17 0.334860
1 18 0.331520
1 19 0.336230
1 20 0.328750
1 21 0.335980
1 22 0.331310
1 23 0.334720
1 24 0.332140
1 25 0.334480
1 26 0.332980
1 27 0.333200
1 28 0.335550
1 29 0.330720
1 30 0.332480
1 31 0.335120
1 32 0.333330
1 33 0.335010
1 34 0.329870
1 35 0.333830
1 36 0.333890
1 37 0.333470
1 38 0.332520
1 39 0.333160
1 40 0.333270
1 41 0.335360
1 42 0.333850
1 43 0.335190
1 44 0.331810
1 45 0.335980
1 46 0.331290
1 47 0.333560
1 48 0.332910
1 49 0.335370
1 50 0.332590
1 51 0.334470
1 52 0.333010
1 53 0.332550
1 54 0.331720
1 55 0.333820
1 56 0.331710
1 57 0.333780
1 58 0.331990
1 59 0.334910
1 60 0.332260
1 61 0.334330
1 62 0.334740
1 63 0.331860
1 64 0.332950
1 65 0.334500
1 66 0.332080
1 67 0.333810
1 68 0.332440
1 69 0.335160
1 70 0.331380
1 71 0.336490
1 72 0.331930
1 73 0.334050
1 74 0.332580
1 75 0.331600
1 76 0.334160
1 77 0.332130
1 78 0.333970
1 79 0.332310
1 80 0.333600
1 81 0.334310
1 82 0.331360
1 83 0.334440
1 84 0.329500
1 85 0.335380
1 86 0.333890
1 87 0.331450
1 88 0.336320
1 89 0.332610
1 90 0.334300
1 91 0.331810
1 92 0.333170
1 93 0.331540
1 94 0.334850
1 95 0.332760
1 96 0.332470
1 97 0.334370
1 98 0.332410
1 99 0.333670
1 100 0.333570
1 101 0.330280
1 102 0.334910
1 103 0.332700
1 104 0.335320
1 105 0.334420
1 106 0.332870
1 107 0.333200
1 108 0.332640
1 109 0.331660
1 110 0.333070
1 111 0.335640
1 112 0.331420
1 113 0.335470
1 114 0.329780
1 115 0.336270
1 116 0.333520
1 117 0.334840
1 118 0.333080
1 119 0.334790
1 120 0.333760
1 121 0.332740
1 122 0.333830
1 123 0.333320
1 124 0.333750
1 125 0.334270
1 126 0.333330
1 127 0.333380
1 128 0.332070
1 129 0.335830
1 130 0.330440
1 131 0.333650
1 132 0.333050
1 133 0.336000
1 134 0.330240
1 135 0.332120
1 136 0.333130
1 137 0.332610
1 138 0.333240
1 139 0.330990
1 140 0.332570
1 141 0.332230
1 142 0.335570
1 143 0.331570
1 144 0.337270
1 145 0.331930
1 146 0.332460
1 147 0.332120
1 148 0.332850
1 149 0.334520
1 150 0.330940
1 151 0.333840
1 152 0.333730
1 153 0.332090
1 154 0.332700
1 155 0.334900
1 156 0.331140
1 157 0.333360
1 158 0.333760
1 159 0.332010
1 160 0.336660
1 161 0.334050
1 162 0.333990
1 163 0.332840
1 164 0.334500
1 165 0.334150
1 166 0.332620
1 167 0.331310
1 168 0.336660
1 169 0.333870
1 170 0.334140
1 171 0.330920
1 172 0.331400
1 173 0.334430
1 174 0.334790
1 175 0.329980
1 176 0.336540
1 177 0.332920
1 178 0.335350
1 179 0.330550
1 180 0.333500
1 181 0.332370
1 182 0.333870
1 183 0.332860
1 184 0.334360
1 185 0.332150
1 186 0.334640
1 187 0.333570
1 188 0.332120
1 189 0.335340
1 190 0.333520
1 191 0.334990
1 192 0.333060
1 193 0.330990
1 194 0.333490
1 195 0.331630
1 196 0.335520
1 197 0.332820
1 198 0.332170
1 199 0.336940
1 200 0.331490
1 201 0.332320
1 202 0.333270
1 203 0.331660
1 204 0.334440
1 205 0.333660
1 206 0.331840
1 207 0.333330
1 208 0.333360
1 209 0.333280
1 210 0.333670
1 211 0.329880
1 212 0.334200
1 213 0.330740
1 214 0.336690
1 215 0.329650
1 216 0.336860
1 217 0.332630
1 218 0.335640
1 219 0.332140
1 220 0.332700
1 221 0.332750
1 222 0.335140
1 223 0.333350
1 224 0.334380
1 225 0.330920
1 226 0.336690
1 227 0.331090
1 228 0.333810
1 229 0.330490
1 230 0.334230
1 231 0.332430
1 232 0.335060
1 233 0.332410
1 234 0.334070
1 235 0.333570
1 236 0.330850
1 237 0.335060
1 238 0.330980
1 239 0.333500
1 240 0.335040
1 241 0.331240
1 242 0.332600
1 243 0.335370
1 244 0.332450
1 245 0.332840
1 246 0.332860
1 247 0.333750
1 248 0.334890
1 249 0.331040
1 250 0.336620
1 251 0.332050
1 252 0.333120
1 253 0.334060
1 254 0.334920
1 255 0.333870
1 256 0.332600
1 257 0.334120
1 258 0.331000
1 259 0.333160
1 260 0.333540
1 261 0.334190
1 262 0.333490
1 263 0.333820
1 264 0.332350
1 265 0.333650
1 266 0.334600
1 267 0.332700
1 268 0.334550
1 269 0.333400
1 270 0.336360
1 271 0.331940
1 272 0.334920
1 273 0.335130
1 274 0.331840
1 275 0.333830
1 276 0.332390
1 277 0.333350
1 278 0.334100
1 279 0.334790
1 280 0.332790
1 281 0.333310
1 282 0.333070
1 283 0.332840
1 284 0.332440
1 285 0.333040
1 286 0.332880
1 287 0.333040
1 288 0.336340
1 289 0.331670
1 290 0.333140
1 291 0.334790
1 292 0.333140
1 293 0.333830
1 294 0.335060
1 295 0.330860
1 296 0.333060
1 297 0.333660
1 298 0.331890
1 299 0.334820
1 300 0.331310
1 301 0.333690
1 302 0.332320
1 303 0.333980
1 304 0.332200
1 305 0.332960
1 306 0.337050
1 307 0.329850
1 308 0.334940
1 309 0.332730
1 310 0.331380
1 311 0.334790
1 312 0.330850
1 313 0.334380
1 314 0.333300
1 315 0.330850
1 316 0.333280
1 317 0.334500
1 318 0.333310
1 319 0.332540
1 320 0.334060
1 321 0.335040
1 322 0.331600
1 323 0.334640
1 324 0.333620
1 325 0.332040
1 326 0.333980
1 327 0.333650
1 328 0.333870
1 329 0.334590
1 330 0.333520
1 331 0.331830
1 332 0.333410
1 333 0.336360
1 334 0.332360
1 335 0.332710
1 336 0.335750
1 337 0.331660
1 338 0.334300
1 339 0.333740
1 340 0.331420
1 341 0.333390
1 342 0.332370
1 343 0.330070
1 344 0.335060
1 345 0.331410
1 346 0.335020
1 347 0.333020
1 348 0.334320
1 349 0.331500
1 350 0.333400
1 351 0.333630
1 352 0.333190
1 353 0.331020
1 354 0.331710
1 355 0.336650
1 356 0.331310
1 357 0.331760
1 358 0.334280
1 359 0.333030
1 360 0.333720
1 361 0.331830
1 362 0.334750
1 363 0.334110
1 364 0.333780
1 365 0.334100
1 366 0.334710
1 367 0.331110
1 368 0.333830
1 369 0.332950
1 370 0.334740
1 371 0.332360
1 372 0.333480
1 373 0.332250
1 374 0.331750
1 375 0.333550
1 376 0.334440
1 377 0.332570
1 378 0.336060
1 379 0.333200
1 380 0.334690
1 381 0.332290
1 382 0.332780
1 383 0.332950
1 384 0.334800
1 385 0.331470
1 386 0.335270
1 387 0.333050
1 388 0.332040
1 389 0.333880
1 390 0.332600
1 391 0.335970
1 392 0.331760
1 393 0.333130
1 394 0.334980
1 395 0.330350
1 396 0.334230
1 397 0.331840
1 398 0.334180
1 399 0.332940
1 400 0.331690
1 401 0.334040
1 402 0.329950
1 403 0.337410
1 404 0.330760
1 405 0.333630
1 406 0.333540
1 407 0.332050
1 408 0.334300
1 409 0.335450
1 410 0.332690
1 411 0.333710
1 412 0.333310
1 413 0.331980
1 414 0.331610
1 415 0.337560
1 416 0.330920
1 417 0.334390
1 418 0.334400
1 419 0.333720
1 420 0.333370
1 421 0.331680
1 422 0.332060
1 423 0.333100
1 424 0.333950
1 425 0.333530
1 426 0.334730
1 427 0.333260
1 428 0.335110
1 429 0.332380
1 430 0.334860
1 431 0.331270
1 432 0.333920
1 433 0.331630
1 434 0.331380
1 435 0.335560
1 436 0.333950
1 437 0.333400
1 438 0.331320
1 439 0.335280
1 440 0.332990
1 441 0.331220
1 442 0.334540
1 443 0.335190
1 444 0.331390
1 445 0.332150
1 446 0.335290
1 447 0.331790
1 448 0.334950
1 449 0.329280
1 450 0.334600
1 451 0.329240
1 452 0.335940
1 453 0.335170
1 454 0.332610
1 455 0.333120
1 456 0.332480
1 457 0.334640
1 458 0.332940
1 459 0.334200
1 460 0.332140
1 461 0.334300
1 462 0.334190
1 463 0.333000
1 464 0.333450
1 465 0.331360
1 466 0.334650
1 467 0.333940
1 468 0.334180
1 469 0.331860
1 470 0.333770
1 471 0.333120
1 472 0.334340
1 473 0.333530
1 474 0.333890
1 475 0.332360
1 476 0.334030
1 477 0.331340
1 478 0.334710
1 479 0.331560
1 480 0.337250
1 481 0.331100
1 482 0.334600
1 483 0.332310
1 484 0.333380
1 485 0.335820
1 486 0.331220
1 487 0.333170
1 488 0.333180
1 489 0.333010
1 490 0.332640
1 491 0.334560
1 492 0.330960
1 493 0.335270
1 494 0.335660
1 495 0.330110
1 496 0.334660
1 497 0.332250
1 498 0.334750
1 499 0.331270
1 500 0.334870
1 501 0.331730
1 502 0.333970
1 503 0.333410
1 504 0.334170
1 505 0.334160
1 506 0.331430
1 507 0.336510
1 508 0.331550
1 509 0.335540
1 510 0.331460
1 511 0.333910
1 512 0.337110
1 513 0.330370
1 514 0.333440
1 515 0.334600
1 516 0.330920
1 517 0.334850
1 518 0.333690
1 519 0.333240
1 520 0.333850
1 521 0.333860
1 522 0.333420
1 523 0.332290
1 524 0.332630
1 525 0.333150
1 526 0.334100
1 527 0.335040
1 528 0.332660
1 529 0.335270
1 530 0.333820
1 531 0.333530
1 532 0.333170
1 533 0.333670
1 534 0.331960
1 535 0.330610
1 536 0.335690
1 537 0.333150
1 538 0.333330
1 539 0.333760
1 540 0.331740
1 541 0.334470
1 542 0.332900
1 543 0.334570
1 544 0.333800
1 545 0.332300
1 546 0.332050
1 547 0.336140
1 548 0.333530
1 549 0.333480
1 550 0.334220
1 551 0.332930
1 552 0.335210
1 553 0.331730
1 554 0.335040
1 555 0.333570
1 556 0.336020
1 557 0.330500
1 558 0.334540
1 559 0.333340
1 560 0.335120
1 561 0.332010
1 562 0.335350
1 563 0.333060
1 564 0.333860
1 565 0.333890
1 566 0.335670
1 567 0.329400
1 568 0.336450
1 569 0.332700
1 570 0.331060
1 571 0.334260
1 572 0.334600
1 573 0.332640
1 574 0.331930
1 575 0.336030
1 576 0.330590
1 577 0.333570
1 578 0.332560
1 579 0.334790
1 580 0.333320
1 581 0.334130
1 582 0.335040
1 583 0.330820
1 584 0.334890
1 585 0.329930
1 586 0.335590
1 587 0.330960
1 588 0.335150
1 589 0.335090
1 590 0.334360
1 591 0.333110
1 592 0.333390
1 593 0.333800
1 594 0.334970
1 595 0.331350
1 596 0.335570
1 597 0.330770
1 598 0.333920
1 599 0.332530
1 600 0.333950
1 601 0.329910
1 602 0.333680
1 603 0.333080
1 604 0.333880
1 605 0.331530
1 606 0.336110
1 607 0.333260
1 608 0.333800
1 609 0.331400
1 610 0.333690
1 611 0.333600
1 612 0.334730
1 613 0.330990
1 614 0.338340
1 615 0.330540
1 616 0.336400
1 617 0.332750
1 618 0.334280
1 619 0.331070
1 620 0.333590
1 621 0.330800
1 622 0.334730
1 623 0.331380
1 624 0.336880
1 625 0.331820
1 626 0.335140
1 627 0.333150
1 628 0.331640
1 629 0.334040
1 630 0.331430
1 631 0.333360
1 632 0.331530
1 633 0.335050
1 634 0.332490
1 635 0.333940
1 636 0.332740
1 637 0.333340
1 638 0.331350
1 639 0.335240
1 640 0.333690
1 641 0.334150
1 642 0.332000
1 643 0.333460
1 644 0.333260
1 645 0.336080
1 646 0.332680
1 647 0.335520
1 648 0.335580
1 649 0.331740
1 650 0.332890
1 651 0.333540
1 652 0.333260
1 653 0.331870
1 654 0.333280
1 655 0.330970
1 656 0.333260
1 657 0.332670
1 658 0.334550
1 659 0.332430
1 660 0.333160
1 661 0.332010
1 662 0.333770
1 663 0.333630
1 664 0.331960
1 665 0.335680
1 666 0.333350
1 667 0.332790
1 668 0.332590
1 669 0.334520
1 670 0.332030
1 671 0.333420
1 672 0.332030
1 673 0.333070
1 674 0.333220
1 675 0.332260
1 676 0.335800
1 677 0.335160
1 678 0.332290
1 679 0.334670
1 680 0.335100
1 681 0.332810
1 682 0.334410
1 683 0.331940
1 684 0.332620
1 685 0.333660
1 686 0.334110
1 687 0.331020
1 688 0.333240
1 689 0.332920
1 690 0.333380
1 691 0.333130
1 692 0.334120
1 693 0.332540
1 694 0.332960
1 695 0.332390
1 696 0.334700
1 697 0.332310
1 698 0.332760
1 699 0.334310
1 700 0.332060
1 701 0.332640
1 702 0.332720
1 703 0.332760
1 704 0.332750
1 705 0.334570
1 706 0.332840
1 707 0.332050
1 708 0.334710
1 709 0.334030
1 710 0.333200
1 711 0.331960
1 712 0.334260
1 713 0.334240
1 714 0.332360
1 715 0.332460
1 716 0.332860
1 717 0.332790
1 718 0.334320
1 719 0.331300
1 720 0.334830
1 721 0.334750
1 722 0.332240
1 723 0.333240
1 724 0.332020
1 725 0.333840
1 726 0.334770
1 727 0.330910
1 728 0.335830
1 729 0.330040
1 730 0.331890
1 731 0.335300
1 732 0.331160
1 733 0.331720
1 734 0.333780
1 735 0.333980
1 736 0.334530
1 737 0.330830
1 738 0.335890
1 739 0.333420
1 740 0.332220
1 741 0.334410
1 742 0.333910
1 743 0.333350
1 744 0.333090
1 745 0.333680
1 746 0.334450
1 747 0.332950
1 748 0.333930
1 749 0.334440
1 750 0.332920
1 751 0.331940
1 752 0.332110
1 753 0.331850
1 754 0.333370
1 755 0.334610
1 756 0.330720
1 757 0.336690
1 758 0.332330
1 759 0.335180
1 760 0.332110
1 761 0.333530
1 762 0.331540
1 763 0.333740
1 764 0.333300
1 765 0.333210
1 766 0.331350
1 767 0.335640
1 768 0.331500
1 769 0.336050
1 770 0.332230
1 771 0.334040
1 772 0.330720
1 773 0.332870
1 774 0.333640
1 775 0.333870
1 776 0.333390
1 777 0.332480
1 778 0.333340
1 779 0.334010
1 780 0.335010
1 781 0.332390
1 782 0.334280
1 783 0.331490
1 784 0.333490
1 785 0.332220
1 786 0.333970
1 787 0.331830
1 788 0.333470
1 789 0.335510
1 790 0.329280
1 791 0.335420
1 792 0.333880
1 793 0.333770
1 794 0.334220
1 795 0.334230
1 796 0.334740
1 797 0.332510
1 798 0.332550
1 799 0.332850
1 800 0.334360
1 801 0.332630
1 802 0.333390
1 803 0.333300
1 804 0.334690
1 805 0.332910
1 806 0.333810
1 807 0.334770
1 808 0.332610
1 809 0.335700
1 810 0.331590
1 811 0.336890
1 812 0.332720
1 813 0.335940
1 814 0.333670
1 815 0.335130
1 816 0.334180
1 817 0.333320
1 818 0.331950
1 819 0.333970
1 820 0.332640
1 821 0.331470
1 822 0.333660
1 823 0.333990
1 824 0.334590
1 825 0.335320
1 826 0.332700
1 827 0.332360
1 828 0.333950
1 829 0.331640
1 830 0.334390
1 831 0.334120
1 832 0.332670
1 833 0.334270
1 834 0.335980
1 835 0.331070
1 836 0.334390
1 837 0.331400
1 838 0.333060
1 839 0.332980
1 840 0.334170
1 841 0.332830
1 842 0.332200
1 843 0.333950
1 844 0.333250
1 845 0.333260
1 846 0.333150
1 847 0.334710
1 848 0.332660
1 849 0.334520
1 850 0.332860
1 851 0.332530
1 852 0.335210
1 853 0.332440
1 854 0.334290
1 855 0.330880
1 856 0.333630
1 857 0.333670
1 858 0.332520
1 859 0.333340
1 860 0.330930
1 861 0.334600
1 862 0.334470
1 863 0.332840
1 864 0.332440
1 865 0.332230
1 866 0.334090
1 867 0.333360
1 868 0.334050
1 869 0.332600
1 870 0.334210
1 871 0.333470
1 872 0.334910
1 873 0.331870
1 874 0.333330
1 875 0.334540
1 876 0.332680
1 877 0.335770
1 878 0.333540
1 879 0.335910
1 880 0.332190
1 881 0.333500
1 882 0.332990
1 883 0.334280
1 884 0.332670
1 885 0.331440
1 886 0.332740
1 887 0.331320
1 888 0.334470
1 889 0.331970
1 890 0.334980
1 891 0.334360
1 892 0.331710
1 893 0.332730
1 894 0.331830
1 895 0.333810
1 896 0.334470
1 897 0.334840
1 898 0.333410
1 899 0.332960
1 900 0.332900
1 901 0.333830
1 902 0.333790
1 903 0.331410
1 904 0.332920
1 905 0.333800
1 906 0.332780
1 907 0.332830
1 908 0.333380
1 909 0.333250
1 910 0.330640
1 911 0.334890
1 912 0.333130
1 913 0.332950
1 914 0.333130
1 915 0.335440
1 916 0.332870
1 917 0.333640
1 918 0.333220
1 919 0.332620
1 920 0.333070
1 921 0.333850
1 922 0.331060
1 923 0.333120
1 924 0.333050
1 925 0.333800
1 926 0.333190
1 927 0.333300
1 928 0.332290
1 929 0.333230
1 930 0.333050
1 931 0.331950
1 932 0.334280
1 933 0.333610
1 934 0.332600
1 935 0.333920
1 936 0.333130
1 937 0.332070
1 938 0.334270
1 939 0.332110
1 940 0.334620
1 941 0.333030
1 942 0.332680
1 943 0.333530
1 944 0.333450
1 945 0.331120
1 946 0.334460
1 947 0.333020
1 948 0.334400
1 949 0.335390
1 950 0.333540
1 951 0.334420
1 952 0.333870
1 953 0.333130
1 954 0.333890
1 955 0.334400
1 956 0.332210
1 957 0.334050
1 958 0.332950
1 959 0.334640
1 960 0.333370
1 961 0.331380
1 962 0.331490
1 963 0.334550
1 964 0.332190
1 965 0.335140
1 966 0.334600
1 967 0.330810
1 968 0.334640
1 969 0.332820
1 970 0.332720
1 971 0.334740
1 972 0.332640
1 973 0.333580
1 974 0.335250
1 975 0.333920
1 976 0.332910
1 977 0.333680
1 978 0.332210
1 979 0.334230
1 980 0.332590
1 981 0.332720
1 982 0.334050
1 983 0.331290
1 984 0.333140
1 985 0.331870
1 986 0.334430
1 987 0.331550
1 988 0.335190
1 989 0.332420
1 990 0.334000
1 991 0.332530
1 992 0.334330
1 993 0.335320
1 994 0.333350
1 995 0.333500
1 996 0.333740
1 997 0.331950
1 998 0.334420
1 999 0.334280
1 1000 0.333460
2 1 0.498050
2 2 0.061740
2 3 0.186700
2 4 0.156660
2 5 0.169570
2 6 0.163530
2 7 0.169100
2 8 0.166050
2 9 0.165800
2 10 0.165750
2 11 0.168030
2 12 0.166370
2 13 0.167440
2 14 0.167320
2 15 0.166020
2 16 0.167370
2 17 0.165870
2 18 0.165320
2 19 0.167460
2 20 0.165090
2 21 0.169610
2 22 0.164970
2 23 0.169130
2 24 0.166110
2 25 0.168660
2 26 0.166610
2 27 0.166490
2 28 0.167480
2 29 0.164760
2 30 0.167840
2 31 0.167040
2 32 0.167330
2 33 0.168360
2 34 0.166060
2 35 0.166350
2 36 0.167790
2 37 0.167620
2 38 0.166270
2 39 0.166630
2 40 0.166380
2 41 0.167360
2 42 0.166590
2 43 0.166330
2 44 0.167230
2 45 0.166630
2 46 0.166780
2 47 0.166910
2 48 0.165860
2 49 0.168600
2 50 0.165590
2 51 0.168250
2 52 0.164830
2 53 0.166020
2 54 0.166320
2 55 0.166490
2 56 0.166640
2 57 0.166940
2 58 0.166920
2 59 0.166890
2 60 0.167790
2 61 0.168070
2 62 0.168420
2 63 0.166650
2 64 0.164210
2 65 0.166450
2 66 0.164270
2 67 0.165600
2 68 0.166550
2 69 0.166900
2 70 0.166050
2 71 0.167210
2 72 0.166120
2 73 0.167260
2 74 0.164850
2 75 0.164910
2 76 0.167430
2 77 0.167040
2 78 0.166840
2 79 0.166650
2 80 0.167070
2 81 0.167100
2 82 0.167020
2 83 0.166630
2 84 0.166140
2 85 0.166720
2 86 0.167230
2 87 0.167170
2 88 0.168640
2 89 0.166310
2 90 0.167700
2 91 0.166220
2 92 0.167020
2 93 0.165700
2 94 0.167090
2 95 0.165690
2 96 0.165760
2 97 0.167940
2 98 0.164800
2 99 0.166860
2 100 0.165410
2 101 0.165490
2 102 0.169040
2 103 0.165500
2 104 0.167810
2 105 0.167200
2 106 0.165850
2 107 0.166790
2 108 0.165530
2 109 0.165490
2 110 0.166700
2 111 0.167400
2 112 0.163520
2 113 0.167750
2 114 0.165490
2 115 0.168490
2 116 0.167400
2 117 0.166770
2 118 0.166800
2 119 0.167190
2 120 0.166230
2 121 0.164790
2 122 0.166950
2 123 0.166400
2 124 0.167320
2 125 0.166730
2 126 0.167420
2 127 0.167910
2 128 0.166390
2 129 0.169230
2 130 0.166630
2 131 0.167090
2 132 0.166400
2 133 0.168480
2 134 0.164100
2 135 0.167130
2 136 0.167150
2 137 0.166330
2 138 0.165450
2 139 0.165790
2 140 0.166240
2 141 0.165100
2 142 0.168650
2 143 0.164830
2 144 0.166940
2 145 0.165570
2 146 0.167410
2 147 0.166440
2 148 0.166500
2 149 0.167190
2 150 0.165670
2 151 0.167410
2 152 0.167090
2 153 0.166800
2 154 0.165500
2 155 0.168610
2 156 0.166570
2 157 0.167060
2 158 0.166730
2 159 0.166860
2 160 0.167000
2 161 0.166860
2 162 0.167570
2 163 0.165610
2 164 0.167600
2 165 0.165210
2 166 0.165220
2 167 0.167320
2 168 0.169550
2 169 0.164710
2 170 0.168600
2 171 0.164520
2 172 0.165020
2 173 0.168170
2 174 0.167730
2 175 0.164360
2 176 0.168210
2 177 0.167360
2 178 0.168640
2 179 0.166360
2 180 0.166500
2 181 0.165170
2 182 0.167830
2 183 0.167540
2 184 0.168140
2 185 0.166410
2 186 0.167430
2 187 0.165730
2 188 0.166930
2 189 0.167290
2 190 0.166720
2 191 0.167820
2 192 0.167450
2 193 0.164430
2 194 0.167410
2 195 0.166470
2 196 0.167790
2 197 0.164920
2 198 0.163880
2 199 0.168420
2 200 0.164520
2 201 0.165600
2 202 0.166370
2 203 0.166580
2 204 0.167310
2 205 0.165210
2 206 0.165520
2 207 0.167060
2 208 0.166470
2 209 0.166100
2 210 0.167740
2 211 0.164800
2 212 0.165900
2 213 0.165140
2 214 0.166640
2 215 0.163850
2 216 0.167660
2 217 0.166280
2 218 0.168300
2 219 0.164750
2 220 0.165820
2 221 0.166380
2 222 0.168980
2 223 0.166710
2 224 0.167820
2 225 0.165450
2 226 0.169180
2 227 0.167150
2 228 0.167680
2 229 0.162460
2 230 0.166560
2 231 0.165710
2 232 0.165950
2 233 0.166430
2 234 0.166790
2 235 0.167500
2 236 0.163720
2 237 0.168790
2 238 0.165400
2 239 0.166230
2 240 0.169110
2 241 0.162790
2 242 0.165780
2 243 0.167650
2 244 0.166430
2 245 0.166990
2 246 0.165980
2 247 0.168630
2 248 0.166150
2 249 0.165120
2 250 0.167670
2 251 0.165790
2 252 0.167700
2 253 0.168150
2 254 0.167300
2 255 0.166770
2 256 0.164740
2 257 0.167540
2 258 0.165300
2 259 0.165000
2 260 0.166820
2 261 0.165960
2 262 0.167120
2 263 0.165900
2 264 0.165870
2 265 0.167420
2 266 0.168360
2 267 0.166260
2 268 0.166240
2 269 0.166280
2 270 0.168010
2 271 0.166320
2 272 0.166970
2 273 0.168990
2 274 0.166280
2 275 0.166770
2 276 0.166080
2 277 0.166350
2 278 0.166970
2 279 0.168720
2 280 0.167530
2 281 0.167260
2 282 0.166680
2 283 0.165510
2 284 0.166740
2 285 0.167220
2 286 0.165910
2 287 0.166140
2 288 0.169010
2 289 0.165820
2 290 0.165690
2 291 0.166210
2 292 0.166370
2 293 0.165920
2 294 0.167780
2 295 0.165040
2 296 0.166910
2 297 0.167180
2 298 0.167640
2 299 0.167880
2 300 0.165090
2 301 0.166380
2 302 0.167380
2 303 0.166900
2 304 0.165890
2 305 0.165140
2 306 0.167550
2 307 0.165400
2 308 0.167180
2 309 0.167580
2 310 0.165680
2 311 0.166720
2 312 0.165580
2 313 0.168120
2 314 0.166450
2 315 0.164420
2 316 0.167240
2 317 0.166550
2 318 0.167040
2 319 0.166690
2 320 0.166300
2 321 0.166870
2 322 0.165740
2 323 0.166140
2 324 0.166050
2 325 0.166830
2 326 0.166860
2 327 0.167890
2 328 0.167900
2 329 0.167000
2 330 0.166090
2 331 0.166510
2 332 0.166500
2 333 0.167280
2 334 0.166080
2 335 0.165240
2 336 0.168610
2 337 0.165710
2 338 0.166630
2 339 0.167720
2 340 0.165870
2 341 0.167650
2 342 0.165410
2 343 0.165350
2 344 0.166590
2 345 0.164190
2 346 0.167020
2 347 0.166930
2 348 0.168170
2 349 0.164940
2 350 0.165850
2 351 0.165990
2 352 0.165900
2 353 0.165610
2 354 0.167560
2 355 0.169820
2 356 0.166150
2 357 0.167090
2 358 0.168450
2 359 0.165440
2 360 0.166340
2 361 0.165780
2 362 0.168920
2 363 0.168640
2 364 0.165170
2 365 0.167300
2 366 0.167030
2 367 0.164450
2 368 0.166500
2 369 0.167200
2 370 0.167300
2 371 0.167600
2 372 0.167150
2 373 0.166110
2 374 0.165370
2 375 0.166450
2 376 0.167580
2 377 0.165560
2 378 0.166620
2 379 0.166280
2 380 0.166100
2 381 0.166240
2 382 0.167550
2 383 0.166710
2 384 0.167500
2 385 0.164690
2 386 0.168260
2 387 0.165840
2 388 0.165260
2 389 0.166550
2 390 0.167490
2 391 0.167650
2 392 0.165540
2 393 0.166360
2 394 0.167810
2 395 0.165760
2 396 0.166780
2 397 0.166000
2 398 0.167920
2 399 0.167840
2 400 0.166650
2 401 0.166290
2 402 0.164900
2 403 0.168740
2 404 0.163980
2 405 0.167920
2 406 0.166450
2 407 0.166960
2 408 0.165270
2 409 0.166790
2 410 0.166560
2 411 0.167080
2 412 0.165620
2 413 0.166400
2 414 0.166950
2 415 0.168150
2 416 0.165010
2 417 0.166410
2 418 0.166310
2 419 0.166520
2 420 0.166010
2 421 0.166950
2 422 0.165720
2 423 0.166050
2 424 0.167060
2 425 0.167700
2 426 0.167730
2 427 0.166120
2 428 0.168810
2 429 0.165370
2 430 0.167100
2 431 0.167220
2 432 0.167100
2 433 0.165810
2 434 0.164860
2 435 0.167650
2 436 0.165650
2 437 0.167230
2 438 0.165720
2 439 0.168540
2 440 0.167320
2 441 0.165710
2 442 0.166800
2 443 0.167820
2 444 0.167060
2 445 0.166040
2 446 0.166910
2 447 0.166850
2 448 0.166870
2 449 0.164690
2 450 0.167370
2 451 0.163790
2 452 0.167820
2 453 0.167460
2 454 0.165540
2 455 0.167170
2 456 0.166270
2 457 0.165440
2 458 0.167920
2 459 0.168320
2 460 0.165870
2 461 0.167710
2 462 0.166390
2 463 0.166110
2 464 0.167840
2 465 0.165370
2 466 0.167980
2 467 0.166850
2 468 0.168490
2 469 0.165470
2 470 0.165980
2 471 0.166120
2 472 0.166380
2 473 0.166370
2 474 0.168300
2 475 0.166770
2 476 0.168080
2 477 0.165480
2 478 0.169230
2 479 0.165060
2 480 0.167700
2 481 0.166120
2 482 0.167210
2 483 0.167170
2 484 0.167250
2 485 0.169280
2 486 0.165580
2 487 0.166130
2 488 0.166480
2 489 0.165790
2 490 0.166520
2 491 0.166730
2 492 0.165930
2 493 0.168410
2 494 0.166910
2 495 0.165860
2 496 0.165930
2 497 0.166000
2 498 0.168420
2 499 0.164630
2 500 0.169080
2 501 0.165800
2 502 0.166710
2 503 0.166600
2 504 0.168160
2 505 0.168490
2 506 0.164870
2 507 0.166560
2 508 0.165220
2 509 0.168100
2 510 0.166320
2 511 0.166410
2 512 0.167930
2 513 0.166360
2 514 0.165970
2 515 0.167390
2 516 0.165020
2 517 0.168650
2 518 0.166120
2 519 0.165050
2 520 0.168180
2 521 0.166920
2 522 0.165140
2 523 0.165660
2 524 0.165220
2 525 0.165220
2 526 0.169090
2 527 0.168810
2 528 0.165910
2 529 0.167030
2 530 0.169040
2 531 0.167060
2 532 0.167410
2 533 0.166700
2 534 0.165760
2 535 0.164850
2 536 0.166820
2 537 0.166220
2 538 0.166310
2 539 0.167300
2 540 0.166470
2 541 0.168910
2 542 0.166340
2 543 0.167040
2 544 0.166230
2 545 0.167570
2 546 0.166700
2 547 0.170490
2 548 0.166780
2 549 0.166190
2 550 0.165890
2 551 0.167520
2 552 0.167660
2 553 0.166060
2 554 0.167510
2 555 0.168030
2 556 0.167160
2 557 0.166000
2 558 0.166230
2 559 0.167780
2 560 0.167270
2 561 0.165110
2 562 0.167300
2 563 0.166990
2 564 0.166690
2 565 0.167530
2 566 0.167660
2 567 0.164830
2 568 0.169140
2 569 0.165990
2 570 0.165880
2 571 0.166860
2 572 0.167580
2 573 0.166350
2 574 0.166860
2 575 0.167890
2 576 0.166150
2 577 0.167430
2 578 0.164210
2 579 0.169090
2 580 0.167020
2 581 0.165640
2 582 0.167770
2 583 0.166170
2 584 0.168030
2 585 0.165260
2 586 0.169190
2 587 0.166580
2 588 0.166600
2 589 0.169320
2 590 0.167730
2 591 0.165340
2 592 0.165000
2 593 0.167850
2 594 0.169420
2 595 0.167000
2 596 0.167920
2 597 0.165020
2 598 0.168610
2 599 0.166650
2 600 0.166790
2 601 0.164640
2 602 0.167680
2 603 0.166110
2 604 0.165560
2 605 0.165390
2 606 0.167740
2 607 0.164160
2 608 0.165410
2 609 0.166180
2 610 0.167510
2 611 0.166760
2 612 0.167310
2 613 0.166230
2 614 0.168930
2 615 0.164610
2 616 0.168820
2 617 0.165220
2 618 0.167530
2 619 0.165820
2 620 0.168010
2 621 0.165990
2 622 0.167220
2 623 0.163510
2 624 0.167070
2 625 0.165830
2 626 0.166390
2 627 0.167300
2 628 0.167090
2 629 0.166210
2 630 0.165060
2 631 0.167580
2 632 0.165170
2 633 0.168230
2 634 0.167820
2 635 0.166800
2 636 0.167400
2 637 0.166320
2 638 0.166200
2 639 0.166060
2 640 0.166940
2 641 0.165800
2 642 0.166470
2 643 0.165930
2 644 0.167160
2 645 0.168710
2 646 0.165510
2 647 0.167050
2 648 0.168330
2 649 0.165280
2 650 0.166640
2 651 0.168180
2 652 0.165200
2 653 0.165710
2 654 0.168020
2 655 0.167170
2 656 0.166020
2 657 0.166990
2 658 0.167960
2 659 0.166080
2 660 0.164620
2 661 0.164860
2 662 0.167870
2 663 0.167490
2 664 0.166430
2 665 0.166430
2 666 0.166740
2 667 0.168310
2 668 0.166740
2 669 0.167700
2 670 0.167210
2 671 0.165980
2 672 0.165730
2 673 0.165350
2 674 0.165940
2 675 0.166840
2 676 0.167010
2 677 0.168370
2 678 0.164970
2 679 0.165570
2 680 0.167310
2 681 0.167030
2 682 0.166290
2 683 0.166210
2 684 0.166370
2 685 0.166820
2 686 0.165330
2 687 0.167060
2 688 0.166440
2 689 0.166140
2 690 0.166880
2 691 0.164460
2 692 0.167250
2 693 0.167140
2 694 0.164690
2 695 0.166250
2 696 0.167110
2 697 0.164140
2 698 0.166680
2 699 0.167170
2 700 0.166270
2 701 0.166170
2 702 0.166880
2 703 0.166390
2 704 0.167230
2 705 0.167590
2 706 0.167810
2 707 0.165650
2 708 0.167010
2 709 0.166860
2 710 0.167190
2 711 0.166270
2 712 0.167010
2 713 0.166460
2 714 0.166780
2 715 0.166370
2 716 0.167070
2 717 0.166550
2 718 0.167260
2 719 0.165880
2 720 0.166620
2 721 0.167030
2 722 0.165680
2 723 0.166220
2 724 0.166740
2 725 0.166350
2 726 0.166230
2 727 0.164360
2 728 0.168160
2 729 0.166420
2 730 0.163010
2 731 0.166530
2 732 0.166060
2 733 0.165910
2 734 0.167300
2 735 0.168060
2 736 0.168010
2 737 0.166420
2 738 0.166510
2 739 0.168110
2 740 0.166440
2 741 0.166650
2 742 0.165130
2 743 0.166380
2 744 0.167030
2 745 0.167520
2 746 0.166910
2 747 0.166210
2 748 0.167590
2 749 0.166190
2 750 0.166390
2 751 0.166700
2 752 0.164000
2 753 0.167770
2 754 0.164210
2 755 0.167230
2 756 0.164710
2 757 0.169750
2 758 0.166300
2 759 0.168430
2 760 0.166720
2 761 0.167950
2 762 0.166780
2 763 0.167360
2 764 0.167010
2 765 0.166460
2 766 0.164610
2 767 0.168220
2 768 0.165180
2 769 0.167570
2 770 0.166590
2 771 0.165990
2 772 0.165880
2 773 0.166390
2 774 0.168320
2 775 0.167500
2 776 0.166580
2 777 0.164580
2 778 0.166440
2 779 0.167790
2 780 0.166740
2 781 0.165040
2 782 0.166670
2 783 0.166790
2 784 0.166740
2 785 0.168710
2 786 0.166360
2 787 0.164140
2 788 0.168280
2 789 0.166700
2 790 0.165280
2 791 0.167440
2 792 0.166700
2 793 0.166830
2 794 0.166660
2 795 0.168020
2 796 0.167530
2 797 0.164290
2 798 0.167600
2 799 0.166320
2 800 0.166480
2 801 0.165630
2 802 0.166790
2 803 0.166870
2 804 0.168120
2 805 0.167000
2 806 0.166900
2 807 0.167860
2 808 0.167200
2 809 0.167550
2 810 0.165920
2 811 0.168290
2 812 0.167390
2 813 0.169100
2 814 0.167440
2 815 0.168370
2 816 0.167990
2 817 0.168010
2 818 0.166100
2 819 0.167570
2 820 0.165060
2 821 0.166130
2 822 0.166540
2 823 0.166150
2 824 0.167980
2 825 0.167810
2 826 0.167190
2 827 0.164040
2 828 0.167110
2 829 0.166220
2 830 0.168260
2 831 0.166560
2 832 0.164680
2 833 0.167280
2 834 0.168330
2 835 0.166960
2 836 0.167230
2 837 0.164300
2 838 0.165840
2 839 0.167960
2 840 0.166760
2 841 0.166650
2 842 0.165270
2 843 0.167590
2 844 0.164410
2 845 0.165750
2 846 0.165670
2 847 0.167860
2 848 0.166660
2 849 0.167560
2 850 0.163590
2 851 0.167040
2 852 0.168770
2 853 0.166170
2 854 0.166560
2 855 0.165080
2 856 0.166110
2 857 0.167480
2 858 0.167370
2 859 0.166000
2 860 0.165730
2 861 0.167200
2 862 0.167480
2 863 0.165840
2 864 0.167780
2 865 0.165590
2 866 0.166680
2 867 0.166160
2 868 0.166880
2 869 0.167190
2 870 0.167530
2 871 0.165990
2 872 0.169290
2 873 0.166330
2 874 0.165930
2 875 0.166740
2 876 0.165130
2 877 0.167390
2 878 0.165740
2 879 0.168540
2 880 0.165540
2 881 0.166920
2 882 0.166870
2 883 0.166870
2 884 0.167200
2 885 0.164630
2 886 0.164800
2 887 0.166880
2 888 0.167690
2 889 0.166140
2 890 0.169350
2 891 0.167980
2 892 0.166240
2 893 0.165670
2 894 0.166600
2 895 0.167560
2 896 0.166360
2 897 0.167050
2 898 0.166460
2 899 0.166030
2 900 0.166580
2 901 0.167960
2 902 0.167590
2 903 0.165660
2 904 0.165860
2 905 0.167120
2 906 0.166120
2 907 0.165750
2 908 0.166780
2 909 0.166880
2 910 0.167340
2 911 0.166860
2 912 0.165750
2 913 0.167050
2 914 0.165770
2 915 0.169380
2 916 0.165110
2 917 0.167150
2 918 0.166440
2 919 0.164550
2 920 0.164940
2 921 0.166530
2 922 0.166920
2 923 0.166620
2 924 0.167280
2 925 0.167600
2 926 0.167880
2 927 0.167470
2 928 0.164220
2 929 0.167600
2 930 0.166660
2 931 0.165760
2 932 0.168350
2 933 0.167050
2 934 0.167460
2 935 0.167440
2 936 0.167000
2 937 0.165080
2 938 0.165910
2 939 0.164890
2 940 0.166690
2 941 0.166590
2 942 0.166070
2 943 0.167530
2 944 0.166260
2 945 0.164900
2 946 0.166390
2 947 0.166850
2 948 0.167180
2 949 0.165960
2 950 0.166080
2 951 0.165690
2 952 0.166040
2 953 0.166710
2 954 0.167470
2 955 0.166400
2 956 0.166330
2 957 0.167660
2 958 0.166110
2 959 0.165460
2 960 0.166310
2 961 0.166220
2 962 0.164710
2 963 0.167460
2 964 0.164470
2 965 0.166290
2 966 0.167060
2 967 0.164160
2 968 0.167590
2 969 0.165130
2 970 0.167540
2 971 0.166730
2 972 0.164940
2 973 0.167850
2 974 0.168240
2 975 0.166410
2 976 0.166980
2 977 0.166970
2 978 0.165970
2 979 0.166080
2 980 0.165310
2 981 0.165910
2 982 0.166910
2 983 0.166850
2 984 0.165870
2 985 0.165830
2 986 0.166690
2 987 0.167520
2 988 0.167470
2 989 0.165970
2 990 0.166950
2 991 0.165810
2 992 0.167380
2 993 0.167280
2 994 0.166470
2 995 0.167340
2 996 0.166190
2 997 0.164990
2 998 0.166860
2 999 0.166520
2 1000 0.333460
