1 1 0.500000
1 2 0.497810
1 3 0.501880
1 4 0.499060
1 5 0.498580
1 6 0.502130
1 7 0.495330
1 8 0.498780
1 9 0.501080
1 10 0.499690
1 11 0.497310
1 12 0.500260
1 13 0.504850
1 14 0.497830
1 15 0.498530
1 16 0.500740
1 17 0.500130
1 18 0.501650
1 19 0.496280
1 20 0.500580
2 1 0.497800
2 2 0.374950
2 3 0.375030
2 4 0.377090
2 5 0.375710
2 6 0.375950
2 7 0.374690
2 8 0.373700
2 9 0.377200
2 10 0.376780
2 11 0.375160
2 12 0.373660
2 13 0.376980
2 14 0.374640
2 15 0.374270
2 16 0.375350
2 17 0.374710
2 18 0.374930
2 19 0.374670
2 20 0.373720
3 1 0.499330
3 2 0.314010
3 3 0.313300
3 4 0.314240
3 5 0.313040
3 6 0.314460
3 7 0.313570
3 8 0.313470
3 9 0.315050
3 10 0.314230
3 11 0.313590
3 12 0.313510
3 13 0.314780
3 14 0.312770
3 15 0.313240
3 16 0.314230
3 17 0.313670
3 18 0.313360
3 19 0.314470
3 20 0.313890
4 1 0.499520
4 2 0.279210
4 3 0.278310
4 4 0.279100
4 5 0.278830
4 6 0.279160
4 7 0.278320
4 8 0.277870
4 9 0.278820
4 10 0.279600
4 11 0.278220
4 12 0.279170
4 13 0.280630
4 14 0.278840
4 15 0.278980
4 16 0.278390
4 17 0.279040
4 18 0.278750
4 19 0.278600
4 20 0.279250
5 1 0.500020
5 2 0.267000
5 3 0.266870
5 4 0.266970
5 5 0.266870
5 6 0.266530
5 7 0.266940
5 8 0.267090
5 9 0.266960
5 10 0.267270
5 11 0.266740
5 12 0.267730
5 13 0.267840
5 14 0.265920
5 15 0.266900
5 16 0.267240
5 17 0.266950
5 18 0.266380
5 19 0.266740
5 20 0.267840
6 1 0.500390
6 2 0.257780
6 3 0.257590
6 4 0.257710
6 5 0.257950
6 6 0.257800
6 7 0.257590
6 8 0.257970
6 9 0.257700
6 10 0.257960
6 11 0.257060
6 12 0.257720
6 13 0.258240
6 14 0.257470
6 15 0.258370
6 16 0.257540
6 17 0.257590
6 18 0.257950
6 19 0.257670
6 20 0.257560
7 1 0.500210
7 2 0.253700
7 3 0.253820
7 4 0.253630
7 5 0.253380
7 6 0.253680
7 7 0.253890
7 8 0.253550
7 9 0.253460
7 10 0.254010
7 11 0.253760
7 12 0.253970
7 13 0.253920
7 14 0.253720
7 15 0.253650
7 16 0.253570
7 17 0.253620
7 18 0.253530
7 19 0.253060
7 20 0.253810
8 1 0.500430
8 2 0.252020
8 3 0.251980
8 4 0.252030
8 5 0.251990
8 6 0.251920
8 7 0.252100
8 8 0.251960
8 9 0.251920
8 10 0.252240
8 11 0.252150
8 12 0.251900
8 13 0.251920
8 14 0.251890
8 15 0.252130
8 16 0.251760
8 17 0.251910
8 18 0.251870
8 19 0.251870
8 20 0.252200
9 1 0.500330
9 2 0.249130
9 3 0.249430
9 4 0.249460
9 5 0.249460
9 6 0.249340
9 7 0.249310
9 8 0.249460
9 9 0.249490
9 10 0.249330
9 11 0.249290
9 12 0.249330
9 13 0.249500
9 14 0.249460
9 15 0.249370
9 16 0.249310
9 17 0.249430
9 18 0.249460
9 19 0.249220
9 20 0.249490
10 1 0.501560
10 2 0.250380
10 3 0.250490
10 4 0.250380
10 5 0.250320
10 6 0.250470
10 7 0.250460
10 8 0.250350
10 9 0.250370
10 10 0.250350
10 11 0.250330
10 12 0.250300
10 13 0.250480
10 14 0.250400
10 15 0.250400
10 16 0.250210
10 17 0.250320
10 18 0.250320
10 19 0.250310
10 20 0.250300
11 1 0.498330
11 2 0.251420
11 3 0.251510
11 4 0.251490
11 5 0.251430
11 6 0.251460
11 7 0.251500
11 8 0.251390
11 9 0.251360
11 10 0.251390
11 11 0.251320
11 12 0.251440
11 13 0.251410
11 14 0.251440
11 15 0.251500
11 16 0.251320
11 17 0.251330
11 18 0.251500
11 19 0.251420
11 20 0.251390
12 1 0.503660
12 2 0.252120
12 3 0.252070
12 4 0.252050
12 5 0.252120
12 6 0.252110
12 7 0.252140
12 8 0.252070
12 9 0.252050
12 10 0.252140
12 11 0.252090
12 12 0.252120
12 13 0.252050
12 14 0.252090
12 15 0.252240
12 16 0.252040
12 17 0.252020
12 18 0.252100
12 19 0.252050
12 20 0.252160
13 1 0.501050
13 2 0.248250
13 3 0.248280
13 4 0.248260
13 5 0.248270
13 6 0.248290
13 7 0.248300
13 8 0.248240
13 9 0.248250
13 10 0.248230
13 11 0.248190
13 12 0.248260
13 13 0.248250
13 14 0.248240
13 15 0.248340
13 16 0.248220
13 17 0.248250
13 18 0.248300
13 19 0.248250
13 20 0.248260
14 1 0.501110
14 2 0.250700
14 3 0.250700
14 4 0.250680
14 5 0.250690
14 6 0.250700
14 7 0.250720
14 8 0.250700
14 9 0.250670
14 10 0.250680
14 11 0.250660
14 12 0.250700
14 13 0.250720
14 14 0.250700
14 15 0.250720
14 16 0.250640
14 17 0.250670
14 18 0.250740
14 19 0.250730
14 20 0.250720
15 1 0.499850
15 2 0.250070
15 3 0.250060
15 4 0.250050
15 5 0.250070
15 6 0.250090
15 7 0.250060
15 8 0.250050
15 9 0.250050
15 10 0.250050
15 11 0.250070
15 12 0.250050
15 13 0.250070
15 14 0.250090
15 15 0.250070
15 16 0.250040
15 17 0.250060
15 18 0.250090
15 19 0.250050
15 20 0.250050
16 1 0.500890
16 2 0.249290
16 3 0.249280
16 4 0.249270
16 5 0.249290
16 6 0.249280
16 7 0.249290
16 8 0.249280
16 9 0.249290
16 10 0.249280
16 11 0.249290
16 12 0.249280
16 13 0.249290
16 14 0.249270
16 15 0.249300
16 16 0.249290
16 17 0.249300
16 18 0.249290
16 19 0.249270
16 20 0.249290
17 1 0.501810
17 2 0.251290
17 3 0.251290
17 4 0.251290
17 5 0.251300
17 6 0.251290
17 7 0.251300
17 8 0.251290
17 9 0.251290
17 10 0.251290
17 11 0.251290
17 12 0.251290
17 13 0.251290
17 14 0.251290
17 15 0.251300
17 16 0.251300
17 17 0.251290
17 18 0.251300
17 19 0.251300
17 20 0.251300
18 1 0.501370
18 2 0.250780
18 3 0.250780
18 4 0.250780
18 5 0.250780
18 6 0.250780
18 7 0.250780
18 8 0.250780
18 9 0.250780
18 10 0.250780
18 11 0.250780
18 12 0.250780
18 13 0.250780
18 14 0.250780
18 15 0.250780
18 16 0.250780
18 17 0.250780
18 18 0.250780
18 19 0.250780
18 20 0.250780
19 1 0.500280
19 2 0.251170
19 3 0.251170
19 4 0.251170
19 5 0.251170
19 6 0.251170
19 7 0.251170
19 8 0.251170
19 9 0.251170
19 10 0.251170
19 11 0.251170
19 12 0.251170
19 13 0.251170
19 14 0.251170
19 15 0.251170
19 16 0.251170
19 17 0.251170
19 18 0.251170
19 19 0.251170
19 20 0.251170
20 1 0.499040
20 2 0.251110
20 3 0.251110
20 4 0.251110
20 5 0.251110
20 6 0.251110
20 7 0.251110
20 8 0.251110
20 9 0.251110
20 10 0.251110
20 11 0.251110
20 12 0.251110
20 13 0.251110
20 14 0.251110
20 15 0.251110
20 16 0.251110
20 17 0.251110
20 18 0.251110
20 19 0.251110
20 20 0.251110
