1 1 0.502900
1 2 0.504700
1 3 0.503400
1 4 0.501800
1 5 0.500500
1 6 0.495800
1 7 0.505000
1 8 0.495400
1 9 0.500900
1 10 0.498100
1 11 0.496500
1 12 0.500500
1 13 0.498900
1 14 0.496600
1 15 0.500000
1 16 0.499400
1 17 0.503500
1 18 0.500600
1 19 0.492900
1 20 0.500000
2 1 0.497700
2 2 0.370300
2 3 0.373900
2 4 0.376700
2 5 0.368500
2 6 0.366700
2 7 0.373000
2 8 0.370500
2 9 0.375900
2 10 0.371800
2 11 0.371300
2 12 0.370200
2 13 0.372400
2 14 0.373500
2 15 0.371200
2 16 0.372000
2 17 0.372000
2 18 0.375000
2 19 0.374800
2 20 0.366200
3 1 0.500100
3 2 0.316600
3 3 0.314000
3 4 0.316600
3 5 0.317700
3 6 0.316800
3 7 0.317300
3 8 0.316700
3 9 0.316500
3 10 0.318600
3 11 0.315400
3 12 0.314900
3 13 0.317000
3 14 0.315600
3 15 0.314800
3 16 0.318500
3 17 0.315400
3 18 0.315400
3 19 0.314700
3 20 0.318500
4 1 0.491600
4 2 0.275300
4 3 0.275100
4 4 0.274700
4 5 0.273400
4 6 0.273000
4 7 0.274700
4 8 0.273000
4 9 0.273000
4 10 0.273800
4 11 0.273900
4 12 0.275400
4 13 0.279300
4 14 0.276300
4 15 0.275600
4 16 0.274800
4 17 0.275700
4 18 0.275100
4 19 0.275700
4 20 0.278500
5 1 0.501300
5 2 0.270500
5 3 0.267000
5 4 0.267800
5 5 0.267100
5 6 0.267800
5 7 0.267200
5 8 0.268400
5 9 0.267400
5 10 0.270900
5 11 0.268400
5 12 0.269700
5 13 0.270400
5 14 0.267600
5 15 0.269500
5 16 0.266900
5 17 0.268600
5 18 0.268400
5 19 0.267700
5 20 0.270200
6 1 0.496800
6 2 0.254100
6 3 0.252700
6 4 0.253400
6 5 0.254300
6 6 0.254500
6 7 0.254800
6 8 0.255100
6 9 0.253700
6 10 0.255000
6 11 0.252400
6 12 0.253800
6 13 0.253600
6 14 0.253400
6 15 0.254500
6 16 0.252500
6 17 0.254500
6 18 0.253800
6 19 0.253200
6 20 0.253800
7 1 0.502200
7 2 0.254400
7 3 0.253600
7 4 0.255200
7 5 0.255000
7 6 0.253900
7 7 0.254900
7 8 0.254900
7 9 0.254100
7 10 0.255000
7 11 0.254300
7 12 0.254700
7 13 0.255300
7 14 0.254700
7 15 0.254800
7 16 0.253700
7 17 0.255000
7 18 0.255000
7 19 0.253300
7 20 0.255300
8 1 0.497700
8 2 0.245900
8 3 0.246400
8 4 0.245700
8 5 0.246500
8 6 0.245100
8 7 0.246000
8 8 0.246000
8 9 0.245500
8 10 0.246500
8 11 0.245300
8 12 0.245300
8 13 0.246000
8 14 0.246100
8 15 0.245800
8 16 0.245400
8 17 0.245600
8 18 0.245400
8 19 0.245300
8 20 0.246700
9 1 0.499800
9 2 0.248700
9 3 0.248700
9 4 0.249100
9 5 0.249100
9 6 0.249000
9 7 0.249200
9 8 0.249600
9 9 0.248800
9 10 0.248600
9 11 0.249200
9 12 0.248900
9 13 0.248800
9 14 0.249100
9 15 0.249000
9 16 0.248700
9 17 0.248900
9 18 0.249200
9 19 0.248800
9 20 0.249000
10 1 0.500800
10 2 0.247100
10 3 0.246800
10 4 0.246900
10 5 0.247000
10 6 0.247100
10 7 0.247200
10 8 0.246700
10 9 0.247000
10 10 0.246800
10 11 0.246700
10 12 0.246600
10 13 0.246900
10 14 0.247300
10 15 0.246600
10 16 0.246600
10 17 0.247200
10 18 0.246800
10 19 0.246800
10 20 0.246600
11 1 0.504700
11 2 0.250900
11 3 0.251000
11 4 0.250900
11 5 0.251100
11 6 0.250900
11 7 0.251100
11 8 0.251300
11 9 0.250700
11 10 0.250600
11 11 0.250900
11 12 0.250800
11 13 0.250900
11 14 0.251000
11 15 0.251100
11 16 0.250900
11 17 0.250900
11 18 0.251100
11 19 0.250700
11 20 0.250900
12 1 0.499000
12 2 0.248500
12 3 0.248500
12 4 0.248300
12 5 0.248500
12 6 0.248600
12 7 0.248600
12 8 0.248400
12 9 0.248300
12 10 0.248300
12 11 0.248400
12 12 0.248600
12 13 0.248400
12 14 0.248500
12 15 0.248600
12 16 0.248300
12 17 0.248400
12 18 0.248400
12 19 0.248300
12 20 0.248300
13 1 0.511100
13 2 0.247000
13 3 0.247000
13 4 0.246900
13 5 0.246900
13 6 0.246900
13 7 0.246900
13 8 0.246800
13 9 0.246800
13 10 0.246800
13 11 0.246700
13 12 0.246800
13 13 0.246800
13 14 0.246900
13 15 0.247000
13 16 0.246800
13 17 0.246900
13 18 0.246900
13 19 0.246800
13 20 0.246900
14 1 0.502400
14 2 0.247100
14 3 0.247300
14 4 0.247200
14 5 0.247200
14 6 0.247200
14 7 0.247100
14 8 0.247200
14 9 0.247100
14 10 0.247200
14 11 0.247200
14 12 0.247300
14 13 0.247200
14 14 0.247300
14 15 0.247100
14 16 0.247100
14 17 0.247200
14 18 0.247300
14 19 0.247300
14 20 0.247200
15 1 0.500700
15 2 0.253100
15 3 0.253100
15 4 0.253100
15 5 0.253100
15 6 0.253100
15 7 0.253100
15 8 0.253100
15 9 0.253100
15 10 0.253100
15 11 0.253100
15 12 0.253100
15 13 0.253100
15 14 0.253100
15 15 0.253100
15 16 0.253100
15 17 0.253100
15 18 0.253100
15 19 0.253100
15 20 0.253100
16 1 0.492300
16 2 0.245200
16 3 0.245200
16 4 0.245200
16 5 0.245200
16 6 0.245200
16 7 0.245200
16 8 0.245200
16 9 0.245200
16 10 0.245200
16 11 0.245200
16 12 0.245200
16 13 0.245200
16 14 0.245200
16 15 0.245200
16 16 0.245200
16 17 0.245200
16 18 0.245200
16 19 0.245200
16 20 0.245200
17 1 0.514100
17 2 0.259000
17 3 0.259000
17 4 0.259000
17 5 0.259000
17 6 0.259000
17 7 0.259000
17 8 0.259000
17 9 0.259000
17 10 0.259000
17 11 0.259000
17 12 0.259000
17 13 0.259000
17 14 0.259000
17 15 0.259000
17 16 0.259000
17 17 0.259000
17 18 0.259000
17 19 0.259000
17 20 0.259000
18 1 0.505500
18 2 0.247600
18 3 0.247600
18 4 0.247600
18 5 0.247600
18 6 0.247600
18 7 0.247600
18 8 0.247600
18 9 0.247600
18 10 0.247600
18 11 0.247600
18 12 0.247600
18 13 0.247600
18 14 0.247600
18 15 0.247600
18 16 0.247600
18 17 0.247600
18 18 0.247600
18 19 0.247600
18 20 0.247600
19 1 0.505200
19 2 0.251900
19 3 0.251900
19 4 0.251900
19 5 0.251900
19 6 0.251900
19 7 0.251900
19 8 0.251900
19 9 0.251900
19 10 0.251900
19 11 0.251900
19 12 0.251900
19 13 0.251900
19 14 0.251900
19 15 0.251900
19 16 0.251900
19 17 0.251900
19 18 0.251900
19 19 0.251900
19 20 0.251900
20 1 0.510200
20 2 0.254400
20 3 0.254400
20 4 0.254400
20 5 0.254400
20 6 0.254400
20 7 0.254400
20 8 0.254400
20 9 0.254400
20 10 0.254400
20 11 0.254400
20 12 0.254400
20 13 0.254400
20 14 0.254400
20 15 0.254400
20 16 0.254400
20 17 0.254400
20 18 0.254400
20 19 0.254400
20 20 0.254400
