1 1 0.498550
1 2 0.500830
1 3 0.499970
1 4 0.501530
1 5 0.499380
1 6 0.498290
1 7 0.499270
1 8 0.496660
1 9 0.499760
1 10 0.500850
1 11 0.501950
1 12 0.499320
1 13 0.502150
1 14 0.500510
1 15 0.499250
1 16 0.502040
1 17 0.499990
1 18 0.495910
1 19 0.503180
1 20 0.498480
2 1 0.499740
2 2 0.376540
2 3 0.340530
2 4 0.335840
2 5 0.329000
2 6 0.329780
2 7 0.331770
2 8 0.332490
2 9 0.332360
2 10 0.332650
2 11 0.334130
2 12 0.333000
2 13 0.334390
2 14 0.333390
2 15 0.332280
2 16 0.333760
2 17 0.333200
2 18 0.333580
2 19 0.336380
2 20 0.335540
3 1 0.500440
3 2 0.345070
3 3 0.289380
3 4 0.270200
3 5 0.263430
3 6 0.259320
3 7 0.259540
3 8 0.258400
3 9 0.259310
3 10 0.259530
3 11 0.258100
3 12 0.259380
3 13 0.257560
3 14 0.258950
3 15 0.257780
3 16 0.258870
3 17 0.259500
3 18 0.260310
3 19 0.258510
3 20 0.259200
4 1 0.498350
4 2 0.334900
4 3 0.267730
4 4 0.239260
4 5 0.228530
4 6 0.221070
4 7 0.217550
4 8 0.216900
4 9 0.217880
4 10 0.218670
4 11 0.216800
4 12 0.218290
4 13 0.217500
4 14 0.217920
4 15 0.216510
4 16 0.217260
4 17 0.216890
4 18 0.218210
4 19 0.216720
4 20 0.218820
5 1 0.501770
5 2 0.332310
5 3 0.261200
5 4 0.228470
5 5 0.210300
5 6 0.199610
5 7 0.194150
5 8 0.191710
5 9 0.191430
5 10 0.191430
5 11 0.191940
5 12 0.192860
5 13 0.192270
5 14 0.191670
5 15 0.190920
5 16 0.190430
5 17 0.191630
5 18 0.190330
5 19 0.190640
5 20 0.190750
6 1 0.500570
6 2 0.333470
6 3 0.258290
6 4 0.220440
6 5 0.198640
6 6 0.185970
6 7 0.180950
6 8 0.175820
6 9 0.172560
6 10 0.172760
6 11 0.171910
6 12 0.172970
6 13 0.172610
6 14 0.173650
6 15 0.172480
6 16 0.171660
6 17 0.175430
6 18 0.172720
6 19 0.172870
6 20 0.170480
7 1 0.499240
7 2 0.331450
7 3 0.258530
7 4 0.219410
7 5 0.196610
7 6 0.178370
7 7 0.170840
7 8 0.165220
7 9 0.161540
7 10 0.162080
7 11 0.159730
7 12 0.159510
7 13 0.158160
7 14 0.159230
7 15 0.159270
7 16 0.157250
7 17 0.158840
7 18 0.158260
7 19 0.161170
7 20 0.157520
8 1 0.501140
8 2 0.331770
8 3 0.258640
8 4 0.215490
8 5 0.192810
8 6 0.175440
8 7 0.165840
8 8 0.156970
8 9 0.154280
8 10 0.149680
8 11 0.148360
8 12 0.147330
8 13 0.146970
8 14 0.147000
8 15 0.146660
8 16 0.147550
8 17 0.147480
8 18 0.146730
8 19 0.147040
8 20 0.147270
9 1 0.502180
9 2 0.331770
9 3 0.259680
9 4 0.218110
9 5 0.191930
9 6 0.172930
9 7 0.161330
9 8 0.152480
9 9 0.149480
9 10 0.144570
9 11 0.141310
9 12 0.139680
9 13 0.139670
9 14 0.138440
9 15 0.137320
9 16 0.139610
9 17 0.138430
9 18 0.137980
9 19 0.137840
9 20 0.137110
10 1 0.497910
10 2 0.330780
10 3 0.256820
10 4 0.218650
10 5 0.192890
10 6 0.173800
10 7 0.158580
10 8 0.149040
10 9 0.143120
10 10 0.138580
10 11 0.133870
10 12 0.132050
10 13 0.132030
10 14 0.132590
10 15 0.130930
10 16 0.132150
10 17 0.132190
10 18 0.130880
10 19 0.130540
10 20 0.129870
11 1 0.499820
11 2 0.331670
11 3 0.258090
11 4 0.216780
11 5 0.191620
11 6 0.173630
11 7 0.158030
11 8 0.147640
11 9 0.141720
11 10 0.137230
11 11 0.130480
11 12 0.128140
11 13 0.125530
11 14 0.126120
11 15 0.124400
11 16 0.124640
11 17 0.124890
11 18 0.124690
11 19 0.124220
11 20 0.123750
12 1 0.500170
12 2 0.332300
12 3 0.258710
12 4 0.215910
12 5 0.191360
12 6 0.173410
12 7 0.159080
12 8 0.147010
12 9 0.139770
12 10 0.133820
12 11 0.128890
12 12 0.125350
12 13 0.121640
12 14 0.120230
12 15 0.119570
12 16 0.121060
12 17 0.119670
12 18 0.118740
12 19 0.118690
12 20 0.119750
13 1 0.498380
13 2 0.333150
13 3 0.256980
13 4 0.215830
13 5 0.190640
13 6 0.172350
13 7 0.158330
13 8 0.145300
13 9 0.138600
13 10 0.131940
13 11 0.127670
13 12 0.123660
13 13 0.120110
13 14 0.116840
13 15 0.114560
13 16 0.115820
13 17 0.117240
13 18 0.114630
13 19 0.113350
13 20 0.114540
14 1 0.501180
14 2 0.334790
14 3 0.259190
14 4 0.215440
14 5 0.189110
14 6 0.171560
14 7 0.159430
14 8 0.147420
14 9 0.138110
14 10 0.130690
14 11 0.125470
14 12 0.122090
14 13 0.118830
14 14 0.114090
14 15 0.112310
14 16 0.111030
14 17 0.112600
14 18 0.111560
14 19 0.110410
14 20 0.111540
15 1 0.500930
15 2 0.335780
15 3 0.260330
15 4 0.217840
15 5 0.188820
15 6 0.170510
15 7 0.157570
15 8 0.148780
15 9 0.138930
15 10 0.130780
15 11 0.124650
15 12 0.119020
15 13 0.117530
15 14 0.112240
15 15 0.109180
15 16 0.108120
15 17 0.108080
15 18 0.108110
15 19 0.107190
15 20 0.107480
16 1 0.501390
16 2 0.334490
16 3 0.260550
16 4 0.218300
16 5 0.190760
16 6 0.171500
16 7 0.155620
16 8 0.146280
16 9 0.137510
16 10 0.131040
16 11 0.126910
16 12 0.119530
16 13 0.116600
16 14 0.112780
16 15 0.107310
16 16 0.105490
16 17 0.103950
16 18 0.104160
16 19 0.103950
16 20 0.104090
17 1 0.498230
17 2 0.332620
17 3 0.260070
17 4 0.215890
17 5 0.190500
17 6 0.171350
17 7 0.156090
17 8 0.146630
17 9 0.137290
17 10 0.129050
17 11 0.126070
17 12 0.120370
17 13 0.115010
17 14 0.112660
17 15 0.109230
17 16 0.105360
17 17 0.102570
17 18 0.101970
17 19 0.101760
17 20 0.101740
18 1 0.501690
18 2 0.333780
18 3 0.260780
18 4 0.218080
18 5 0.190530
18 6 0.171810
18 7 0.157190
18 8 0.146270
18 9 0.137230
18 10 0.128610
18 11 0.124830
18 12 0.120220
18 13 0.114530
18 14 0.111090
18 15 0.109680
18 16 0.107110
18 17 0.104100
18 18 0.100900
18 19 0.100530
18 20 0.098950
19 1 0.501800
19 2 0.333730
19 3 0.260460
19 4 0.220210
19 5 0.192670
19 6 0.172510
19 7 0.158600
19 8 0.147240
19 9 0.137770
19 10 0.128690
19 11 0.123710
19 12 0.118570
19 13 0.113300
19 14 0.108480
19 15 0.105710
19 16 0.103890
19 17 0.102070
19 18 0.099810
19 19 0.098090
19 20 0.097620
20 1 0.499430
20 2 0.331830
20 3 0.256770
20 4 0.216590
20 5 0.192420
20 6 0.172190
20 7 0.159220
20 8 0.148040
20 9 0.137750
20 10 0.129490
20 11 0.124150
20 12 0.119290
20 13 0.114740
20 14 0.109020
20 15 0.105250
20 16 0.102030
20 17 0.100970
20 18 0.099040
20 19 0.096730
20 20 0.095290
