1 1 0.506000
1 2 0.501100
1 3 0.503400
1 4 0.498800
1 5 0.502700
1 6 0.496700
1 7 0.501800
1 8 0.500600
1 9 0.498600
1 10 0.499000
1 11 0.501900
1 12 0.499000
1 13 0.500400
1 14 0.496200
1 15 0.501700
1 16 0.496800
1 17 0.503000
1 18 0.503300
1 19 0.499100
1 20 0.493500
1 21 0.505400
1 22 0.511300
1 23 0.504600
1 24 0.501500
1 25 0.497700
1 26 0.495900
1 27 0.503200
1 28 0.491700
1 29 0.500000
1 30 0.506800
1 31 0.502100
1 32 0.503100
1 33 0.494400
1 34 0.500700
1 35 0.504800
1 36 0.508800
1 37 0.506500
1 38 0.505500
1 39 0.504200
1 40 0.493500
1 41 0.488400
1 42 0.507000
1 43 0.493400
1 44 0.492500
1 45 0.515500
1 46 0.497600
1 47 0.498000
1 48 0.498400
1 49 0.494300
1 50 0.497500
1 51 0.502800
1 52 0.497000
1 53 0.496000
1 54 0.504200
1 55 0.509400
1 56 0.498400
1 57 0.496700
1 58 0.507800
1 59 0.499500
1 60 0.495900
1 61 0.506200
1 62 0.498000
1 63 0.499500
1 64 0.500700
1 65 0.501600
1 66 0.505400
1 67 0.500000
1 68 0.492200
1 69 0.496700
1 70 0.498800
1 71 0.493200
1 72 0.491300
1 73 0.495100
1 74 0.500600
1 75 0.496700
1 76 0.503300
1 77 0.497300
1 78 0.509800
1 79 0.501000
1 80 0.492900
1 81 0.498100
1 82 0.499300
1 83 0.495900
1 84 0.500100
1 85 0.501300
1 86 0.490500
1 87 0.495100
1 88 0.502600
1 89 0.506400
1 90 0.496700
1 91 0.504200
1 92 0.498200
1 93 0.509200
1 94 0.496400
1 95 0.500500
1 96 0.499600
1 97 0.501000
1 98 0.494300
1 99 0.496800
1 100 0.497200
1 101 0.506300
1 102 0.496200
1 103 0.512000
1 104 0.500900
1 105 0.507900
1 106 0.497300
1 107 0.495100
1 108 0.495800
1 109 0.499700
1 110 0.499200
1 111 0.499200
1 112 0.497500
1 113 0.502600
1 114 0.496100
1 115 0.498200
1 116 0.496800
1 117 0.501800
1 118 0.498700
1 119 0.498000
1 120 0.502900
1 121 0.505500
1 122 0.504500
1 123 0.504200
1 124 0.501300
1 125 0.504300
1 126 0.503400
1 127 0.498400
1 128 0.507900
1 129 0.497500
1 130 0.498800
1 131 0.500400
1 132 0.503800
1 133 0.506000
1 134 0.508500
1 135 0.498300
1 136 0.497300
1 137 0.503300
1 138 0.495400
1 139 0.499800
1 140 0.497000
1 141 0.501000
1 142 0.493800
1 143 0.500500
1 144 0.508300
1 145 0.495100
1 146 0.495100
1 147 0.501800
1 148 0.507200
1 149 0.492800
1 150 0.509100
1 151 0.498000
1 152 0.496300
1 153 0.501500
1 154 0.496300
1 155 0.497500
1 156 0.491800
1 157 0.497300
1 158 0.493300
1 159 0.503500
1 160 0.503000
1 161 0.507500
1 162 0.501100
1 163 0.497300
1 164 0.500000
1 165 0.504600
1 166 0.493100
1 167 0.501000
1 168 0.501000
1 169 0.495500
1 170 0.487400
1 171 0.505300
1 172 0.494300
1 173 0.497100
1 174 0.507300
1 175 0.501300
1 176 0.507100
1 177 0.494300
1 178 0.502900
1 179 0.505200
1 180 0.494300
1 181 0.497100
1 182 0.504000
1 183 0.497900
1 184 0.496100
1 185 0.501100
1 186 0.501100
1 187 0.486900
1 188 0.505100
1 189 0.492300
1 190 0.512200
1 191 0.496400
1 192 0.502100
1 193 0.500800
1 194 0.500700
1 195 0.499300
1 196 0.490000
1 197 0.506800
1 198 0.494700
1 199 0.498400
1 200 0.516500
1 201 0.506800
1 202 0.497000
1 203 0.496100
1 204 0.495700
1 205 0.495900
1 206 0.500100
1 207 0.506000
1 208 0.507400
1 209 0.502300
1 210 0.497700
1 211 0.507200
1 212 0.496600
1 213 0.507700
1 214 0.501000
1 215 0.494300
1 216 0.502200
1 217 0.503400
1 218 0.490100
1 219 0.496300
1 220 0.499500
1 221 0.501700
1 222 0.501300
1 223 0.502100
1 224 0.496800
1 225 0.505400
1 226 0.498200
1 227 0.507100
1 228 0.501300
1 229 0.505800
1 230 0.496500
1 231 0.497300
1 232 0.504900
1 233 0.504400
1 234 0.508600
1 235 0.503400
1 236 0.506000
1 237 0.495000
1 238 0.508300
1 239 0.502500
1 240 0.504900
1 241 0.493800
1 242 0.501000
1 243 0.503700
1 244 0.502600
1 245 0.488900
1 246 0.507600
1 247 0.502300
1 248 0.507700
1 249 0.496300
1 250 0.503600
1 251 0.505500
1 252 0.508900
1 253 0.501000
1 254 0.501100
1 255 0.498500
1 256 0.498300
1 257 0.499300
1 258 0.492600
1 259 0.499000
1 260 0.497800
1 261 0.500800
1 262 0.497600
1 263 0.510000
1 264 0.497100
1 265 0.502100
1 266 0.501000
1 267 0.505600
1 268 0.491600
1 269 0.496600
1 270 0.495700
1 271 0.499600
1 272 0.499500
1 273 0.498600
1 274 0.507300
1 275 0.504500
1 276 0.503900
1 277 0.496500
1 278 0.502400
1 279 0.501100
1 280 0.490300
1 281 0.504200
1 282 0.487500
1 283 0.499700
1 284 0.501000
1 285 0.497000
1 286 0.502000
1 287 0.491400
1 288 0.499900
1 289 0.500000
1 290 0.507200
1 291 0.493300
1 292 0.507300
1 293 0.512200
1 294 0.501900
1 295 0.484600
1 296 0.500600
1 297 0.504900
1 298 0.498000
1 299 0.501800
1 300 0.503100
1 301 0.495900
1 302 0.507900
1 303 0.496100
1 304 0.501700
1 305 0.493200
1 306 0.496100
1 307 0.501400
1 308 0.497600
1 309 0.496600
1 310 0.500500
1 311 0.503800
1 312 0.499300
1 313 0.499200
1 314 0.494800
1 315 0.501200
1 316 0.505400
1 317 0.492100
1 318 0.499100
1 319 0.505400
1 320 0.497300
1 321 0.498100
1 322 0.497900
1 323 0.490800
1 324 0.493900
1 325 0.500500
1 326 0.497500
1 327 0.510500
1 328 0.504000
1 329 0.500200
1 330 0.510400
1 331 0.498700
1 332 0.496400
1 333 0.503900
1 334 0.505100
1 335 0.497800
1 336 0.492200
1 337 0.505600
1 338 0.498500
1 339 0.501000
1 340 0.499700
1 341 0.498600
1 342 0.498700
1 343 0.498100
1 344 0.505300
1 345 0.508100
1 346 0.510800
1 347 0.497100
1 348 0.500500
1 349 0.498100
1 350 0.503700
1 351 0.489700
1 352 0.505300
1 353 0.500800
1 354 0.505600
1 355 0.506600
1 356 0.505200
1 357 0.502300
1 358 0.500400
1 359 0.501100
1 360 0.494100
1 361 0.496800
1 362 0.504600
1 363 0.494400
1 364 0.493800
1 365 0.501200
1 366 0.490800
1 367 0.494000
1 368 0.499900
1 369 0.496500
1 370 0.498100
1 371 0.503300
1 372 0.498300
1 373 0.500800
1 374 0.496600
1 375 0.504600
1 376 0.497800
1 377 0.506400
1 378 0.494900
1 379 0.500400
1 380 0.489500
1 381 0.498700
1 382 0.494600
1 383 0.502700
1 384 0.499700
1 385 0.491300
1 386 0.499500
1 387 0.501900
1 388 0.492700
1 389 0.503100
1 390 0.502100
1 391 0.499200
1 392 0.497700
1 393 0.508900
1 394 0.497000
1 395 0.494400
1 396 0.500300
1 397 0.491300
1 398 0.500400
1 399 0.501000
1 400 0.509200
1 401 0.497900
1 402 0.492400
1 403 0.506400
1 404 0.495000
1 405 0.499800
1 406 0.504500
1 407 0.497300
1 408 0.499500
1 409 0.494800
1 410 0.504100
1 411 0.501100
1 412 0.492100
1 413 0.495000
1 414 0.501000
1 415 0.501400
1 416 0.506000
1 417 0.494000
1 418 0.502400
1 419 0.496700
1 420 0.493400
1 421 0.492800
1 422 0.495800
1 423 0.501700
1 424 0.494600
1 425 0.501400
1 426 0.503600
1 427 0.487300
1 428 0.496800
1 429 0.492800
1 430 0.499000
1 431 0.499100
1 432 0.500500
1 433 0.503100
1 434 0.505200
1 435 0.504000
1 436 0.499100
1 437 0.500500
1 438 0.495300
1 439 0.501200
1 440 0.501700
1 441 0.496600
1 442 0.502600
1 443 0.506400
1 444 0.504700
1 445 0.494100
1 446 0.512700
1 447 0.511800
1 448 0.493600
1 449 0.499600
1 450 0.495200
1 451 0.497300
1 452 0.498500
1 453 0.495600
1 454 0.508000
1 455 0.504300
1 456 0.503600
1 457 0.498700
1 458 0.493800
1 459 0.504700
1 460 0.502100
1 461 0.497100
1 462 0.512300
1 463 0.497200
1 464 0.507500
1 465 0.502700
1 466 0.498600
1 467 0.508000
1 468 0.498700
1 469 0.494800
1 470 0.495900
1 471 0.497700
1 472 0.504300
1 473 0.505800
1 474 0.504700
1 475 0.506000
1 476 0.493700
1 477 0.499100
1 478 0.498800
1 479 0.490100
1 480 0.497000
1 481 0.498900
1 482 0.494800
1 483 0.495500
1 484 0.498200
1 485 0.499000
1 486 0.496600
1 487 0.500800
1 488 0.500400
1 489 0.498800
1 490 0.506400
1 491 0.491200
1 492 0.493900
1 493 0.503300
1 494 0.495400
1 495 0.503000
1 496 0.503100
1 497 0.494000
1 498 0.504300
1 499 0.495400
1 500 0.495900
1 501 0.498400
1 502 0.505600
1 503 0.500300
1 504 0.501200
1 505 0.501300
1 506 0.496400
1 507 0.504900
1 508 0.496900
1 509 0.494100
1 510 0.508000
1 511 0.499800
1 512 0.505900
1 513 0.501400
1 514 0.492700
1 515 0.508000
1 516 0.486200
1 517 0.504100
1 518 0.498300
1 519 0.494400
1 520 0.492100
1 521 0.496600
1 522 0.505000
1 523 0.490800
1 524 0.507100
1 525 0.496100
1 526 0.501600
1 527 0.500200
1 528 0.501100
1 529 0.506500
1 530 0.505400
1 531 0.498700
1 532 0.508200
1 533 0.505800
1 534 0.500200
1 535 0.497100
1 536 0.492300
1 537 0.497600
1 538 0.495700
1 539 0.493700
1 540 0.501100
1 541 0.503300
1 542 0.503400
1 543 0.508400
1 544 0.497500
1 545 0.498000
1 546 0.501400
1 547 0.492900
1 548 0.500300
1 549 0.499200
1 550 0.502400
1 551 0.497500
1 552 0.494100
1 553 0.497200
1 554 0.499700
1 555 0.507500
1 556 0.503000
1 557 0.500600
1 558 0.501700
1 559 0.502500
1 560 0.505000
1 561 0.501500
1 562 0.486800
1 563 0.494300
1 564 0.504500
1 565 0.505700
1 566 0.494600
1 567 0.499400
1 568 0.499400
1 569 0.499400
1 570 0.501400
1 571 0.500500
1 572 0.488100
1 573 0.506800
1 574 0.508600
1 575 0.501400
1 576 0.510000
1 577 0.500600
1 578 0.499000
1 579 0.497600
1 580 0.506500
1 581 0.508200
1 582 0.495600
1 583 0.500500
1 584 0.493900
1 585 0.495300
1 586 0.501300
1 587 0.504400
1 588 0.492700
1 589 0.496400
1 590 0.509800
1 591 0.493000
1 592 0.497800
1 593 0.501200
1 594 0.508300
1 595 0.508200
1 596 0.494100
1 597 0.499100
1 598 0.504900
1 599 0.508300
1 600 0.506900
1 601 0.498400
1 602 0.502200
1 603 0.494900
1 604 0.503700
1 605 0.489500
1 606 0.507500
1 607 0.505400
1 608 0.512000
1 609 0.497300
1 610 0.496600
1 611 0.496700
1 612 0.499100
1 613 0.503000
1 614 0.495300
1 615 0.499700
1 616 0.507000
1 617 0.495200
1 618 0.499500
1 619 0.503000
1 620 0.502400
1 621 0.498700
1 622 0.493300
1 623 0.494000
1 624 0.498100
1 625 0.499600
1 626 0.496900
1 627 0.499800
1 628 0.508200
1 629 0.497800
1 630 0.512500
1 631 0.497900
1 632 0.505200
1 633 0.492800
1 634 0.504300
1 635 0.501400
1 636 0.501700
1 637 0.499500
1 638 0.498000
1 639 0.507300
1 640 0.498900
1 641 0.508500
1 642 0.497100
1 643 0.496200
1 644 0.496900
1 645 0.504100
1 646 0.501500
1 647 0.495700
1 648 0.497800
1 649 0.497100
1 650 0.503000
1 651 0.505100
1 652 0.508200
1 653 0.501600
1 654 0.490000
1 655 0.504700
1 656 0.494800
1 657 0.506200
1 658 0.502400
1 659 0.500900
1 660 0.506300
1 661 0.492800
1 662 0.496700
1 663 0.501700
1 664 0.505200
1 665 0.505100
1 666 0.507900
1 667 0.494200
1 668 0.501700
1 669 0.505200
1 670 0.505600
1 671 0.510700
1 672 0.500400
1 673 0.510500
1 674 0.503300
1 675 0.501800
1 676 0.498400
1 677 0.495000
1 678 0.510900
1 679 0.499400
1 680 0.497000
1 681 0.506900
1 682 0.506600
1 683 0.508000
1 684 0.501000
1 685 0.495400
1 686 0.498400
1 687 0.487000
1 688 0.496800
1 689 0.507300
1 690 0.502400
1 691 0.504800
1 692 0.500900
1 693 0.497500
1 694 0.496100
1 695 0.503800
1 696 0.493900
1 697 0.494900
1 698 0.496800
1 699 0.499500
1 700 0.503400
1 701 0.500500
1 702 0.495400
1 703 0.495700
1 704 0.502000
1 705 0.504700
1 706 0.504200
1 707 0.490500
1 708 0.505600
1 709 0.501800
1 710 0.498600
1 711 0.496100
1 712 0.500700
1 713 0.497200
1 714 0.512200
1 715 0.506000
1 716 0.499200
1 717 0.505300
1 718 0.498100
1 719 0.490300
1 720 0.505500
1 721 0.503300
1 722 0.502900
1 723 0.506400
1 724 0.506700
1 725 0.498600
1 726 0.495700
1 727 0.497800
1 728 0.502800
1 729 0.499400
1 730 0.504900
1 731 0.508700
1 732 0.498700
1 733 0.500100
1 734 0.496500
1 735 0.504700
1 736 0.505600
1 737 0.498500
1 738 0.498000
1 739 0.494300
1 740 0.500400
1 741 0.497100
1 742 0.496800
1 743 0.493700
1 744 0.509300
1 745 0.499900
1 746 0.504100
1 747 0.499100
1 748 0.498200
1 749 0.505000
1 750 0.497300
1 751 0.495000
1 752 0.502000
1 753 0.504500
1 754 0.499300
1 755 0.496500
1 756 0.494300
1 757 0.502500
1 758 0.507800
1 759 0.504300
1 760 0.496000
1 761 0.494100
1 762 0.508600
1 763 0.501100
1 764 0.500800
1 765 0.502300
1 766 0.496500
1 767 0.502700
1 768 0.496800
1 769 0.495000
1 770 0.502300
1 771 0.499900
1 772 0.496200
1 773 0.493000
1 774 0.497400
1 775 0.493300
1 776 0.513100
1 777 0.504000
1 778 0.499500
1 779 0.493800
1 780 0.494100
1 781 0.501500
1 782 0.498200
1 783 0.508400
1 784 0.503600
1 785 0.491800
1 786 0.500300
1 787 0.498900
1 788 0.500100
1 789 0.492600
1 790 0.495500
1 791 0.493900
1 792 0.506100
1 793 0.498400
1 794 0.506900
1 795 0.499600
1 796 0.499400
1 797 0.504300
1 798 0.497500
1 799 0.504000
1 800 0.502200
1 801 0.491600
1 802 0.500500
1 803 0.502900
1 804 0.488000
1 805 0.515000
1 806 0.495400
1 807 0.501000
1 808 0.491000
1 809 0.501100
1 810 0.502300
1 811 0.494700
1 812 0.496800
1 813 0.504800
1 814 0.508500
1 815 0.501000
1 816 0.508900
1 817 0.501100
1 818 0.499000
1 819 0.502500
1 820 0.502400
1 821 0.495700
1 822 0.508800
1 823 0.497700
1 824 0.506100
1 825 0.495600
1 826 0.506300
1 827 0.508100
1 828 0.500600
1 829 0.496600
1 830 0.499500
1 831 0.498900
1 832 0.501100
1 833 0.487700
1 834 0.505900
1 835 0.493900
1 836 0.494700
1 837 0.499700
1 838 0.502600
1 839 0.497600
1 840 0.492300
1 841 0.506400
1 842 0.502600
1 843 0.498900
1 844 0.502000
1 845 0.487800
1 846 0.501800
1 847 0.502300
1 848 0.507200
1 849 0.484500
1 850 0.494100
1 851 0.499800
1 852 0.504100
1 853 0.506300
1 854 0.504300
1 855 0.504400
1 856 0.499000
1 857 0.499900
1 858 0.504300
1 859 0.502600
1 860 0.491500
1 861 0.495300
1 862 0.497200
1 863 0.497600
1 864 0.502100
1 865 0.504100
1 866 0.501700
1 867 0.492400
1 868 0.493100
1 869 0.495500
1 870 0.499600
1 871 0.508100
1 872 0.506300
1 873 0.507600
1 874 0.504000
1 875 0.507700
1 876 0.498600
1 877 0.495700
1 878 0.500100
1 879 0.506600
1 880 0.498700
1 881 0.494400
1 882 0.502100
1 883 0.498100
1 884 0.496700
1 885 0.505100
1 886 0.498100
1 887 0.505500
1 888 0.503100
1 889 0.504800
1 890 0.503600
1 891 0.499200
1 892 0.501700
1 893 0.498200
1 894 0.492800
1 895 0.497200
1 896 0.494700
1 897 0.501600
1 898 0.497400
1 899 0.499900
1 900 0.498300
1 901 0.501800
1 902 0.507700
1 903 0.505400
1 904 0.497500
1 905 0.503000
1 906 0.498900
1 907 0.501100
1 908 0.490800
1 909 0.505700
1 910 0.504400
1 911 0.497300
1 912 0.507800
1 913 0.501100
1 914 0.508000
1 915 0.510100
1 916 0.499000
1 917 0.504800
1 918 0.503900
1 919 0.500500
1 920 0.496400
1 921 0.514100
1 922 0.503100
1 923 0.493300
1 924 0.495800
1 925 0.505900
1 926 0.506600
1 927 0.503700
1 928 0.493800
1 929 0.495800
1 930 0.495300
1 931 0.494600
1 932 0.489800
1 933 0.501000
1 934 0.499800
1 935 0.500100
1 936 0.495200
1 937 0.497300
1 938 0.501400
1 939 0.500700
1 940 0.501700
1 941 0.505100
1 942 0.503300
1 943 0.497600
1 944 0.488500
1 945 0.500200
1 946 0.508600
1 947 0.493100
1 948 0.502600
1 949 0.499600
1 950 0.504300
1 951 0.491400
1 952 0.501000
1 953 0.498800
1 954 0.494100
1 955 0.502200
1 956 0.505900
1 957 0.508100
1 958 0.493400
1 959 0.496800
1 960 0.504100
1 961 0.497200
1 962 0.507800
1 963 0.506400
1 964 0.505100
1 965 0.503000
1 966 0.499100
1 967 0.509500
1 968 0.496600
1 969 0.505000
1 970 0.499300
1 971 0.497600
1 972 0.507300
1 973 0.500200
1 974 0.493900
1 975 0.498500
1 976 0.492700
1 977 0.505400
1 978 0.496900
1 979 0.501700
1 980 0.506100
1 981 0.503300
1 982 0.506800
1 983 0.505500
1 984 0.498500
1 985 0.501500
1 986 0.500500
1 987 0.498700
1 988 0.487500
1 989 0.496100
1 990 0.502100
1 991 0.501100
1 992 0.506600
1 993 0.502000
1 994 0.500200
1 995 0.502100
1 996 0.488200
1 997 0.501800
1 998 0.495300
1 999 0.500700
1 1000 0.503800
2 1 0.501600
2 2 0.378800
2 3 0.346300
2 4 0.329100
2 5 0.330500
2 6 0.335300
2 7 0.328000
2 8 0.338900
2 9 0.343900
2 10 0.324600
2 11 0.328300
2 12 0.333400
2 13 0.335700
2 14 0.336100
2 15 0.336600
2 16 0.336600
2 17 0.327200
2 18 0.335300
2 19 0.331700
2 20 0.336700
2 21 0.332100
2 22 0.335700
2 23 0.335800
2 24 0.335300
2 25 0.337800
2 26 0.332800
2 27 0.332800
2 28 0.334300
2 29 0.333100
2 30 0.332400
2 31 0.334000
2 32 0.336900
2 33 0.335800
2 34 0.336600
2 35 0.346300
2 36 0.339100
2 37 0.333400
2 38 0.338600
2 39 0.342500
2 40 0.338600
2 41 0.326200
2 42 0.327400
2 43 0.328900
2 44 0.328600
2 45 0.339500
2 46 0.327400
2 47 0.331500
2 48 0.335700
2 49 0.324900
2 50 0.333300
2 51 0.332900
2 52 0.326300
2 53 0.326200
2 54 0.332100
2 55 0.325400
2 56 0.335100
2 57 0.338300
2 58 0.340400
2 59 0.333700
2 60 0.326100
2 61 0.330400
2 62 0.326500
2 63 0.334600
2 64 0.328800
2 65 0.326300
2 66 0.333200
2 67 0.328600
2 68 0.332600
2 69 0.333500
2 70 0.337600
2 71 0.323500
2 72 0.326700
2 73 0.335200
2 74 0.339200
2 75 0.330100
2 76 0.340200
2 77 0.338500
2 78 0.343100
2 79 0.337900
2 80 0.334100
2 81 0.326300
2 82 0.327800
2 83 0.322200
2 84 0.327000
2 85 0.328800
2 86 0.330000
2 87 0.338600
2 88 0.335200
2 89 0.330400
2 90 0.331300
2 91 0.329800
2 92 0.327500
2 93 0.334900
2 94 0.331500
2 95 0.342000
2 96 0.335000
2 97 0.337000
2 98 0.330400
2 99 0.330800
2 100 0.336400
2 101 0.335800
2 102 0.337600
2 103 0.339100
2 104 0.338300
2 105 0.337300
2 106 0.326100
2 107 0.331600
2 108 0.338000
2 109 0.338100
2 110 0.328800
2 111 0.336600
2 112 0.333100
2 113 0.336800
2 114 0.334900
2 115 0.329400
2 116 0.328300
2 117 0.334100
2 118 0.335600
2 119 0.333900
2 120 0.334200
2 121 0.332900
2 122 0.331900
2 123 0.331800
2 124 0.338900
2 125 0.341600
2 126 0.336500
2 127 0.330000
2 128 0.335300
2 129 0.336400
2 130 0.337300
2 131 0.332600
2 132 0.344400
2 133 0.340500
2 134 0.345100
2 135 0.342200
2 136 0.341900
2 137 0.333600
2 138 0.333200
2 139 0.330200
2 140 0.322200
2 141 0.331300
2 142 0.322300
2 143 0.338000
2 144 0.344400
2 145 0.331100
2 146 0.337000
2 147 0.332300
2 148 0.336600
2 149 0.338900
2 150 0.341200
2 151 0.339300
2 152 0.334100
2 153 0.336600
2 154 0.332600
2 155 0.332800
2 156 0.330800
2 157 0.326600
2 158 0.324100
2 159 0.334100
2 160 0.332700
2 161 0.334000
2 162 0.324000
2 163 0.334300
2 164 0.329000
2 165 0.329700
2 166 0.328300
2 167 0.332400
2 168 0.341400
2 169 0.336700
2 170 0.332500
2 171 0.330500
2 172 0.332900
2 173 0.327700
2 174 0.336100
2 175 0.338100
2 176 0.342400
2 177 0.329600
2 178 0.327600
2 179 0.332000
2 180 0.328200
2 181 0.330400
2 182 0.329400
2 183 0.325000
2 184 0.328300
2 185 0.330100
2 186 0.329300
2 187 0.331200
2 188 0.329400
2 189 0.325300
2 190 0.335700
2 191 0.335600
2 192 0.333900
2 193 0.329200
2 194 0.331900
2 195 0.326000
2 196 0.331900
2 197 0.338300
2 198 0.337100
2 199 0.327500
2 200 0.339200
2 201 0.327800
2 202 0.329900
2 203 0.329800
2 204 0.326100
2 205 0.324400
2 206 0.331000
2 207 0.332600
2 208 0.337700
2 209 0.342400
2 210 0.334800
2 211 0.343500
2 212 0.335900
2 213 0.331200
2 214 0.331000
2 215 0.329200
2 216 0.337500
2 217 0.329300
2 218 0.332400
2 219 0.324800
2 220 0.327800
2 221 0.341100
2 222 0.336400
2 223 0.334800
2 224 0.324500
2 225 0.328600
2 226 0.333400
2 227 0.335700
2 228 0.332500
2 229 0.332800
2 230 0.340600
2 231 0.334400
2 232 0.332000
2 233 0.340700
2 234 0.336400
2 235 0.334200
2 236 0.334200
2 237 0.330700
2 238 0.339000
2 239 0.332400
2 240 0.342200
2 241 0.332900
2 242 0.336200
2 243 0.329000
2 244 0.325500
2 245 0.332400
2 246 0.336100
2 247 0.329400
2 248 0.330500
2 249 0.334500
2 250 0.343900
2 251 0.332100
2 252 0.335900
2 253 0.331900
2 254 0.335500
2 255 0.331600
2 256 0.328400
2 257 0.326800
2 258 0.337800
2 259 0.328800
2 260 0.323100
2 261 0.332000
2 262 0.332700
2 263 0.332400
2 264 0.331000
2 265 0.339000
2 266 0.335600
2 267 0.331100
2 268 0.326800
2 269 0.328700
2 270 0.328300
2 271 0.336100
2 272 0.347000
2 273 0.345300
2 274 0.327700
2 275 0.336800
2 276 0.337800
2 277 0.348800
2 278 0.336900
2 279 0.327900
2 280 0.326800
2 281 0.334400
2 282 0.328400
2 283 0.333500
2 284 0.341300
2 285 0.336300
2 286 0.335600
2 287 0.326500
2 288 0.330100
2 289 0.332100
2 290 0.332000
2 291 0.337200
2 292 0.335200
2 293 0.337300
2 294 0.331700
2 295 0.328400
2 296 0.326100
2 297 0.331100
2 298 0.336200
2 299 0.337400
2 300 0.324400
2 301 0.334100
2 302 0.331900
2 303 0.331500
2 304 0.337700
2 305 0.339900
2 306 0.326200
2 307 0.334800
2 308 0.339000
2 309 0.333600
2 310 0.334100
2 311 0.333600
2 312 0.338700
2 313 0.342700
2 314 0.335300
2 315 0.332800
2 316 0.332100
2 317 0.321600
2 318 0.330000
2 319 0.336300
2 320 0.327000
2 321 0.332500
2 322 0.334400
2 323 0.335900
2 324 0.333700
2 325 0.340700
2 326 0.328500
2 327 0.327100
2 328 0.328300
2 329 0.329200
2 330 0.340000
2 331 0.338900
2 332 0.318200
2 333 0.325000
2 334 0.336300
2 335 0.331100
2 336 0.332100
2 337 0.336800
2 338 0.336900
2 339 0.333700
2 340 0.330100
2 341 0.325800
2 342 0.330000
2 343 0.329800
2 344 0.337300
2 345 0.338100
2 346 0.343800
2 347 0.337400
2 348 0.331500
2 349 0.329400
2 350 0.332100
2 351 0.331400
2 352 0.334000
2 353 0.336900
2 354 0.339400
2 355 0.334300
2 356 0.339100
2 357 0.331100
2 358 0.327500
2 359 0.333200
2 360 0.322800
2 361 0.331500
2 362 0.338500
2 363 0.320900
2 364 0.330200
2 365 0.337700
2 366 0.331300
2 367 0.330000
2 368 0.333600
2 369 0.329500
2 370 0.335800
2 371 0.338500
2 372 0.332700
2 373 0.338400
2 374 0.329900
2 375 0.329200
2 376 0.326600
2 377 0.329100
2 378 0.329700
2 379 0.332900
2 380 0.326900
2 381 0.328100
2 382 0.330900
2 383 0.330600
2 384 0.337800
2 385 0.330700
2 386 0.323300
2 387 0.334900
2 388 0.335200
2 389 0.331500
2 390 0.330600
2 391 0.335500
2 392 0.328500
2 393 0.340400
2 394 0.331000
2 395 0.335700
2 396 0.327800
2 397 0.330900
2 398 0.328100
2 399 0.327200
2 400 0.343100
2 401 0.334600
2 402 0.336000
2 403 0.333400
2 404 0.340000
2 405 0.338300
2 406 0.337000
2 407 0.335600
2 408 0.335200
2 409 0.332600
2 410 0.337700
2 411 0.329900
2 412 0.326400
2 413 0.325500
2 414 0.337700
2 415 0.325600
2 416 0.332500
2 417 0.324400
2 418 0.326700
2 419 0.332400
2 420 0.327100
2 421 0.328100
2 422 0.332400
2 423 0.328600
2 424 0.333100
2 425 0.334000
2 426 0.330300
2 427 0.328200
2 428 0.331700
2 429 0.329800
2 430 0.320800
2 431 0.334600
2 432 0.326800
2 433 0.329700
2 434 0.343300
2 435 0.329100
2 436 0.336000
2 437 0.333700
2 438 0.327200
2 439 0.329200
2 440 0.334900
2 441 0.338300
2 442 0.338700
2 443 0.337800
2 444 0.333600
2 445 0.326600
2 446 0.336300
2 447 0.326900
2 448 0.345300
2 449 0.338600
2 450 0.328300
2 451 0.335300
2 452 0.329500
2 453 0.334800
2 454 0.338600
2 455 0.338300
2 456 0.333100
2 457 0.330300
2 458 0.333100
2 459 0.340900
2 460 0.341200
2 461 0.334700
2 462 0.337000
2 463 0.335100
2 464 0.333300
2 465 0.332100
2 466 0.337000
2 467 0.338200
2 468 0.335100
2 469 0.327600
2 470 0.331100
2 471 0.332000
2 472 0.336600
2 473 0.334500
2 474 0.336000
2 475 0.335200
2 476 0.338500
2 477 0.336200
2 478 0.337700
2 479 0.327800
2 480 0.327600
2 481 0.332100
2 482 0.330000
2 483 0.330100
2 484 0.332200
2 485 0.328000
2 486 0.335000
2 487 0.336500
2 488 0.336000
2 489 0.334400
2 490 0.335700
2 491 0.330700
2 492 0.330300
2 493 0.343300
2 494 0.338400
2 495 0.334900
2 496 0.328000
2 497 0.325700
2 498 0.331500
2 499 0.331900
2 500 0.333300
2 501 0.322400
2 502 0.334400
2 503 0.332000
2 504 0.336200
2 505 0.337700
2 506 0.333600
2 507 0.331200
2 508 0.329200
2 509 0.330300
2 510 0.339300
2 511 0.326600
2 512 0.331400
2 513 0.333200
2 514 0.326800
2 515 0.340000
2 516 0.330100
2 517 0.334200
2 518 0.335600
2 519 0.327900
2 520 0.331100
2 521 0.337700
2 522 0.330000
2 523 0.328800
2 524 0.336400
2 525 0.336300
2 526 0.332700
2 527 0.331000
2 528 0.338700
2 529 0.335300
2 530 0.339200
2 531 0.336400
2 532 0.343900
2 533 0.330700
2 534 0.332200
2 535 0.331000
2 536 0.331700
2 537 0.335600
2 538 0.334900
2 539 0.330100
2 540 0.330000
2 541 0.332100
2 542 0.340500
2 543 0.341300
2 544 0.343300
2 545 0.339300
2 546 0.338000
2 547 0.329500
2 548 0.330600
2 549 0.335200
2 550 0.329800
2 551 0.335600
2 552 0.328100
2 553 0.329300
2 554 0.340000
2 555 0.332600
2 556 0.328500
2 557 0.339400
2 558 0.338500
2 559 0.332000
2 560 0.327600
2 561 0.334500
2 562 0.331900
2 563 0.336500
2 564 0.334000
2 565 0.340400
2 566 0.330900
2 567 0.328200
2 568 0.325800
2 569 0.332600
2 570 0.332600
2 571 0.334800
2 572 0.331700
2 573 0.336800
2 574 0.339100
2 575 0.339800
2 576 0.342800
2 577 0.334800
2 578 0.325800
2 579 0.329100
2 580 0.341000
2 581 0.345800
2 582 0.333400
2 583 0.338400
2 584 0.334800
2 585 0.333200
2 586 0.328600
2 587 0.338800
2 588 0.326000
2 589 0.332300
2 590 0.331600
2 591 0.324900
2 592 0.329000
2 593 0.338500
2 594 0.337000
2 595 0.336100
2 596 0.325300
2 597 0.331900
2 598 0.333700
2 599 0.339900
2 600 0.333400
2 601 0.334800
2 602 0.334800
2 603 0.339200
2 604 0.337900
2 605 0.326400
2 606 0.336500
2 607 0.340600
2 608 0.335000
2 609 0.330400
2 610 0.322000
2 611 0.333100
2 612 0.330500
2 613 0.336800
2 614 0.328700
2 615 0.337100
2 616 0.335000
2 617 0.329600
2 618 0.335000
2 619 0.332100
2 620 0.334400
2 621 0.335100
2 622 0.331400
2 623 0.326400
2 624 0.326500
2 625 0.334500
2 626 0.332400
2 627 0.331100
2 628 0.332200
2 629 0.336300
2 630 0.339300
2 631 0.330600
2 632 0.335300
2 633 0.329400
2 634 0.328500
2 635 0.332000
2 636 0.338000
2 637 0.330300
2 638 0.331300
2 639 0.335000
2 640 0.330700
2 641 0.335200
2 642 0.332900
2 643 0.332600
2 644 0.335900
2 645 0.331600
2 646 0.329800
2 647 0.329400
2 648 0.332800
2 649 0.335200
2 650 0.331800
2 651 0.333800
2 652 0.344100
2 653 0.343500
2 654 0.331500
2 655 0.328900
2 656 0.328400
2 657 0.336400
2 658 0.332600
2 659 0.331900
2 660 0.335200
2 661 0.341100
2 662 0.332500
2 663 0.329900
2 664 0.333800
2 665 0.327100
2 666 0.336100
2 667 0.331300
2 668 0.331700
2 669 0.327300
2 670 0.332200
2 671 0.331900
2 672 0.330300
2 673 0.339800
2 674 0.339200
2 675 0.335500
2 676 0.337000
2 677 0.328100
2 678 0.338100
2 679 0.335200
2 680 0.331300
2 681 0.331800
2 682 0.336200
2 683 0.335800
2 684 0.338700
2 685 0.331500
2 686 0.336400
2 687 0.329800
2 688 0.323400
2 689 0.334900
2 690 0.338900
2 691 0.334600
2 692 0.329300
2 693 0.322700
2 694 0.331000
2 695 0.333800
2 696 0.320500
2 697 0.323700
2 698 0.330900
2 699 0.329600
2 700 0.337800
2 701 0.334700
2 702 0.335000
2 703 0.336400
2 704 0.330600
2 705 0.332300
2 706 0.341000
2 707 0.328400
2 708 0.336200
2 709 0.329900
2 710 0.331200
2 711 0.334100
2 712 0.329600
2 713 0.329200
2 714 0.337000
2 715 0.338600
2 716 0.339700
2 717 0.343900
2 718 0.334700
2 719 0.337800
2 720 0.335600
2 721 0.340700
2 722 0.334100
2 723 0.335300
2 724 0.335000
2 725 0.330200
2 726 0.331400
2 727 0.329800
2 728 0.332400
2 729 0.339600
2 730 0.341900
2 731 0.335000
2 732 0.336100
2 733 0.332600
2 734 0.329700
2 735 0.334600
2 736 0.336200
2 737 0.339200
2 738 0.332800
2 739 0.333600
2 740 0.330600
2 741 0.333800
2 742 0.330700
2 743 0.334600
2 744 0.341900
2 745 0.338800
2 746 0.335900
2 747 0.333200
2 748 0.338600
2 749 0.341600
2 750 0.333800
2 751 0.329000
2 752 0.329900
2 753 0.340100
2 754 0.337000
2 755 0.330000
2 756 0.330500
2 757 0.341300
2 758 0.334600
2 759 0.336900
2 760 0.332800
2 761 0.326300
2 762 0.337500
2 763 0.332300
2 764 0.332600
2 765 0.332300
2 766 0.334700
2 767 0.338000
2 768 0.333600
2 769 0.332900
2 770 0.332500
2 771 0.328100
2 772 0.336200
2 773 0.335100
2 774 0.324600
2 775 0.328300
2 776 0.333200
2 777 0.336400
2 778 0.331300
2 779 0.330300
2 780 0.327600
2 781 0.330200
2 782 0.332900
2 783 0.335600
2 784 0.326900
2 785 0.327300
2 786 0.332900
2 787 0.336500
2 788 0.336300
2 789 0.332500
2 790 0.326100
2 791 0.332800
2 792 0.330900
2 793 0.327100
2 794 0.330100
2 795 0.330500
2 796 0.333700
2 797 0.337000
2 798 0.328200
2 799 0.324800
2 800 0.332800
2 801 0.328700
2 802 0.326400
2 803 0.333600
2 804 0.324900
2 805 0.339000
2 806 0.327100
2 807 0.332100
2 808 0.328500
2 809 0.336100
2 810 0.336800
2 811 0.337500
2 812 0.338200
2 813 0.337500
2 814 0.338700
2 815 0.338200
2 816 0.333400
2 817 0.333400
2 818 0.333500
2 819 0.329300
2 820 0.335200
2 821 0.335100
2 822 0.336800
2 823 0.340600
2 824 0.343000
2 825 0.330700
2 826 0.336000
2 827 0.338800
2 828 0.331100
2 829 0.332200
2 830 0.330700
2 831 0.329400
2 832 0.335700
2 833 0.326800
2 834 0.332700
2 835 0.334700
2 836 0.337500
2 837 0.337700
2 838 0.335600
2 839 0.334200
2 840 0.328000
2 841 0.335400
2 842 0.331700
2 843 0.326300
2 844 0.340000
2 845 0.332500
2 846 0.332200
2 847 0.328400
2 848 0.339300
2 849 0.328400
2 850 0.326300
2 851 0.335600
2 852 0.335500
2 853 0.336700
2 854 0.334100
2 855 0.340800
2 856 0.340300
2 857 0.333400
2 858 0.334800
2 859 0.332600
2 860 0.334500
2 861 0.327300
2 862 0.334100
2 863 0.329500
2 864 0.334000
2 865 0.339200
2 866 0.339400
2 867 0.334500
2 868 0.329100
2 869 0.327500
2 870 0.330700
2 871 0.335100
2 872 0.334400
2 873 0.336200
2 874 0.333900
2 875 0.334200
2 876 0.333600
2 877 0.335100
2 878 0.334400
2 879 0.338300
2 880 0.334700
2 881 0.332900
2 882 0.328100
2 883 0.332300
2 884 0.332300
2 885 0.342400
2 886 0.339600
2 887 0.339600
2 888 0.332500
2 889 0.333800
2 890 0.339400
2 891 0.335500
2 892 0.333200
2 893 0.332600
2 894 0.326000
2 895 0.329800
2 896 0.329900
2 897 0.336500
2 898 0.329000
2 899 0.319600
2 900 0.322100
2 901 0.334500
2 902 0.334900
2 903 0.329100
2 904 0.336600
2 905 0.336300
2 906 0.339500
2 907 0.329300
2 908 0.321000
2 909 0.325500
2 910 0.332600
2 911 0.328100
2 912 0.328800
2 913 0.335200
2 914 0.335300
2 915 0.331700
2 916 0.326100
2 917 0.331900
2 918 0.334600
2 919 0.332100
2 920 0.331200
2 921 0.337200
2 922 0.339700
2 923 0.330700
2 924 0.333900
2 925 0.336400
2 926 0.328500
2 927 0.322600
2 928 0.323800
2 929 0.325200
2 930 0.325300
2 931 0.333400
2 932 0.330600
2 933 0.331300
2 934 0.328900
2 935 0.326900
2 936 0.328400
2 937 0.335100
2 938 0.335700
2 939 0.333700
2 940 0.336600
2 941 0.333700
2 942 0.333900
2 943 0.333500
2 944 0.326300
2 945 0.334300
2 946 0.335700
2 947 0.330200
2 948 0.321800
2 949 0.333200
2 950 0.338900
2 951 0.319900
2 952 0.332800
2 953 0.330400
2 954 0.319700
2 955 0.326500
2 956 0.336300
2 957 0.338700
2 958 0.333600
2 959 0.332200
2 960 0.332000
2 961 0.337600
2 962 0.338400
2 963 0.338000
2 964 0.336200
2 965 0.337600
2 966 0.335000
2 967 0.338500
2 968 0.336800
2 969 0.335800
2 970 0.333000
2 971 0.338200
2 972 0.328100
2 973 0.338200
2 974 0.327600
2 975 0.330400
2 976 0.334300
2 977 0.335500
2 978 0.334500
2 979 0.340000
2 980 0.333500
2 981 0.334200
2 982 0.338400
2 983 0.336500
2 984 0.329600
2 985 0.330000
2 986 0.338300
2 987 0.332000
2 988 0.327000
2 989 0.333800
2 990 0.330100
2 991 0.330300
2 992 0.340400
2 993 0.333800
2 994 0.329400
2 995 0.330100
2 996 0.326800
2 997 0.336200
2 998 0.328500
2 999 0.339400
2 1000 0.326100
