1 1 0.502300
1 2 0.502300
1 3 0.500300
1 4 0.496300
1 5 0.498200
1 6 0.494900
1 7 0.496400
1 8 0.500900
1 9 0.501800
1 10 0.499100
1 11 0.497700
1 12 0.503100
1 13 0.503100
1 14 0.510800
1 15 0.496200
1 16 0.501400
1 17 0.497400
1 18 0.498800
1 19 0.500700
1 20 0.504300
1 21 0.508100
1 22 0.496300
1 23 0.512400
1 24 0.496700
1 25 0.502600
1 26 0.495900
1 27 0.500400
1 28 0.485800
1 29 0.499900
1 30 0.504300
1 31 0.497200
1 32 0.495700
1 33 0.500400
1 34 0.498800
1 35 0.506000
1 36 0.502400
1 37 0.499300
1 38 0.505600
1 39 0.497700
1 40 0.500600
1 41 0.495800
1 42 0.496800
1 43 0.495500
1 44 0.496500
1 45 0.502700
1 46 0.498000
1 47 0.507500
1 48 0.497600
1 49 0.500500
1 50 0.507100
1 51 0.492100
1 52 0.490800
1 53 0.501200
1 54 0.499100
1 55 0.502800
1 56 0.495700
1 57 0.497800
1 58 0.508000
1 59 0.496900
1 60 0.500000
1 61 0.507100
1 62 0.497800
1 63 0.508100
1 64 0.503300
1 65 0.503900
1 66 0.490500
1 67 0.504900
1 68 0.493200
1 69 0.504900
1 70 0.500000
1 71 0.502900
1 72 0.500700
1 73 0.501200
1 74 0.500700
1 75 0.502300
1 76 0.492100
1 77 0.492100
1 78 0.504000
1 79 0.497500
1 80 0.508100
1 81 0.503600
1 82 0.499100
1 83 0.497600
1 84 0.498300
1 85 0.497400
1 86 0.498200
1 87 0.496800
1 88 0.505600
1 89 0.502600
1 90 0.496000
1 91 0.496900
1 92 0.501400
1 93 0.505400
1 94 0.504900
1 95 0.502600
1 96 0.499500
1 97 0.494800
1 98 0.496600
1 99 0.494000
1 100 0.498100
1 101 0.505700
1 102 0.503600
1 103 0.502400
1 104 0.500000
1 105 0.500800
1 106 0.509100
1 107 0.500200
1 108 0.495300
1 109 0.509100
1 110 0.501600
1 111 0.508400
1 112 0.506100
1 113 0.507700
1 114 0.509900
1 115 0.502600
1 116 0.497000
1 117 0.503700
1 118 0.496200
1 119 0.499000
1 120 0.499000
1 121 0.501900
1 122 0.501400
1 123 0.505700
1 124 0.503200
1 125 0.492500
1 126 0.490500
1 127 0.498000
1 128 0.495100
1 129 0.494400
1 130 0.502600
1 131 0.498800
1 132 0.496500
1 133 0.501100
1 134 0.509300
1 135 0.504400
1 136 0.494900
1 137 0.503000
1 138 0.497000
1 139 0.502300
1 140 0.498000
1 141 0.505700
1 142 0.494100
1 143 0.504900
1 144 0.505200
1 145 0.499800
1 146 0.495900
1 147 0.500500
1 148 0.493000
1 149 0.506500
1 150 0.495100
1 151 0.500000
1 152 0.499000
1 153 0.508200
1 154 0.508400
1 155 0.501000
1 156 0.498700
1 157 0.497100
1 158 0.499400
1 159 0.509800
1 160 0.506400
1 161 0.499200
1 162 0.503100
1 163 0.504600
1 164 0.496600
1 165 0.493700
1 166 0.504100
1 167 0.505200
1 168 0.501700
1 169 0.496400
1 170 0.507800
1 171 0.495600
1 172 0.500600
1 173 0.503100
1 174 0.507500
1 175 0.499900
1 176 0.504400
1 177 0.502000
1 178 0.500400
1 179 0.503300
1 180 0.495600
1 181 0.497600
1 182 0.499700
1 183 0.492900
1 184 0.503100
1 185 0.496200
1 186 0.493300
1 187 0.500300
1 188 0.491100
1 189 0.498900
1 190 0.500200
1 191 0.512000
1 192 0.495700
1 193 0.491000
1 194 0.501200
1 195 0.509000
1 196 0.492200
1 197 0.500000
1 198 0.507700
1 199 0.492800
1 200 0.497200
1 201 0.496200
1 202 0.505200
1 203 0.493200
1 204 0.503400
1 205 0.497700
1 206 0.496100
1 207 0.507600
1 208 0.500800
1 209 0.499000
1 210 0.504900
1 211 0.505200
1 212 0.497900
1 213 0.499800
1 214 0.495700
1 215 0.503600
1 216 0.493000
1 217 0.501700
1 218 0.493700
1 219 0.496600
1 220 0.501400
1 221 0.499400
1 222 0.505200
1 223 0.500600
1 224 0.494400
1 225 0.498400
1 226 0.495900
1 227 0.504600
1 228 0.501000
1 229 0.499200
1 230 0.504600
1 231 0.496500
1 232 0.498800
1 233 0.502300
1 234 0.498600
1 235 0.498500
1 236 0.500700
1 237 0.503300
1 238 0.497100
1 239 0.495900
1 240 0.492000
1 241 0.505400
1 242 0.507200
1 243 0.499300
1 244 0.499200
1 245 0.504700
1 246 0.505900
1 247 0.491200
1 248 0.504700
1 249 0.495400
1 250 0.495100
1 251 0.499100
1 252 0.494100
1 253 0.501100
1 254 0.515200
1 255 0.510200
1 256 0.505500
1 257 0.501400
1 258 0.504900
1 259 0.498600
1 260 0.501700
1 261 0.502800
1 262 0.499900
1 263 0.486900
1 264 0.497000
1 265 0.495800
1 266 0.500600
1 267 0.497700
1 268 0.488200
1 269 0.510500
1 270 0.497200
1 271 0.505900
1 272 0.501600
1 273 0.497900
1 274 0.503200
1 275 0.508100
1 276 0.496800
1 277 0.495900
1 278 0.502500
1 279 0.498600
1 280 0.497900
1 281 0.503000
1 282 0.502900
1 283 0.508900
1 284 0.501800
1 285 0.506200
1 286 0.506200
1 287 0.503100
1 288 0.512600
1 289 0.495900
1 290 0.501200
1 291 0.509000
1 292 0.504000
1 293 0.498900
1 294 0.493500
1 295 0.496700
1 296 0.501700
1 297 0.490600
1 298 0.502000
1 299 0.488000
1 300 0.497000
1 301 0.495300
1 302 0.502100
1 303 0.505800
1 304 0.503400
1 305 0.500500
1 306 0.502500
1 307 0.494700
1 308 0.493300
1 309 0.501100
1 310 0.502700
1 311 0.508300
1 312 0.494700
1 313 0.498200
1 314 0.495800
1 315 0.500500
1 316 0.498600
1 317 0.504400
1 318 0.502100
1 319 0.493500
1 320 0.498900
1 321 0.491100
1 322 0.503400
1 323 0.501900
1 324 0.494200
1 325 0.498700
1 326 0.500900
1 327 0.503900
1 328 0.500500
1 329 0.507600
1 330 0.507500
1 331 0.498000
1 332 0.499900
1 333 0.508400
1 334 0.495200
1 335 0.489700
1 336 0.495600
1 337 0.498400
1 338 0.505700
1 339 0.499500
1 340 0.502200
1 341 0.496000
1 342 0.507500
1 343 0.499400
1 344 0.505900
1 345 0.502300
1 346 0.499800
1 347 0.509400
1 348 0.488900
1 349 0.503100
1 350 0.497900
1 351 0.496700
1 352 0.502300
1 353 0.501500
1 354 0.507700
1 355 0.498500
1 356 0.493300
1 357 0.505800
1 358 0.502800
1 359 0.493000
1 360 0.502600
1 361 0.501800
1 362 0.506800
1 363 0.503400
1 364 0.502900
1 365 0.499000
1 366 0.504700
1 367 0.494600
1 368 0.492900
1 369 0.507500
1 370 0.498600
1 371 0.502600
1 372 0.502800
1 373 0.491900
1 374 0.502600
1 375 0.497600
1 376 0.499600
1 377 0.499500
1 378 0.491400
1 379 0.493700
1 380 0.502900
1 381 0.498500
1 382 0.496000
1 383 0.505000
1 384 0.504100
1 385 0.499700
1 386 0.493600
1 387 0.497800
1 388 0.502900
1 389 0.504700
1 390 0.511000
1 391 0.505500
1 392 0.495700
1 393 0.516100
1 394 0.506600
1 395 0.502000
1 396 0.496900
1 397 0.500500
1 398 0.499900
1 399 0.489700
1 400 0.494100
1 401 0.502100
1 402 0.498300
1 403 0.499300
1 404 0.503700
1 405 0.503100
1 406 0.504000
1 407 0.500100
1 408 0.498100
1 409 0.499800
1 410 0.504800
1 411 0.495300
1 412 0.500400
1 413 0.495100
1 414 0.494800
1 415 0.492300
1 416 0.494000
1 417 0.503300
1 418 0.500300
1 419 0.494100
1 420 0.492200
1 421 0.493200
1 422 0.491600
1 423 0.501000
1 424 0.494900
1 425 0.503100
1 426 0.505800
1 427 0.508100
1 428 0.499300
1 429 0.500500
1 430 0.496200
1 431 0.507900
1 432 0.504200
1 433 0.501800
1 434 0.504000
1 435 0.503700
1 436 0.500500
1 437 0.504400
1 438 0.499600
1 439 0.499600
1 440 0.499200
1 441 0.500800
1 442 0.501500
1 443 0.493500
1 444 0.503900
1 445 0.490400
1 446 0.501800
1 447 0.501000
1 448 0.507400
1 449 0.504800
1 450 0.503500
1 451 0.497000
1 452 0.499000
1 453 0.496800
1 454 0.494400
1 455 0.504600
1 456 0.494300
1 457 0.502700
1 458 0.504700
1 459 0.510200
1 460 0.502400
1 461 0.508500
1 462 0.510500
1 463 0.491900
1 464 0.497900
1 465 0.495400
1 466 0.503900
1 467 0.498100
1 468 0.498500
1 469 0.494400
1 470 0.494000
1 471 0.498500
1 472 0.502500
1 473 0.506000
1 474 0.500600
1 475 0.496600
1 476 0.495200
1 477 0.501000
1 478 0.492000
1 479 0.499700
1 480 0.501600
1 481 0.507100
1 482 0.500900
1 483 0.500000
1 484 0.508500
1 485 0.503400
1 486 0.490900
1 487 0.493700
1 488 0.503600
1 489 0.493900
1 490 0.495900
1 491 0.501200
1 492 0.492300
1 493 0.499600
1 494 0.504400
1 495 0.494800
1 496 0.502600
1 497 0.502900
1 498 0.497400
1 499 0.505600
1 500 0.502600
1 501 0.492600
1 502 0.495400
1 503 0.501800
1 504 0.496000
1 505 0.499000
1 506 0.508400
1 507 0.495600
1 508 0.502200
1 509 0.496900
1 510 0.488400
1 511 0.500600
1 512 0.508700
1 513 0.498100
1 514 0.507400
1 515 0.505500
1 516 0.500300
1 517 0.502900
1 518 0.498100
1 519 0.501100
1 520 0.506800
1 521 0.502200
1 522 0.502600
1 523 0.492100
1 524 0.502800
1 525 0.494300
1 526 0.495100
1 527 0.501100
1 528 0.507400
1 529 0.503800
1 530 0.498700
1 531 0.498000
1 532 0.488600
1 533 0.506000
1 534 0.508300
1 535 0.501300
1 536 0.497400
1 537 0.499300
1 538 0.504000
1 539 0.498300
1 540 0.497800
1 541 0.495100
1 542 0.499400
1 543 0.504200
1 544 0.498300
1 545 0.495200
1 546 0.505800
1 547 0.505900
1 548 0.497900
1 549 0.500900
1 550 0.510200
1 551 0.493800
1 552 0.497200
1 553 0.507800
1 554 0.506200
1 555 0.499300
1 556 0.500300
1 557 0.489900
1 558 0.492000
1 559 0.506600
1 560 0.506500
1 561 0.503800
1 562 0.505100
1 563 0.505300
1 564 0.503100
1 565 0.497100
1 566 0.499200
1 567 0.509200
1 568 0.509000
1 569 0.498200
1 570 0.503400
1 571 0.503100
1 572 0.491800
1 573 0.502900
1 574 0.505700
1 575 0.495500
1 576 0.501900
1 577 0.502100
1 578 0.498300
1 579 0.495700
1 580 0.497700
1 581 0.503400
1 582 0.505600
1 583 0.509000
1 584 0.496000
1 585 0.501400
1 586 0.504700
1 587 0.504900
1 588 0.497300
1 589 0.505600
1 590 0.496600
1 591 0.500800
1 592 0.500500
1 593 0.496500
1 594 0.491700
1 595 0.489200
1 596 0.505900
1 597 0.508300
1 598 0.506500
1 599 0.491600
1 600 0.497400
1 601 0.496300
1 602 0.491600
1 603 0.503600
1 604 0.503500
1 605 0.499100
1 606 0.494300
1 607 0.497400
1 608 0.501000
1 609 0.507200
1 610 0.509400
1 611 0.500800
1 612 0.505100
1 613 0.503200
1 614 0.502700
1 615 0.495000
1 616 0.503900
1 617 0.506000
1 618 0.493900
1 619 0.519400
1 620 0.498200
1 621 0.509300
1 622 0.490500
1 623 0.500500
1 624 0.502600
1 625 0.508800
1 626 0.499100
1 627 0.496700
1 628 0.499900
1 629 0.500100
1 630 0.498100
1 631 0.491700
1 632 0.494000
1 633 0.496500
1 634 0.499700
1 635 0.503600
1 636 0.500000
1 637 0.492600
1 638 0.498800
1 639 0.495900
1 640 0.510500
1 641 0.499700
1 642 0.508400
1 643 0.510000
1 644 0.508700
1 645 0.499900
1 646 0.501300
1 647 0.497200
1 648 0.498800
1 649 0.496600
1 650 0.496400
1 651 0.496100
1 652 0.495900
1 653 0.507300
1 654 0.501500
1 655 0.502700
1 656 0.507200
1 657 0.495500
1 658 0.501300
1 659 0.505000
1 660 0.497100
1 661 0.505300
1 662 0.502300
1 663 0.499200
1 664 0.510900
1 665 0.500500
1 666 0.500900
1 667 0.499400
1 668 0.496700
1 669 0.508400
1 670 0.501000
1 671 0.500200
1 672 0.500900
1 673 0.505300
1 674 0.497300
1 675 0.495700
1 676 0.499700
1 677 0.495500
1 678 0.503200
1 679 0.499100
1 680 0.495600
1 681 0.501400
1 682 0.496000
1 683 0.498600
1 684 0.500400
1 685 0.503900
1 686 0.499100
1 687 0.508300
1 688 0.504900
1 689 0.496100
1 690 0.496500
1 691 0.502500
1 692 0.495400
1 693 0.499400
1 694 0.493900
1 695 0.492600
1 696 0.502400
1 697 0.500500
1 698 0.501700
1 699 0.502400
1 700 0.499800
1 701 0.500100
1 702 0.496400
1 703 0.501400
1 704 0.498500
1 705 0.493000
1 706 0.502300
1 707 0.485100
1 708 0.506100
1 709 0.494200
1 710 0.500600
1 711 0.496800
1 712 0.496100
1 713 0.494900
1 714 0.501700
1 715 0.497600
1 716 0.503300
1 717 0.498000
1 718 0.505200
1 719 0.492500
1 720 0.509700
1 721 0.498500
1 722 0.498000
1 723 0.500300
1 724 0.497400
1 725 0.506000
1 726 0.499900
1 727 0.498600
1 728 0.502900
1 729 0.500600
1 730 0.503000
1 731 0.504500
1 732 0.500900
1 733 0.496700
1 734 0.497900
1 735 0.504500
1 736 0.495600
1 737 0.495400
1 738 0.501300
1 739 0.499700
1 740 0.500000
1 741 0.497500
1 742 0.500700
1 743 0.500100
1 744 0.497700
1 745 0.496700
1 746 0.499900
1 747 0.500800
1 748 0.498300
1 749 0.512500
1 750 0.497800
1 751 0.502300
1 752 0.493600
1 753 0.505500
1 754 0.502100
1 755 0.497900
1 756 0.493700
1 757 0.499800
1 758 0.492500
1 759 0.494700
1 760 0.500000
1 761 0.496200
1 762 0.495900
1 763 0.505300
1 764 0.495800
1 765 0.498000
1 766 0.498500
1 767 0.499900
1 768 0.500600
1 769 0.493100
1 770 0.504900
1 771 0.497200
1 772 0.498400
1 773 0.496700
1 774 0.501900
1 775 0.492900
1 776 0.504600
1 777 0.505500
1 778 0.503600
1 779 0.504600
1 780 0.496600
1 781 0.506500
1 782 0.501500
1 783 0.496300
1 784 0.495200
1 785 0.498100
1 786 0.511800
1 787 0.490000
1 788 0.499400
1 789 0.503600
1 790 0.502900
1 791 0.503200
1 792 0.503400
1 793 0.505000
1 794 0.497400
1 795 0.499800
1 796 0.500700
1 797 0.501100
1 798 0.504200
1 799 0.503900
1 800 0.503100
1 801 0.495300
1 802 0.494500
1 803 0.511600
1 804 0.510600
1 805 0.504000
1 806 0.491100
1 807 0.502600
1 808 0.495600
1 809 0.492500
1 810 0.502200
1 811 0.500500
1 812 0.500900
1 813 0.498500
1 814 0.495100
1 815 0.497200
1 816 0.495600
1 817 0.497100
1 818 0.498500
1 819 0.505700
1 820 0.496300
1 821 0.504600
1 822 0.488700
1 823 0.500300
1 824 0.503700
1 825 0.501600
1 826 0.504000
1 827 0.493800
1 828 0.499600
1 829 0.512100
1 830 0.505800
1 831 0.497400
1 832 0.500800
1 833 0.500300
1 834 0.508700
1 835 0.509300
1 836 0.512600
1 837 0.499400
1 838 0.502500
1 839 0.493800
1 840 0.508100
1 841 0.501900
1 842 0.493000
1 843 0.502600
1 844 0.500300
1 845 0.490400
1 846 0.502400
1 847 0.501800
1 848 0.497100
1 849 0.500900
1 850 0.496000
1 851 0.501800
1 852 0.506300
1 853 0.494700
1 854 0.496300
1 855 0.495600
1 856 0.504200
1 857 0.497600
1 858 0.494400
1 859 0.495700
1 860 0.499100
1 861 0.497000
1 862 0.505500
1 863 0.512100
1 864 0.495400
1 865 0.502500
1 866 0.498600
1 867 0.503100
1 868 0.504500
1 869 0.493500
1 870 0.499900
1 871 0.501700
1 872 0.497100
1 873 0.495700
1 874 0.492000
1 875 0.505600
1 876 0.500700
1 877 0.499200
1 878 0.501600
1 879 0.503400
1 880 0.501900
1 881 0.498900
1 882 0.501700
1 883 0.506400
1 884 0.499500
1 885 0.502200
1 886 0.507900
1 887 0.508000
1 888 0.496000
1 889 0.497600
1 890 0.490200
1 891 0.500500
1 892 0.490000
1 893 0.497800
1 894 0.501900
1 895 0.493700
1 896 0.492200
1 897 0.505100
1 898 0.505800
1 899 0.503800
1 900 0.496200
1 901 0.498300
1 902 0.497300
1 903 0.499100
1 904 0.508000
1 905 0.508600
1 906 0.509100
1 907 0.502300
1 908 0.501000
1 909 0.506700
1 910 0.501200
1 911 0.507200
1 912 0.500600
1 913 0.505300
1 914 0.502500
1 915 0.495000
1 916 0.497200
1 917 0.498200
1 918 0.492800
1 919 0.511600
1 920 0.500500
1 921 0.499800
1 922 0.503000
1 923 0.498200
1 924 0.493000
1 925 0.513100
1 926 0.502200
1 927 0.494700
1 928 0.501000
1 929 0.501200
1 930 0.506000
1 931 0.500600
1 932 0.498300
1 933 0.504300
1 934 0.506600
1 935 0.501500
1 936 0.502100
1 937 0.496100
1 938 0.504700
1 939 0.501800
1 940 0.501300
1 941 0.500200
1 942 0.504300
1 943 0.497900
1 944 0.503500
1 945 0.499900
1 946 0.489500
1 947 0.498400
1 948 0.498600
1 949 0.502900
1 950 0.499200
1 951 0.494900
1 952 0.506900
1 953 0.493200
1 954 0.495300
1 955 0.498300
1 956 0.503900
1 957 0.496200
1 958 0.502900
1 959 0.497600
1 960 0.511300
1 961 0.493000
1 962 0.496700
1 963 0.501000
1 964 0.501800
1 965 0.507600
1 966 0.498800
1 967 0.505400
1 968 0.493800
1 969 0.487200
1 970 0.494100
1 971 0.503900
1 972 0.501100
1 973 0.496200
1 974 0.495300
1 975 0.508600
1 976 0.506900
1 977 0.501100
1 978 0.495400
1 979 0.503800
1 980 0.493100
1 981 0.500700
1 982 0.499800
1 983 0.496400
1 984 0.489000
1 985 0.508700
1 986 0.504200
1 987 0.503500
1 988 0.492500
1 989 0.495000
1 990 0.500000
1 991 0.493500
1 992 0.490300
1 993 0.505400
1 994 0.495900
1 995 0.498900
1 996 0.500000
1 997 0.499400
1 998 0.501800
1 999 0.490900
1 1000 0.499700
2 1 0.489800
2 2 0.372100
2 3 0.345300
2 4 0.339700
2 5 0.334700
2 6 0.329800
2 7 0.332100
2 8 0.335300
2 9 0.337400
2 10 0.334600
2 11 0.331500
2 12 0.336500
2 13 0.342700
2 14 0.345400
2 15 0.336600
2 16 0.326000
2 17 0.330800
2 18 0.329100
2 19 0.333600
2 20 0.335400
2 21 0.336100
2 22 0.331800
2 23 0.336700
2 24 0.333200
2 25 0.345700
2 26 0.333200
2 27 0.333100
2 28 0.329000
2 29 0.327300
2 30 0.336200
2 31 0.340600
2 32 0.337100
2 33 0.337900
2 34 0.335700
2 35 0.338300
2 36 0.333400
2 37 0.337200
2 38 0.338300
2 39 0.335800
2 40 0.338400
2 41 0.337100
2 42 0.332100
2 43 0.334400
2 44 0.334900
2 45 0.344300
2 46 0.338100
2 47 0.343000
2 48 0.333900
2 49 0.331200
2 50 0.341800
2 51 0.328900
2 52 0.323200
2 53 0.327300
2 54 0.332700
2 55 0.338700
2 56 0.333900
2 57 0.334800
2 58 0.335600
2 59 0.331500
2 60 0.335300
2 61 0.342400
2 62 0.326300
2 63 0.327200
2 64 0.331200
2 65 0.335700
2 66 0.328100
2 67 0.335300
2 68 0.335100
2 69 0.335400
2 70 0.336400
2 71 0.333300
2 72 0.331100
2 73 0.331800
2 74 0.328900
2 75 0.331600
2 76 0.326000
2 77 0.329100
2 78 0.327800
2 79 0.333300
2 80 0.339000
2 81 0.333900
2 82 0.340300
2 83 0.336900
2 84 0.332200
2 85 0.332300
2 86 0.329400
2 87 0.331400
2 88 0.333600
2 89 0.330000
2 90 0.330300
2 91 0.332000
2 92 0.330100
2 93 0.331700
2 94 0.328600
2 95 0.330300
2 96 0.329400
2 97 0.329300
2 98 0.334800
2 99 0.336700
2 100 0.336000
2 101 0.334600
2 102 0.336700
2 103 0.328700
2 104 0.337500
2 105 0.324500
2 106 0.337400
2 107 0.335100
2 108 0.335400
2 109 0.336700
2 110 0.331200
2 111 0.334800
2 112 0.331000
2 113 0.336100
2 114 0.344500
2 115 0.337100
2 116 0.332900
2 117 0.342400
2 118 0.333600
2 119 0.327100
2 120 0.336300
2 121 0.326500
2 122 0.330800
2 123 0.336500
2 124 0.336100
2 125 0.332700
2 126 0.328900
2 127 0.325200
2 128 0.329100
2 129 0.333900
2 130 0.333700
2 131 0.332300
2 132 0.325200
2 133 0.334700
2 134 0.348100
2 135 0.330000
2 136 0.340400
2 137 0.329300
2 138 0.324900
2 139 0.331300
2 140 0.329500
2 141 0.324000
2 142 0.329700
2 143 0.337300
2 144 0.332000
2 145 0.333300
2 146 0.334900
2 147 0.330400
2 148 0.330400
2 149 0.331700
2 150 0.335200
2 151 0.326800
2 152 0.329300
2 153 0.340300
2 154 0.335500
2 155 0.335400
2 156 0.336600
2 157 0.326300
2 158 0.327900
2 159 0.335200
2 160 0.340500
2 161 0.329300
2 162 0.336300
2 163 0.342800
2 164 0.341700
2 165 0.336700
2 166 0.328000
2 167 0.330900
2 168 0.337300
2 169 0.330000
2 170 0.332400
2 171 0.332000
2 172 0.333400
2 173 0.340000
2 174 0.330500
2 175 0.328900
2 176 0.332100
2 177 0.338500
2 178 0.334800
2 179 0.335200
2 180 0.332500
2 181 0.333100
2 182 0.331500
2 183 0.326400
2 184 0.331900
2 185 0.331200
2 186 0.329500
2 187 0.333900
2 188 0.334900
2 189 0.333500
2 190 0.331400
2 191 0.338200
2 192 0.328800
2 193 0.330300
2 194 0.327800
2 195 0.336000
2 196 0.331600
2 197 0.330500
2 198 0.336800
2 199 0.330500
2 200 0.329000
2 201 0.334100
2 202 0.327000
2 203 0.328100
2 204 0.336500
2 205 0.334800
2 206 0.335200
2 207 0.334500
2 208 0.328100
2 209 0.323400
2 210 0.330500
2 211 0.341000
2 212 0.334300
2 213 0.331300
2 214 0.331400
2 215 0.342500
2 216 0.332700
2 217 0.338600
2 218 0.330200
2 219 0.331400
2 220 0.332500
2 221 0.326500
2 222 0.333400
2 223 0.335500
2 224 0.333300
2 225 0.330600
2 226 0.341600
2 227 0.329000
2 228 0.327700
2 229 0.325600
2 230 0.333200
2 231 0.339800
2 232 0.327700
2 233 0.331800
2 234 0.329900
2 235 0.337300
2 236 0.340000
2 237 0.325000
2 238 0.322600
2 239 0.318800
2 240 0.328500
2 241 0.326000
2 242 0.330400
2 243 0.329500
2 244 0.331200
2 245 0.330000
2 246 0.335300
2 247 0.332900
2 248 0.329300
2 249 0.335100
2 250 0.330800
2 251 0.330600
2 252 0.338500
2 253 0.334100
2 254 0.331000
2 255 0.339100
2 256 0.342100
2 257 0.341800
2 258 0.336500
2 259 0.344400
2 260 0.336700
2 261 0.338000
2 262 0.328800
2 263 0.323000
2 264 0.334200
2 265 0.333000
2 266 0.340800
2 267 0.329700
2 268 0.324300
2 269 0.329800
2 270 0.332400
2 271 0.331200
2 272 0.328500
2 273 0.332800
2 274 0.335200
2 275 0.333000
2 276 0.329300
2 277 0.331400
2 278 0.328900
2 279 0.339800
2 280 0.331000
2 281 0.338800
2 282 0.337900
2 283 0.336200
2 284 0.334400
2 285 0.336400
2 286 0.344100
2 287 0.338500
2 288 0.334700
2 289 0.335300
2 290 0.333000
2 291 0.342200
2 292 0.340900
2 293 0.329800
2 294 0.331600
2 295 0.326400
2 296 0.326100
2 297 0.331400
2 298 0.333400
2 299 0.335400
2 300 0.330400
2 301 0.335500
2 302 0.338600
2 303 0.336900
2 304 0.327200
2 305 0.333900
2 306 0.326000
2 307 0.325900
2 308 0.328000
2 309 0.331300
2 310 0.334200
2 311 0.336000
2 312 0.324800
2 313 0.336300
2 314 0.327400
2 315 0.343000
2 316 0.337200
2 317 0.336600
2 318 0.337100
2 319 0.337000
2 320 0.338900
2 321 0.324100
2 322 0.332200
2 323 0.334800
2 324 0.330700
2 325 0.327800
2 326 0.334700
2 327 0.337100
2 328 0.330100
2 329 0.327900
2 330 0.330300
2 331 0.338600
2 332 0.337800
2 333 0.343900
2 334 0.339300
2 335 0.331200
2 336 0.332400
2 337 0.330200
2 338 0.335700
2 339 0.335400
2 340 0.336300
2 341 0.326200
2 342 0.332000
2 343 0.340500
2 344 0.338900
2 345 0.333700
2 346 0.328300
2 347 0.331600
2 348 0.325100
2 349 0.334000
2 350 0.338400
2 351 0.338700
2 352 0.329700
2 353 0.335900
2 354 0.332200
2 355 0.344000
2 356 0.333800
2 357 0.334500
2 358 0.338000
2 359 0.333000
2 360 0.337700
2 361 0.324100
2 362 0.331900
2 363 0.338100
2 364 0.335700
2 365 0.336100
2 366 0.338800
2 367 0.326400
2 368 0.321000
2 369 0.337300
2 370 0.335000
2 371 0.338700
2 372 0.332500
2 373 0.328700
2 374 0.329000
2 375 0.329000
2 376 0.340800
2 377 0.325500
2 378 0.331800
2 379 0.330200
2 380 0.341300
2 381 0.339600
2 382 0.334800
2 383 0.338600
2 384 0.333300
2 385 0.326600
2 386 0.334500
2 387 0.329000
2 388 0.330900
2 389 0.336800
2 390 0.337600
2 391 0.332300
2 392 0.328200
2 393 0.339000
2 394 0.341900
2 395 0.345200
2 396 0.333800
2 397 0.335800
2 398 0.334500
2 399 0.327400
2 400 0.326900
2 401 0.329400
2 402 0.328600
2 403 0.327900
2 404 0.335000
2 405 0.337100
2 406 0.334600
2 407 0.331700
2 408 0.334300
2 409 0.334500
2 410 0.329400
2 411 0.337400
2 412 0.337600
2 413 0.335200
2 414 0.332600
2 415 0.328000
2 416 0.330700
2 417 0.336000
2 418 0.339000
2 419 0.329100
2 420 0.331900
2 421 0.330700
2 422 0.334800
2 423 0.334700
2 424 0.330500
2 425 0.335800
2 426 0.330000
2 427 0.331000
2 428 0.332300
2 429 0.333200
2 430 0.333700
2 431 0.331700
2 432 0.332500
2 433 0.334400
2 434 0.345700
2 435 0.341000
2 436 0.332100
2 437 0.333900
2 438 0.341500
2 439 0.337800
2 440 0.341900
2 441 0.342400
2 442 0.333500
2 443 0.333800
2 444 0.340500
2 445 0.329700
2 446 0.333100
2 447 0.335800
2 448 0.335600
2 449 0.339200
2 450 0.339400
2 451 0.329500
2 452 0.337600
2 453 0.337400
2 454 0.336000
2 455 0.332700
2 456 0.321900
2 457 0.340200
2 458 0.337700
2 459 0.324500
2 460 0.326700
2 461 0.336900
2 462 0.334100
2 463 0.339200
2 464 0.332300
2 465 0.330000
2 466 0.324600
2 467 0.328600
2 468 0.330100
2 469 0.320100
2 470 0.327100
2 471 0.332600
2 472 0.332600
2 473 0.338300
2 474 0.334500
2 475 0.332400
2 476 0.326600
2 477 0.329500
2 478 0.329400
2 479 0.329300
2 480 0.337800
2 481 0.340800
2 482 0.333100
2 483 0.334300
2 484 0.335300
2 485 0.333900
2 486 0.330600
2 487 0.336500
2 488 0.344900
2 489 0.333000
2 490 0.334700
2 491 0.333500
2 492 0.324600
2 493 0.326600
2 494 0.336300
2 495 0.329700
2 496 0.327400
2 497 0.330700
2 498 0.333000
2 499 0.336100
2 500 0.326800
2 501 0.322000
2 502 0.333400
2 503 0.333600
2 504 0.335300
2 505 0.337600
2 506 0.334900
2 507 0.339800
2 508 0.332800
2 509 0.328900
2 510 0.326000
2 511 0.344200
2 512 0.341900
2 513 0.335100
2 514 0.342900
2 515 0.337900
2 516 0.327900
2 517 0.339300
2 518 0.334600
2 519 0.336600
2 520 0.343000
2 521 0.339500
2 522 0.334900
2 523 0.326000
2 524 0.331400
2 525 0.329600
2 526 0.331700
2 527 0.331000
2 528 0.333900
2 529 0.331700
2 530 0.334200
2 531 0.342700
2 532 0.332800
2 533 0.336500
2 534 0.334300
2 535 0.331100
2 536 0.330100
2 537 0.332400
2 538 0.337900
2 539 0.333700
2 540 0.326200
2 541 0.326200
2 542 0.328100
2 543 0.338000
2 544 0.330000
2 545 0.335100
2 546 0.342300
2 547 0.336300
2 548 0.335100
2 549 0.328800
2 550 0.335400
2 551 0.333600
2 552 0.331800
2 553 0.337000
2 554 0.343300
2 555 0.331100
2 556 0.335600
2 557 0.327400
2 558 0.332600
2 559 0.341700
2 560 0.333700
2 561 0.330100
2 562 0.335400
2 563 0.341900
2 564 0.335800
2 565 0.338800
2 566 0.335100
2 567 0.333100
2 568 0.333000
2 569 0.330600
2 570 0.335700
2 571 0.336300
2 572 0.327900
2 573 0.331900
2 574 0.334600
2 575 0.330700
2 576 0.330300
2 577 0.329500
2 578 0.333200
2 579 0.326800
2 580 0.321200
2 581 0.327200
2 582 0.327500
2 583 0.326300
2 584 0.330200
2 585 0.330500
2 586 0.330400
2 587 0.330900
2 588 0.331000
2 589 0.346500
2 590 0.336100
2 591 0.324900
2 592 0.325300
2 593 0.330800
2 594 0.336500
2 595 0.334100
2 596 0.334300
2 597 0.329400
2 598 0.325400
2 599 0.324000
2 600 0.336300
2 601 0.331100
2 602 0.333600
2 603 0.332100
2 604 0.335700
2 605 0.339400
2 606 0.321900
2 607 0.326400
2 608 0.342400
2 609 0.329000
2 610 0.330500
2 611 0.341000
2 612 0.339300
2 613 0.334700
2 614 0.338700
2 615 0.332500
2 616 0.336500
2 617 0.341100
2 618 0.326500
2 619 0.344100
2 620 0.326900
2 621 0.331300
2 622 0.326600
2 623 0.332500
2 624 0.334300
2 625 0.337200
2 626 0.336800
2 627 0.332900
2 628 0.340100
2 629 0.332000
2 630 0.333400
2 631 0.333400
2 632 0.335400
2 633 0.338200
2 634 0.334600
2 635 0.336900
2 636 0.330500
2 637 0.323100
2 638 0.330000
2 639 0.321600
2 640 0.333500
2 641 0.347000
2 642 0.342200
2 643 0.338500
2 644 0.337200
2 645 0.327300
2 646 0.332000
2 647 0.337000
2 648 0.337600
2 649 0.327600
2 650 0.324700
2 651 0.331100
2 652 0.338200
2 653 0.338100
2 654 0.331500
2 655 0.331700
2 656 0.327100
2 657 0.323900
2 658 0.334100
2 659 0.337900
2 660 0.343100
2 661 0.342300
2 662 0.339200
2 663 0.336900
2 664 0.332100
2 665 0.329300
2 666 0.336100
2 667 0.337100
2 668 0.341800
2 669 0.333700
2 670 0.334700
2 671 0.338700
2 672 0.336400
2 673 0.334700
2 674 0.342000
2 675 0.334500
2 676 0.337800
2 677 0.336500
2 678 0.341400
2 679 0.334100
2 680 0.333600
2 681 0.329000
2 682 0.334500
2 683 0.334600
2 684 0.338600
2 685 0.332900
2 686 0.337500
2 687 0.344000
2 688 0.339400
2 689 0.335400
2 690 0.336300
2 691 0.330800
2 692 0.326400
2 693 0.330700
2 694 0.330300
2 695 0.331800
2 696 0.334000
2 697 0.336600
2 698 0.329900
2 699 0.338100
2 700 0.328300
2 701 0.329700
2 702 0.334200
2 703 0.327300
2 704 0.333500
2 705 0.327200
2 706 0.323100
2 707 0.329300
2 708 0.327400
2 709 0.325000
2 710 0.331500
2 711 0.337700
2 712 0.332800
2 713 0.330200
2 714 0.330200
2 715 0.324800
2 716 0.335900
2 717 0.330000
2 718 0.337700
2 719 0.337800
2 720 0.342000
2 721 0.346900
2 722 0.341200
2 723 0.336900
2 724 0.334100
2 725 0.333100
2 726 0.331800
2 727 0.337600
2 728 0.335000
2 729 0.328800
2 730 0.330600
2 731 0.331200
2 732 0.335200
2 733 0.329100
2 734 0.332600
2 735 0.338300
2 736 0.338100
2 737 0.334600
2 738 0.330600
2 739 0.328700
2 740 0.333500
2 741 0.341200
2 742 0.336300
2 743 0.336600
2 744 0.335200
2 745 0.339600
2 746 0.336000
2 747 0.336800
2 748 0.334900
2 749 0.333400
2 750 0.334500
2 751 0.334900
2 752 0.335500
2 753 0.340400
2 754 0.335400
2 755 0.331100
2 756 0.335000
2 757 0.337800
2 758 0.337200
2 759 0.329100
2 760 0.325200
2 761 0.325800
2 762 0.330500
2 763 0.334300
2 764 0.331800
2 765 0.337300
2 766 0.334400
2 767 0.333700
2 768 0.331200
2 769 0.331900
2 770 0.329100
2 771 0.337300
2 772 0.337400
2 773 0.327000
2 774 0.331000
2 775 0.328800
2 776 0.337800
2 777 0.335300
2 778 0.340400
2 779 0.338100
2 780 0.326000
2 781 0.329600
2 782 0.330600
2 783 0.324100
2 784 0.325600
2 785 0.341800
2 786 0.337500
2 787 0.329600
2 788 0.332300
2 789 0.337900
2 790 0.338600
2 791 0.341200
2 792 0.336200
2 793 0.343100
2 794 0.332600
2 795 0.331400
2 796 0.333400
2 797 0.326100
2 798 0.332700
2 799 0.329300
2 800 0.329900
2 801 0.334000
2 802 0.328800
2 803 0.337500
2 804 0.333500
2 805 0.338800
2 806 0.333300
2 807 0.329100
2 808 0.330900
2 809 0.331800
2 810 0.332900
2 811 0.328800
2 812 0.333800
2 813 0.335500
2 814 0.335700
2 815 0.334100
2 816 0.335800
2 817 0.330900
2 818 0.329800
2 819 0.336800
2 820 0.335700
2 821 0.332500
2 822 0.329800
2 823 0.324400
2 824 0.336400
2 825 0.333400
2 826 0.333100
2 827 0.334800
2 828 0.331300
2 829 0.338500
2 830 0.337500
2 831 0.335900
2 832 0.339600
2 833 0.334200
2 834 0.335400
2 835 0.337400
2 836 0.341000
2 837 0.329600
2 838 0.329500
2 839 0.327400
2 840 0.332900
2 841 0.328300
2 842 0.331000
2 843 0.339700
2 844 0.342200
2 845 0.336700
2 846 0.332600
2 847 0.343700
2 848 0.334300
2 849 0.333400
2 850 0.329900
2 851 0.338400
2 852 0.329500
2 853 0.327900
2 854 0.332300
2 855 0.337500
2 856 0.337600
2 857 0.333400
2 858 0.333200
2 859 0.331100
2 860 0.332800
2 861 0.326900
2 862 0.338700
2 863 0.339600
2 864 0.334300
2 865 0.330200
2 866 0.328800
2 867 0.326800
2 868 0.332700
2 869 0.335200
2 870 0.328500
2 871 0.329200
2 872 0.338800
2 873 0.328900
2 874 0.332700
2 875 0.336200
2 876 0.334600
2 877 0.342500
2 878 0.335800
2 879 0.337200
2 880 0.329600
2 881 0.332800
2 882 0.331800
2 883 0.330500
2 884 0.332700
2 885 0.334900
2 886 0.327900
2 887 0.342000
2 888 0.326500
2 889 0.327900
2 890 0.332700
2 891 0.330800
2 892 0.331800
2 893 0.331600
2 894 0.323200
2 895 0.329200
2 896 0.322000
2 897 0.334400
2 898 0.336000
2 899 0.332800
2 900 0.324800
2 901 0.338200
2 902 0.326400
2 903 0.326000
2 904 0.339900
2 905 0.338600
2 906 0.337700
2 907 0.330200
2 908 0.339900
2 909 0.338600
2 910 0.339800
2 911 0.333900
2 912 0.332100
2 913 0.338000
2 914 0.340000
2 915 0.334800
2 916 0.333600
2 917 0.329800
2 918 0.332900
2 919 0.337700
2 920 0.338400
2 921 0.334000
2 922 0.328500
2 923 0.336200
2 924 0.333700
2 925 0.334500
2 926 0.329800
2 927 0.325300
2 928 0.324100
2 929 0.330300
2 930 0.330400
2 931 0.334400
2 932 0.333600
2 933 0.332200
2 934 0.336600
2 935 0.331900
2 936 0.335200
2 937 0.331100
2 938 0.336100
2 939 0.335200
2 940 0.336900
2 941 0.331600
2 942 0.333700
2 943 0.340700
2 944 0.333600
2 945 0.338100
2 946 0.335100
2 947 0.334900
2 948 0.342900
2 949 0.327400
2 950 0.333400
2 951 0.331900
2 952 0.333300
2 953 0.320900
2 954 0.327000
2 955 0.331100
2 956 0.336100
2 957 0.330100
2 958 0.333000
2 959 0.337200
2 960 0.335800
2 961 0.326700
2 962 0.328900
2 963 0.332300
2 964 0.334000
2 965 0.339400
2 966 0.332300
2 967 0.333800
2 968 0.333300
2 969 0.330800
2 970 0.333100
2 971 0.335800
2 972 0.340300
2 973 0.333300
2 974 0.322200
2 975 0.336500
2 976 0.336100
2 977 0.338600
2 978 0.333200
2 979 0.336300
2 980 0.330900
2 981 0.336900
2 982 0.340700
2 983 0.337700
2 984 0.328400
2 985 0.339700
2 986 0.344700
2 987 0.333100
2 988 0.332400
2 989 0.331200
2 990 0.329000
2 991 0.339700
2 992 0.332100
2 993 0.329300
2 994 0.333700
2 995 0.330400
2 996 0.332100
2 997 0.336800
2 998 0.333100
2 999 0.331400
2 1000 0.336700
3 1 0.497300
3 2 0.343600
3 3 0.284800
3 4 0.262700
3 5 0.265600
3 6 0.261000
3 7 0.256700
3 8 0.260800
3 9 0.266000
3 10 0.259300
3 11 0.254400
3 12 0.258100
3 13 0.264200
3 14 0.260800
3 15 0.262800
3 16 0.259900
3 17 0.255100
3 18 0.253300
3 19 0.260700
3 20 0.260500
3 21 0.261700
3 22 0.262200
3 23 0.258500
3 24 0.255100
3 25 0.258000
3 26 0.262300
3 27 0.262000
3 28 0.259900
3 29 0.256900
3 30 0.258500
3 31 0.264900
3 32 0.263200
3 33 0.260400
3 34 0.256800
3 35 0.263600
3 36 0.265300
3 37 0.262000
3 38 0.257700
3 39 0.253200
3 40 0.257100
3 41 0.258300
3 42 0.269600
3 43 0.263600
3 44 0.259800
3 45 0.262800
3 46 0.264000
3 47 0.264900
3 48 0.262100
3 49 0.259000
3 50 0.261800
3 51 0.257300
3 52 0.257400
3 53 0.260200
3 54 0.260300
3 55 0.261800
3 56 0.259300
3 57 0.265600
3 58 0.262000
3 59 0.259600
3 60 0.255200
3 61 0.259500
3 62 0.265700
3 63 0.257000
3 64 0.258400
3 65 0.261400
3 66 0.259400
3 67 0.262400
3 68 0.262000
3 69 0.263500
3 70 0.266000
3 71 0.262400
3 72 0.261800
3 73 0.264600
3 74 0.258900
3 75 0.261400
3 76 0.257300
3 77 0.257700
3 78 0.258800
3 79 0.258400
3 80 0.259200
3 81 0.257400
3 82 0.259200
3 83 0.255400
3 84 0.256700
3 85 0.259500
3 86 0.254200
3 87 0.259000
3 88 0.258500
3 89 0.260800
3 90 0.263400
3 91 0.263400
3 92 0.259300
3 93 0.256900
3 94 0.253200
3 95 0.256700
3 96 0.257900
3 97 0.254900
3 98 0.256600
3 99 0.261900
3 100 0.263500
3 101 0.264900
3 102 0.263100
3 103 0.260300
3 104 0.265500
3 105 0.257000
3 106 0.259300
3 107 0.261800
3 108 0.261600
3 109 0.258300
3 110 0.259300
3 111 0.262000
3 112 0.262400
3 113 0.261700
3 114 0.261800
3 115 0.261200
3 116 0.261500
3 117 0.263900
3 118 0.263200
3 119 0.252500
3 120 0.257900
3 121 0.261200
3 122 0.265500
3 123 0.263400
3 124 0.262200
3 125 0.252300
3 126 0.258300
3 127 0.259300
3 128 0.257300
3 129 0.255300
3 130 0.259100
3 131 0.258700
3 132 0.255700
3 133 0.260000
3 134 0.263300
3 135 0.258800
3 136 0.262500
3 137 0.257900
3 138 0.256700
3 139 0.256100
3 140 0.259400
3 141 0.253100
3 142 0.253500
3 143 0.260200
3 144 0.259100
3 145 0.253900
3 146 0.258800
3 147 0.257900
3 148 0.258300
3 149 0.259400
3 150 0.264700
3 151 0.249800
3 152 0.260700
3 153 0.260900
3 154 0.259300
3 155 0.251200
3 156 0.258200
3 157 0.258900
3 158 0.260300
3 159 0.256200
3 160 0.270100
3 161 0.261400
3 162 0.255100
3 163 0.264600
3 164 0.262400
3 165 0.261500
3 166 0.258500
3 167 0.259800
3 168 0.265400
3 169 0.260100
3 170 0.259700
3 171 0.256300
3 172 0.258900
3 173 0.260900
3 174 0.262900
3 175 0.256700
3 176 0.259900
3 177 0.263200
3 178 0.262500
3 179 0.265500
3 180 0.263200
3 181 0.260600
3 182 0.260500
3 183 0.256800
3 184 0.262200
3 185 0.255500
3 186 0.253000
3 187 0.257100
3 188 0.260800
3 189 0.261200
3 190 0.263300
3 191 0.261500
3 192 0.264900
3 193 0.263000
3 194 0.257000
3 195 0.255300
3 196 0.258400
3 197 0.258600
3 198 0.252500
3 199 0.253800
3 200 0.253800
3 201 0.258900
3 202 0.264700
3 203 0.254900
3 204 0.260700
3 205 0.262500
3 206 0.260900
3 207 0.262400
3 208 0.258800
3 209 0.255400
3 210 0.258700
3 211 0.255900
3 212 0.260800
3 213 0.256400
3 214 0.260500
3 215 0.264000
3 216 0.250700
3 217 0.251700
3 218 0.256700
3 219 0.257300
3 220 0.269800
3 221 0.257400
3 222 0.254300
3 223 0.255700
3 224 0.257700
3 225 0.258900
3 226 0.264800
3 227 0.265100
3 228 0.259900
3 229 0.257800
3 230 0.260900
3 231 0.264000
3 232 0.263600
3 233 0.260600
3 234 0.258500
3 235 0.269000
3 236 0.266200
3 237 0.264100
3 238 0.254500
3 239 0.249600
3 240 0.252300
3 241 0.250800
3 242 0.255500
3 243 0.255300
3 244 0.256500
3 245 0.256200
3 246 0.254800
3 247 0.257900
3 248 0.256000
3 249 0.257800
3 250 0.259100
3 251 0.252800
3 252 0.257400
3 253 0.264400
3 254 0.262300
3 255 0.259700
3 256 0.262400
3 257 0.262000
3 258 0.253000
3 259 0.264200
3 260 0.258800
3 261 0.260100
3 262 0.262900
3 263 0.256500
3 264 0.252100
3 265 0.251400
3 266 0.267900
3 267 0.266600
3 268 0.257000
3 269 0.257400
3 270 0.261100
3 271 0.258700
3 272 0.260700
3 273 0.259100
3 274 0.256100
3 275 0.255800
3 276 0.252900
3 277 0.260100
3 278 0.254600
3 279 0.260000
3 280 0.255700
3 281 0.254000
3 282 0.256600
3 283 0.262400
3 284 0.263000
3 285 0.263200
3 286 0.261600
3 287 0.262500
3 288 0.259700
3 289 0.258800
3 290 0.261900
3 291 0.263200
3 292 0.269200
3 293 0.257000
3 294 0.262200
3 295 0.263300
3 296 0.255300
3 297 0.255000
3 298 0.252200
3 299 0.256800
3 300 0.262800
3 301 0.263500
3 302 0.258200
3 303 0.265800
3 304 0.254200
3 305 0.259600
3 306 0.260600
3 307 0.262700
3 308 0.261200
3 309 0.261200
3 310 0.258600
3 311 0.263400
3 312 0.254700
3 313 0.263000
3 314 0.254500
3 315 0.264600
3 316 0.265900
3 317 0.260000
3 318 0.252600
3 319 0.261400
3 320 0.264200
3 321 0.257000
3 322 0.250700
3 323 0.258500
3 324 0.260500
3 325 0.262100
3 326 0.260000
3 327 0.260600
3 328 0.260100
3 329 0.261600
3 330 0.260700
3 331 0.259200
3 332 0.257500
3 333 0.262200
3 334 0.266800
3 335 0.262300
3 336 0.261700
3 337 0.260800
3 338 0.261500
3 339 0.256900
3 340 0.252300
3 341 0.254300
3 342 0.260100
3 343 0.261500
3 344 0.264700
3 345 0.266200
3 346 0.258000
3 347 0.258600
3 348 0.249600
3 349 0.255000
3 350 0.254700
3 351 0.261900
3 352 0.255400
3 353 0.257000
3 354 0.253100
3 355 0.261600
3 356 0.268300
3 357 0.262800
3 358 0.269000
3 359 0.264900
3 360 0.266700
3 361 0.261400
3 362 0.261500
3 363 0.257000
3 364 0.256700
3 365 0.260200
3 366 0.262500
3 367 0.262100
3 368 0.252600
3 369 0.260800
3 370 0.260500
3 371 0.262200
3 372 0.256400
3 373 0.268000
3 374 0.263600
3 375 0.255800
3 376 0.260700
3 377 0.261200
3 378 0.265300
3 379 0.257500
3 380 0.258700
3 381 0.259800
3 382 0.258900
3 383 0.253700
3 384 0.259900
3 385 0.261100
3 386 0.259400
3 387 0.258100
3 388 0.253900
3 389 0.258300
3 390 0.263900
3 391 0.261700
3 392 0.260200
3 393 0.258900
3 394 0.259300
3 395 0.262400
3 396 0.259800
3 397 0.260500
3 398 0.257100
3 399 0.261000
3 400 0.253200
3 401 0.259900
3 402 0.256900
3 403 0.250000
3 404 0.258400
3 405 0.261800
3 406 0.266600
3 407 0.257800
3 408 0.261300
3 409 0.259800
3 410 0.256200
3 411 0.258800
3 412 0.256600
3 413 0.262100
3 414 0.265200
3 415 0.256200
3 416 0.256300
3 417 0.265600
3 418 0.266000
3 419 0.259800
3 420 0.262000
3 421 0.252200
3 422 0.255200
3 423 0.259700
3 424 0.254900
3 425 0.258400
3 426 0.254700
3 427 0.254000
3 428 0.261300
3 429 0.259200
3 430 0.255100
3 431 0.254300
3 432 0.256700
3 433 0.252900
3 434 0.250500
3 435 0.259500
3 436 0.250200
3 437 0.260100
3 438 0.265600
3 439 0.263500
3 440 0.267800
3 441 0.269100
3 442 0.262300
3 443 0.255900
3 444 0.258400
3 445 0.254500
3 446 0.256700
3 447 0.269200
3 448 0.266400
3 449 0.259200
3 450 0.269500
3 451 0.253000
3 452 0.252600
3 453 0.257700
3 454 0.263800
3 455 0.260100
3 456 0.250800
3 457 0.263100
3 458 0.268200
3 459 0.261600
3 460 0.256100
3 461 0.257100
3 462 0.259100
3 463 0.265300
3 464 0.265600
3 465 0.267200
3 466 0.253700
3 467 0.259000
3 468 0.266700
3 469 0.255600
3 470 0.256400
3 471 0.256600
3 472 0.256800
3 473 0.253800
3 474 0.256700
3 475 0.256900
3 476 0.252400
3 477 0.252900
3 478 0.253400
3 479 0.257400
3 480 0.258000
3 481 0.262800
3 482 0.261300
3 483 0.258700
3 484 0.265300
3 485 0.258400
3 486 0.252800
3 487 0.251300
3 488 0.258700
3 489 0.260200
3 490 0.263600
3 491 0.258300
3 492 0.254900
3 493 0.260300
3 494 0.257800
3 495 0.259600
3 496 0.255100
3 497 0.256400
3 498 0.259500
3 499 0.267800
3 500 0.263300
3 501 0.255800
3 502 0.255100
3 503 0.251500
3 504 0.253400
3 505 0.263000
3 506 0.264900
3 507 0.256700
3 508 0.246100
3 509 0.262700
3 510 0.253600
3 511 0.265100
3 512 0.264700
3 513 0.256800
3 514 0.267000
3 515 0.261500
3 516 0.264800
3 517 0.262100
3 518 0.258700
3 519 0.262900
3 520 0.261300
3 521 0.262400
3 522 0.261800
3 523 0.262200
3 524 0.257700
3 525 0.259300
3 526 0.252300
3 527 0.255700
3 528 0.257800
3 529 0.255700
3 530 0.260100
3 531 0.260600
3 532 0.262700
3 533 0.260700
3 534 0.264100
3 535 0.262800
3 536 0.249100
3 537 0.257800
3 538 0.260200
3 539 0.257300
3 540 0.252200
3 541 0.251200
3 542 0.252900
3 543 0.263300
3 544 0.258000
3 545 0.260700
3 546 0.269100
3 547 0.269600
3 548 0.264700
3 549 0.258900
3 550 0.262000
3 551 0.263700
3 552 0.262300
3 553 0.257400
3 554 0.265100
3 555 0.259500
3 556 0.261300
3 557 0.257900
3 558 0.265200
3 559 0.264100
3 560 0.262900
3 561 0.256800
3 562 0.260200
3 563 0.259900
3 564 0.261700
3 565 0.259300
3 566 0.263500
3 567 0.267400
3 568 0.263200
3 569 0.262000
3 570 0.261500
3 571 0.260500
3 572 0.257300
3 573 0.257400
3 574 0.259600
3 575 0.260100
3 576 0.251900
3 577 0.255700
3 578 0.259300
3 579 0.263800
3 580 0.261000
3 581 0.258500
3 582 0.261100
3 583 0.255200
3 584 0.260200
3 585 0.258800
3 586 0.257400
3 587 0.257100
3 588 0.256800
3 589 0.261100
3 590 0.266400
3 591 0.257200
3 592 0.253100
3 593 0.253500
3 594 0.259200
3 595 0.257700
3 596 0.257100
3 597 0.259800
3 598 0.258700
3 599 0.260700
3 600 0.264900
3 601 0.269800
3 602 0.272200
3 603 0.266500
3 604 0.258400
3 605 0.265700
3 606 0.261800
3 607 0.256000
3 608 0.266000
3 609 0.259900
3 610 0.256800
3 611 0.263700
3 612 0.261900
3 613 0.260500
3 614 0.260000
3 615 0.254400
3 616 0.258500
3 617 0.258600
3 618 0.257900
3 619 0.265500
3 620 0.256700
3 621 0.262000
3 622 0.255700
3 623 0.256800
3 624 0.268700
3 625 0.265300
3 626 0.256700
3 627 0.259300
3 628 0.260200
3 629 0.254900
3 630 0.254800
3 631 0.259000
3 632 0.261400
3 633 0.260600
3 634 0.259300
3 635 0.261500
3 636 0.261100
3 637 0.254300
3 638 0.256000
3 639 0.247200
3 640 0.256500
3 641 0.263800
3 642 0.265600
3 643 0.259300
3 644 0.262500
3 645 0.263000
3 646 0.254800
3 647 0.259700
3 648 0.258700
3 649 0.261900
3 650 0.260700
3 651 0.253200
3 652 0.261000
3 653 0.262400
3 654 0.257700
3 655 0.259400
3 656 0.257700
3 657 0.258400
3 658 0.264500
3 659 0.258700
3 660 0.271100
3 661 0.264300
3 662 0.258600
3 663 0.259600
3 664 0.257200
3 665 0.261300
3 666 0.258300
3 667 0.264300
3 668 0.272100
3 669 0.263900
3 670 0.252000
3 671 0.251300
3 672 0.264900
3 673 0.265100
3 674 0.259900
3 675 0.257200
3 676 0.257300
3 677 0.256400
3 678 0.261600
3 679 0.263000
3 680 0.257500
3 681 0.253400
3 682 0.254500
3 683 0.260500
3 684 0.265700
3 685 0.258900
3 686 0.257800
3 687 0.263300
3 688 0.257800
3 689 0.252800
3 690 0.251300
3 691 0.260100
3 692 0.261900
3 693 0.261200
3 694 0.263700
3 695 0.263500
3 696 0.260100
3 697 0.261100
3 698 0.261800
3 699 0.262900
3 700 0.261300
3 701 0.257400
3 702 0.259700
3 703 0.256600
3 704 0.258700
3 705 0.260000
3 706 0.250200
3 707 0.259200
3 708 0.261100
3 709 0.252200
3 710 0.251700
3 711 0.254600
3 712 0.254400
3 713 0.253500
3 714 0.250200
3 715 0.254400
3 716 0.261300
3 717 0.257700
3 718 0.256400
3 719 0.256100
3 720 0.258000
3 721 0.259500
3 722 0.264100
3 723 0.257200
3 724 0.261400
3 725 0.258400
3 726 0.257500
3 727 0.261000
3 728 0.259200
3 729 0.259900
3 730 0.257800
3 731 0.251100
3 732 0.258300
3 733 0.256500
3 734 0.253900
3 735 0.262300
3 736 0.257300
3 737 0.261800
3 738 0.261300
3 739 0.259500
3 740 0.261500
3 741 0.263800
3 742 0.259300
3 743 0.251900
3 744 0.253300
3 745 0.258500
3 746 0.263300
3 747 0.261800
3 748 0.262500
3 749 0.260900
3 750 0.259400
3 751 0.261500
3 752 0.261200
3 753 0.263100
3 754 0.257100
3 755 0.257900
3 756 0.262000
3 757 0.255300
3 758 0.267800
3 759 0.267700
3 760 0.262300
3 761 0.262300
3 762 0.255700
3 763 0.263700
3 764 0.256500
3 765 0.259600
3 766 0.260500
3 767 0.264700
3 768 0.260800
3 769 0.263100
3 770 0.257100
3 771 0.260100
3 772 0.261900
3 773 0.261100
3 774 0.260400
3 775 0.256600
3 776 0.264500
3 777 0.263700
3 778 0.266900
3 779 0.262700
3 780 0.258800
3 781 0.261900
3 782 0.258300
3 783 0.256100
3 784 0.255700
3 785 0.259400
3 786 0.262400
3 787 0.260900
3 788 0.261200
3 789 0.258100
3 790 0.262400
3 791 0.266500
3 792 0.266500
3 793 0.265500
3 794 0.265900
3 795 0.256700
3 796 0.257300
3 797 0.258400
3 798 0.255400
3 799 0.253900
3 800 0.261200
3 801 0.258500
3 802 0.253400
3 803 0.258000
3 804 0.257700
3 805 0.259200
3 806 0.258100
3 807 0.260700
3 808 0.258500
3 809 0.255300
3 810 0.262200
3 811 0.259600
3 812 0.255800
3 813 0.252300
3 814 0.258200
3 815 0.260500
3 816 0.263700
3 817 0.256200
3 818 0.256100
3 819 0.252700
3 820 0.258900
3 821 0.257200
3 822 0.256700
3 823 0.256200
3 824 0.255000
3 825 0.264200
3 826 0.261300
3 827 0.254700
3 828 0.256000
3 829 0.253500
3 830 0.262000
3 831 0.261800
3 832 0.270100
3 833 0.264200
3 834 0.256700
3 835 0.262300
3 836 0.264800
3 837 0.263300
3 838 0.260900
3 839 0.260700
3 840 0.259400
3 841 0.255300
3 842 0.258800
3 843 0.265100
3 844 0.269200
3 845 0.261000
3 846 0.257000
3 847 0.258400
3 848 0.260500
3 849 0.264500
3 850 0.253400
3 851 0.260400
3 852 0.257300
3 853 0.251300
3 854 0.259600
3 855 0.260300
3 856 0.257300
3 857 0.261300
3 858 0.253500
3 859 0.250700
3 860 0.263800
3 861 0.266600
3 862 0.261000
3 863 0.259300
3 864 0.267100
3 865 0.262400
3 866 0.262000
3 867 0.262000
3 868 0.250000
3 869 0.262000
3 870 0.257700
3 871 0.261000
3 872 0.258600
3 873 0.258100
3 874 0.257200
3 875 0.262800
3 876 0.260300
3 877 0.263900
3 878 0.268100
3 879 0.263100
3 880 0.264300
3 881 0.263900
3 882 0.261600
3 883 0.253500
3 884 0.262000
3 885 0.266100
3 886 0.268500
3 887 0.268800
3 888 0.261300
3 889 0.256200
3 890 0.266100
3 891 0.260900
3 892 0.261100
3 893 0.258900
3 894 0.251600
3 895 0.252500
3 896 0.251100
3 897 0.255100
3 898 0.253400
3 899 0.263500
3 900 0.260900
3 901 0.264200
3 902 0.260800
3 903 0.259300
3 904 0.263300
3 905 0.260600
3 906 0.272600
3 907 0.266500
3 908 0.270700
3 909 0.264700
3 910 0.269900
3 911 0.260900
3 912 0.258600
3 913 0.265300
3 914 0.266100
3 915 0.259000
3 916 0.259100
3 917 0.255800
3 918 0.258900
3 919 0.257300
3 920 0.264000
3 921 0.261400
3 922 0.252400
3 923 0.254600
3 924 0.256300
3 925 0.260200
3 926 0.260900
3 927 0.255600
3 928 0.252700
3 929 0.253700
3 930 0.256100
3 931 0.258900
3 932 0.255800
3 933 0.257300
3 934 0.260100
3 935 0.258800
3 936 0.264200
3 937 0.262400
3 938 0.259200
3 939 0.256100
3 940 0.260800
3 941 0.261300
3 942 0.253000
3 943 0.266500
3 944 0.267400
3 945 0.261700
3 946 0.256900
3 947 0.259900
3 948 0.263600
3 949 0.252000
3 950 0.251600
3 951 0.264000
3 952 0.259600
3 953 0.256000
3 954 0.260000
3 955 0.266200
3 956 0.262400
3 957 0.259700
3 958 0.258600
3 959 0.260600
3 960 0.263500
3 961 0.267400
3 962 0.263100
3 963 0.258400
3 964 0.250700
3 965 0.259800
3 966 0.254100
3 967 0.251400
3 968 0.254800
3 969 0.258000
3 970 0.266800
3 971 0.263400
3 972 0.263500
3 973 0.260600
3 974 0.257000
3 975 0.261700
3 976 0.260100
3 977 0.263000
3 978 0.262700
3 979 0.260200
3 980 0.256800
3 981 0.257700
3 982 0.264900
3 983 0.261300
3 984 0.261300
3 985 0.256000
3 986 0.259000
3 987 0.267000
3 988 0.261900
3 989 0.259800
3 990 0.251400
3 991 0.257200
3 992 0.252700
3 993 0.254700
3 994 0.260600
3 995 0.262000
3 996 0.257300
3 997 0.268000
3 998 0.269100
3 999 0.256900
3 1000 0.253400
