1 0.500000
2 0.335938
3 0.279510
4 0.260071
5 0.253417
6 0.251154
7 0.250389
8 0.250130
9 0.250044
10 0.250015
11 0.250005
12 0.250002
13 0.250001
14 0.250000
15 0.250000
16 0.250000
17 0.250000
18 0.250000
19 0.250000
20 0.250000
21 0.250000
22 0.250000
23 0.250000
24 0.250000
25 0.250000
26 0.250000
27 0.250000
28 0.250000
29 0.250000
30 0.250000
31 0.250000
32 0.250000
33 0.250000
34 0.250000
35 0.250000
36 0.250000
37 0.250000
38 0.250000
39 0.250000
40 0.250000
41 0.250000
42 0.250000
43 0.250000
44 0.250000
45 0.250000
46 0.250000
47 0.250000
48 0.250000
49 0.250000
50 0.250000
51 0.250000
52 0.250000
53 0.250000
54 0.250000
55 0.250000
56 0.250000
57 0.250000
58 0.250000
59 0.250000
60 0.250000
61 0.250000
62 0.250000
63 0.250000
64 0.250000
65 0.250000
66 0.250000
67 0.250000
68 0.250000
69 0.250000
70 0.250000
71 0.250000
72 0.250000
73 0.250000
74 0.250000
75 0.250000
76 0.250000
77 0.250000
78 0.250000
79 0.250000
80 0.250000
81 0.250000
82 0.250000
83 0.250000
84 0.250000
85 0.250000
86 0.250000
87 0.250000
88 0.250000
89 0.250000
90 0.250000
91 0.250000
92 0.250000
93 0.250000
94 0.250000
95 0.250000
96 0.250000
97 0.250000
98 0.250000
99 0.250000
100 0.250000
101 0.250000
102 0.250000
103 0.250000
104 0.250000
105 0.250000
106 0.250000
107 0.250000
108 0.250000
109 0.250000
110 0.250000
111 0.250000
112 0.250000
113 0.250000
114 0.250000
115 0.250000
116 0.250000
117 0.250000
118 0.250000
119 0.250000
120 0.250000
121 0.250000
122 0.250000
123 0.250000
124 0.250000
125 0.250000
126 0.250000
127 0.250000
128 0.250000
129 0.250000
130 0.250000
131 0.250000
132 0.250000
133 0.250000
134 0.250000
135 0.250000
136 0.250000
137 0.250000
138 0.250000
139 0.250000
140 0.250000
141 0.250000
142 0.250000
143 0.250000
144 0.250000
145 0.250000
146 0.250000
147 0.250000
148 0.250000
149 0.250000
150 0.250000
151 0.250000
152 0.250000
153 0.250000
154 0.250000
155 0.250000
156 0.250000
157 0.250000
158 0.250000
159 0.250000
160 0.250000
161 0.250000
162 0.250000
163 0.250000
164 0.250000
165 0.250000
166 0.250000
167 0.250000
168 0.250000
169 0.250000
170 0.250000
171 0.250000
172 0.250000
173 0.250000
174 0.250000
175 0.250000
176 0.250000
177 0.250000
178 0.250000
179 0.250000
180 0.250000
181 0.250000
182 0.250000
183 0.250000
184 0.250000
185 0.250000
186 0.250000
187 0.250000
188 0.250000
189 0.250000
190 0.250000
191 0.250000
192 0.250000
193 0.250000
194 0.250000
195 0.250000
196 0.250000
197 0.250000
198 0.250000
199 0.250000
200 0.250000
201 0.250000
202 0.250000
203 0.250000
204 0.250000
205 0.250000
206 0.250000
207 0.250000
208 0.250000
209 0.250000
210 0.250000
211 0.250000
212 0.250000
213 0.250000
214 0.250000
215 0.250000
216 0.250000
217 0.250000
218 0.250000
219 0.250000
220 0.250000
221 0.250000
222 0.250000
223 0.250000
224 0.250000
225 0.250000
226 0.250000
227 0.250000
228 0.250000
229 0.250000
230 0.250000
231 0.250000
232 0.250000
233 0.250000
234 0.250000
235 0.250000
236 0.250000
237 0.250000
238 0.250000
239 0.250000
240 0.250000
241 0.250000
242 0.250000
243 0.250000
244 0.250000
245 0.250000
246 0.250000
247 0.250000
248 0.250000
249 0.250000
250 0.250000
251 0.250000
252 0.250000
253 0.250000
254 0.250000
255 0.250000
256 0.250000
257 0.250000
258 0.250000
259 0.250000
260 0.250000
261 0.250000
262 0.250000
263 0.250000
264 0.250000
265 0.250000
266 0.250000
267 0.250000
268 0.250000
269 0.250000
270 0.250000
271 0.250000
272 0.250000
273 0.250000
274 0.250000
275 0.250000
276 0.250000
277 0.250000
278 0.250000
279 0.250000
280 0.250000
281 0.250000
282 0.250000
283 0.250000
284 0.250000
285 0.250000
286 0.250000
287 0.250000
288 0.250000
289 0.250000
290 0.250000
291 0.250000
292 0.250000
293 0.250000
294 0.250000
295 0.250000
296 0.250000
297 0.250000
298 0.250000
299 0.250000
300 0.250000
301 0.250000
302 0.250000
303 0.250000
304 0.250000
305 0.250000
306 0.250000
307 0.250000
308 0.250000
309 0.250000
310 0.250000
311 0.250000
312 0.250000
313 0.250000
314 0.250000
315 0.250000
316 0.250000
317 0.250000
318 0.250000
319 0.250000
320 0.250000
321 0.250000
322 0.250000
323 0.250000
324 0.250000
325 0.250000
326 0.250000
327 0.250000
328 0.250000
329 0.250000
330 0.250000
331 0.250000
332 0.250000
333 0.250000
334 0.250000
335 0.250000
336 0.250000
337 0.250000
338 0.250000
339 0.250000
340 0.250000
341 0.250000
342 0.250000
343 0.250000
344 0.250000
345 0.250000
346 0.250000
347 0.250000
348 0.250000
349 0.250000
350 0.250000
351 0.250000
352 0.250000
353 0.250000
354 0.250000
355 0.250000
356 0.250000
357 0.250000
358 0.250000
359 0.250000
360 0.250000
361 0.250000
362 0.250000
363 0.250000
364 0.250000
365 0.250000
366 0.250000
367 0.250000
368 0.250000
369 0.250000
370 0.250000
371 0.250000
372 0.250000
373 0.250000
374 0.250000
375 0.250000
376 0.250000
377 0.250000
378 0.250000
379 0.250000
380 0.250000
381 0.250000
382 0.250000
383 0.250000
384 0.250000
385 0.250000
386 0.250000
387 0.250000
388 0.250000
389 0.250000
390 0.250000
391 0.250000
392 0.250000
393 0.250000
394 0.250000
395 0.250000
396 0.250000
397 0.250000
398 0.250000
399 0.250000
400 0.250000
401 0.250000
402 0.250000
403 0.250000
404 0.250000
405 0.250000
406 0.250000
407 0.250000
408 0.250000
409 0.250000
410 0.250000
411 0.250000
412 0.250000
413 0.250000
414 0.250000
415 0.250000
416 0.250000
417 0.250000
418 0.250000
419 0.250000
420 0.250000
421 0.250000
422 0.250000
423 0.250000
424 0.250000
425 0.250000
426 0.250000
427 0.250000
428 0.250000
429 0.250000
430 0.250000
431 0.250000
432 0.250000
433 0.250000
434 0.250000
435 0.250000
436 0.250000
437 0.250000
438 0.250000
439 0.250000
440 0.250000
441 0.250000
442 0.250000
443 0.250000
444 0.250000
445 0.250000
446 0.250000
447 0.250000
448 0.250000
449 0.250000
450 0.250000
451 0.250000
452 0.250000
453 0.250000
454 0.250000
455 0.250000
456 0.250000
457 0.250000
458 0.250000
459 0.250000
460 0.250000
461 0.250000
462 0.250000
463 0.250000
464 0.250000
465 0.250000
466 0.250000
467 0.250000
468 0.250000
469 0.250000
470 0.250000
471 0.250000
472 0.250000
473 0.250000
474 0.250000
475 0.250000
476 0.250000
477 0.250000
478 0.250000
479 0.250000
480 0.250000
481 0.250000
482 0.250000
483 0.250000
484 0.250000
485 0.250000
486 0.250000
487 0.250000
488 0.250000
489 0.250000
490 0.250000
491 0.250000
492 0.250000
493 0.250000
494 0.250000
495 0.250000
496 0.250000
497 0.250000
498 0.250000
499 0.250000
500 0.250000
501 0.250000
502 0.250000
503 0.250000
504 0.250000
505 0.250000
506 0.250000
507 0.250000
508 0.250000
509 0.250000
510 0.250000
511 0.250000
512 0.250000
513 0.250000
514 0.250000
515 0.250000
516 0.250000
517 0.250000
518 0.250000
519 0.250000
520 0.250000
521 0.250000
522 0.250000
523 0.250000
524 0.250000
525 0.250000
526 0.250000
527 0.250000
528 0.250000
529 0.250000
530 0.250000
531 0.250000
532 0.250000
533 0.250000
534 0.250000
535 0.250000
536 0.250000
537 0.250000
538 0.250000
539 0.250000
540 0.250000
541 0.250000
542 0.250000
543 0.250000
544 0.250000
545 0.250000
546 0.250000
547 0.250000
548 0.250000
549 0.250000
550 0.250000
551 0.250000
552 0.250000
553 0.250000
554 0.250000
555 0.250000
556 0.250000
557 0.250000
558 0.250000
559 0.250000
560 0.250000
561 0.250000
562 0.250000
563 0.250000
564 0.250000
565 0.250000
566 0.250000
567 0.250000
568 0.250000
569 0.250000
570 0.250000
571 0.250000
572 0.250000
573 0.250000
574 0.250000
575 0.250000
576 0.250000
577 0.250000
578 0.250000
579 0.250000
580 0.250000
581 0.250000
582 0.250000
583 0.250000
584 0.250000
585 0.250000
586 0.250000
587 0.250000
588 0.250000
589 0.250000
590 0.250000
591 0.250000
592 0.250000
593 0.250000
594 0.250000
595 0.250000
596 0.250000
597 0.250000
598 0.250000
599 0.250000
600 0.250000
601 0.250000
602 0.250000
603 0.250000
604 0.250000
605 0.250000
606 0.250000
607 0.250000
608 0.250000
609 0.250000
610 0.250000
611 0.250000
612 0.250000
613 0.250000
614 0.250000
615 0.250000
616 0.250000
617 0.250000
618 0.250000
619 0.250000
620 0.250000
621 0.250000
622 0.250000
623 0.250000
624 0.250000
625 0.250000
626 0.250000
627 0.250000
628 0.250000
629 0.250000
630 0.250000
631 0.250000
632 0.250000
633 0.250000
634 0.250000
635 0.250000
636 0.250000
637 0.250000
638 0.250000
639 0.250000
640 0.250000
641 0.250000
642 0.250000
643 0.250000
644 0.250000
645 0.250000
646 0.250000
647 0.250000
648 0.250000
649 0.250000
650 0.250000
651 0.250000
652 0.250000
653 0.250000
654 0.250000
655 0.250000
656 0.250000
657 0.250000
658 0.250000
659 0.250000
660 0.250000
661 0.250000
662 0.250000
663 0.250000
664 0.250000
665 0.250000
666 0.250000
667 0.250000
668 0.250000
669 0.250000
670 0.250000
671 0.250000
672 0.250000
673 0.250000
674 0.250000
675 0.250000
676 0.250000
677 0.250000
678 0.250000
679 0.250000
680 0.250000
681 0.250000
682 0.250000
683 0.250000
684 0.250000
685 0.250000
686 0.250000
687 0.250000
688 0.250000
689 0.250000
690 0.250000
691 0.250000
692 0.250000
693 0.250000
694 0.250000
695 0.250000
696 0.250000
697 0.250000
698 0.250000
699 0.250000
700 0.250000
701 0.250000
702 0.250000
703 0.250000
704 0.250000
705 0.250000
706 0.250000
707 0.250000
708 0.250000
709 0.250000
710 0.250000
711 0.250000
712 0.250000
713 0.250000
714 0.250000
715 0.250000
716 0.250000
717 0.250000
718 0.250000
719 0.250000
720 0.250000
721 0.250000
722 0.250000
723 0.250000
724 0.250000
725 0.250000
726 0.250000
727 0.250000
728 0.250000
729 0.250000
730 0.250000
731 0.250000
732 0.250000
733 0.250000
734 0.250000
735 0.250000
736 0.250000
737 0.250000
738 0.250000
739 0.250000
740 0.250000
741 0.250000
742 0.250000
743 0.250000
744 0.250000
745 0.250000
746 0.250000
747 0.250000
748 0.250000
749 0.250000
750 0.250000
751 0.250000
752 0.250000
753 0.250000
754 0.250000
755 0.250000
756 0.250000
757 0.250000
758 0.250000
759 0.250000
760 0.250000
761 0.250000
762 0.250000
763 0.250000
764 0.250000
765 0.250000
766 0.250000
767 0.250000
768 0.250000
769 0.250000
770 0.250000
771 0.250000
772 0.250000
773 0.250000
774 0.250000
775 0.250000
776 0.250000
777 0.250000
778 0.250000
779 0.250000
780 0.250000
781 0.250000
782 0.250000
783 0.250000
784 0.250000
785 0.250000
786 0.250000
787 0.250000
788 0.250000
789 0.250000
790 0.250000
791 0.250000
792 0.250000
793 0.250000
794 0.250000
795 0.250000
796 0.250000
797 0.250000
798 0.250000
799 0.250000
800 0.250000
801 0.250000
802 0.250000
803 0.250000
804 0.250000
805 0.250000
806 0.250000
807 0.250000
808 0.250000
809 0.250000
810 0.250000
811 0.250000
812 0.250000
813 0.250000
814 0.250000
815 0.250000
816 0.250000
817 0.250000
818 0.250000
819 0.250000
820 0.250000
821 0.250000
822 0.250000
823 0.250000
824 0.250000
825 0.250000
826 0.250000
827 0.250000
828 0.250000
829 0.250000
830 0.250000
831 0.250000
832 0.250000
833 0.250000
834 0.250000
835 0.250000
836 0.250000
837 0.250000
838 0.250000
839 0.250000
840 0.250000
841 0.250000
842 0.250000
843 0.250000
844 0.250000
845 0.250000
846 0.250000
847 0.250000
848 0.250000
849 0.250000
850 0.250000
851 0.250000
852 0.250000
853 0.250000
854 0.250000
855 0.250000
856 0.250000
857 0.250000
858 0.250000
859 0.250000
860 0.250000
861 0.250000
862 0.250000
863 0.250000
864 0.250000
865 0.250000
866 0.250000
867 0.250000
868 0.250000
869 0.250000
870 0.250000
871 0.250000
872 0.250000
873 0.250000
874 0.250000
875 0.250000
876 0.250000
877 0.250000
878 0.250000
879 0.250000
880 0.250000
881 0.250000
882 0.250000
883 0.250000
884 0.250000
885 0.250000
886 0.250000
887 0.250000
888 0.250000
889 0.250000
890 0.250000
891 0.250000
892 0.250000
893 0.250000
894 0.250000
895 0.250000
896 0.250000
897 0.250000
898 0.250000
899 0.250000
900 0.250000
901 0.250000
902 0.250000
903 0.250000
904 0.250000
905 0.250000
906 0.250000
907 0.250000
908 0.250000
909 0.250000
910 0.250000
911 0.250000
912 0.250000
913 0.250000
914 0.250000
915 0.250000
916 0.250000
917 0.250000
918 0.250000
919 0.250000
920 0.250000
921 0.250000
922 0.250000
923 0.250000
924 0.250000
925 0.250000
926 0.250000
927 0.250000
928 0.250000
929 0.250000
930 0.250000
931 0.250000
932 0.250000
933 0.250000
934 0.250000
935 0.250000
936 0.250000
937 0.250000
938 0.250000
939 0.250000
940 0.250000
941 0.250000
942 0.250000
943 0.250000
944 0.250000
945 0.250000
946 0.250000
947 0.250000
948 0.250000
949 0.250000
950 0.250000
951 0.250000
952 0.250000
953 0.250000
954 0.250000
955 0.250000
956 0.250000
957 0.250000
958 0.250000
959 0.250000
960 0.250000
961 0.250000
962 0.250000
963 0.250000
964 0.250000
965 0.250000
966 0.250000
967 0.250000
968 0.250000
969 0.250000
970 0.250000
971 0.250000
972 0.250000
973 0.250000
974 0.250000
975 0.250000
976 0.250000
977 0.250000
978 0.250000
979 0.250000
980 0.250000
981 0.250000
982 0.250000
983 0.250000
984 0.250000
985 0.250000
986 0.250000
987 0.250000
988 0.250000
989 0.250000
990 0.250000
991 0.250000
992 0.250000
993 0.250000
994 0.250000
995 0.250000
996 0.250000
997 0.250000
998 0.250000
999 0.250000
