A 1 0.034716
A 2 0.057538
A 3 0.049397
A 4 0.048386
A 5 0.047813
A 6 0.047808
A 7 0.047689
A 8 0.047542
A 9 0.047785
A 10 0.047595
A 11 0.047468
A 12 0.047623
A 13 0.047619
A 14 0.047544
A 15 0.047673
A 16 0.047600
A 17 0.048028
A 18 0.048248
A 19 0.049596
A 20 0.057302
A 21 0.035030
B 1 0.035053
B 2 0.057472
B 3 0.049177
B 4 0.048239
B 5 0.047859
B 6 0.047800
B 7 0.047617
B 8 0.047630
B 9 0.047628
B 10 0.047501
B 11 0.047763
B 12 0.047728
B 13 0.047624
B 14 0.047687
B 15 0.047540
B 16 0.047835
B 17 0.047817
B 18 0.048287
B 19 0.049300
B 20 0.057513
B 21 0.034933
