A 1 0.038108
A 2 0.063942
A 3 0.054502
A 4 0.053517
A 5 0.052941
A 6 0.052840
A 7 0.052808
A 8 0.052490
A 9 0.052569
A 10 0.052603
A 11 0.052540
A 12 0.052461
A 13 0.052669
A 14 0.052822
A 15 0.052957
A 16 0.053419
A 17 0.054642
A 18 0.063795
A 19 0.038374
B 1 0.038414
B 2 0.063750
B 3 0.054393
B 4 0.053387
B 5 0.053065
B 6 0.052701
B 7 0.052406
B 8 0.052771
B 9 0.052663
B 10 0.052711
B 11 0.052622
B 12 0.052700
B 13 0.052424
B 14 0.052900
B 15 0.052771
B 16 0.053693
B 17 0.054659
B 18 0.063751
B 19 0.038219
