A 1 0.033573
A 2 0.054773
A 3 0.046922
A 4 0.046190
A 5 0.045554
A 6 0.045474
A 7 0.045411
A 8 0.045487
A 9 0.045578
A 10 0.045286
A 11 0.045630
A 12 0.045077
A 13 0.045785
A 14 0.045360
A 15 0.045378
A 16 0.045481
A 17 0.045791
A 18 0.045595
A 19 0.046286
A 20 0.047083
A 21 0.054821
A 22 0.033467
B 1 0.033465
B 2 0.054735
B 3 0.047268
B 4 0.045897
B 5 0.045799
B 6 0.045509
B 7 0.045485
B 8 0.045526
B 9 0.045355
B 10 0.045499
B 11 0.045317
B 12 0.045583
B 13 0.045149
B 14 0.045742
B 15 0.045370
B 16 0.045468
B 17 0.045555
B 18 0.045704
B 19 0.046362
B 20 0.046818
B 21 0.054914
B 22 0.033480
