A 1 0.030975
A 2 0.050022
A 3 0.042984
A 4 0.042346
A 5 0.041966
A 6 0.041574
A 7 0.041828
A 8 0.041566
A 9 0.041569
A 10 0.041619
A 11 0.041829
A 12 0.041511
A 13 0.041578
A 14 0.041678
A 15 0.041786
A 16 0.041562
A 17 0.041603
A 18 0.041664
A 19 0.041750
A 20 0.041905
A 21 0.042368
A 22 0.043258
A 23 0.050035
A 24 0.031023
B 1 0.030957
B 2 0.050112
B 3 0.043276
B 4 0.042109
B 5 0.041852
B 6 0.041771
B 7 0.041628
B 8 0.041644
B 9 0.041662
B 10 0.041749
B 11 0.041576
B 12 0.041739
B 13 0.041724
B 14 0.041571
B 15 0.041475
B 16 0.041650
B 17 0.041776
B 18 0.041603
B 19 0.041570
B 20 0.042011
B 21 0.042237
B 22 0.043202
B 23 0.050049
B 24 0.031053
