A 1 0.036445
A 2 0.060655
A 3 0.051675
A 4 0.050918
A 5 0.050100
A 6 0.050214
A 7 0.049711
A 8 0.050235
A 9 0.050198
A 10 0.049845
A 11 0.049952
A 12 0.049930
A 13 0.049960
A 14 0.050070
A 15 0.050158
A 16 0.050323
A 17 0.050977
A 18 0.051825
A 19 0.060292
A 20 0.036514
B 1 0.036378
B 2 0.060355
B 3 0.051861
B 4 0.050713
B 5 0.050550
B 6 0.049968
B 7 0.050218
B 8 0.049883
B 9 0.049775
B 10 0.049899
B 11 0.049978
B 12 0.050046
B 13 0.050152
B 14 0.049976
B 15 0.050196
B 16 0.050319
B 17 0.050638
B 18 0.051842
B 19 0.060626
B 20 0.036628
