A 1 0.032244
A 2 0.052145
A 3 0.044951
A 4 0.044161
A 5 0.043902
A 6 0.043564
A 7 0.043476
A 8 0.043553
A 9 0.043485
A 10 0.043432
A 11 0.043339
A 12 0.043548
A 13 0.043522
A 14 0.043431
A 15 0.043528
A 16 0.043303
A 17 0.043562
A 18 0.043600
A 19 0.043729
A 20 0.044143
A 21 0.045063
A 22 0.052358
A 23 0.031962
B 1 0.032030
B 2 0.052537
B 3 0.045022
B 4 0.044095
B 5 0.043573
B 6 0.043503
B 7 0.043499
B 8 0.043527
B 9 0.043477
B 10 0.043485
B 11 0.043494
B 12 0.043430
B 13 0.043524
B 14 0.043464
B 15 0.043469
B 16 0.043590
B 17 0.043455
B 18 0.043401
B 19 0.043718
B 20 0.044173
B 21 0.045008
B 22 0.052263
B 23 0.032261
