A 1 0.029825
A 2 0.048030
A 3 0.041457
A 4 0.040569
A 5 0.040153
A 6 0.040028
A 7 0.040074
A 8 0.039829
A 9 0.040057
A 10 0.039833
A 11 0.040103
A 12 0.040010
A 13 0.039931
A 14 0.039917
A 15 0.040134
A 16 0.040127
A 17 0.039807
A 18 0.039676
A 19 0.040087
A 20 0.040241
A 21 0.040219
A 22 0.040544
A 23 0.041398
A 24 0.047995
A 25 0.029956
B 1 0.029709
B 2 0.048043
B 3 0.041246
B 4 0.040624
B 5 0.040117
B 6 0.040159
B 7 0.039885
B 8 0.040106
B 9 0.039893
B 10 0.040114
B 11 0.039817
B 12 0.040025
B 13 0.040008
B 14 0.039942
B 15 0.040004
B 16 0.039971
B 17 0.039988
B 18 0.040059
B 19 0.040069
B 20 0.039899
B 21 0.040357
B 22 0.040655
B 23 0.041421
B 24 0.048047
B 25 0.029842
